"C:/Users/zinsk/Documents/GitHub/JV2B_Projet_Semestriel_4/PS4/Content/FirstPerson/Character/Mesh/SK_Mannequin_Arms_Skeleton.uasset" 0
"C:/Users/zinsk/Documents/GitHub/JV2B_Projet_Semestriel_4/PS4/Content/FirstPerson/Character/Mesh/SK_Mannequin_Arms_Skeleton.uexp" 1
"C:/Users/zinsk/Documents/GitHub/JV2B_Projet_Semestriel_4/PS4/Content/FirstPerson/Animations/FirstPerson_Fire.uasset" 2
"C:/Users/zinsk/Documents/GitHub/JV2B_Projet_Semestriel_4/PS4/Content/FirstPerson/Animations/FirstPerson_Fire.uexp" 3
"C:/Users/zinsk/Documents/GitHub/JV2B_Projet_Semestriel_4/PS4/Content/FirstPerson/Animations/FirstPersonFire_Montage.uasset" 4
"C:/Users/zinsk/Documents/GitHub/JV2B_Projet_Semestriel_4/PS4/Content/FirstPerson/Animations/FirstPersonFire_Montage.uexp" 5
"C:/Users/zinsk/Documents/GitHub/JV2B_Projet_Semestriel_4/PS4/Content/FirstPerson/Audio/FirstPersonTemplateWeaponFire02.uasset" 6
"C:/Users/zinsk/Documents/GitHub/JV2B_Projet_Semestriel_4/PS4/Content/FirstPerson/Audio/FirstPersonTemplateWeaponFire02.uexp" 7
"C:/Users/zinsk/Documents/GitHub/JV2B_Projet_Semestriel_4/PS4/Content/FirstPerson/Meshes/BaseMaterial.uasset" 8
"C:/Users/zinsk/Documents/GitHub/JV2B_Projet_Semestriel_4/PS4/Content/FirstPerson/Meshes/BaseMaterial.uexp" 9
"C:/Users/zinsk/Documents/GitHub/JV2B_Projet_Semestriel_4/PS4/Content/FirstPerson/Meshes/CubeMaterialOverride.uasset" 10
"C:/Users/zinsk/Documents/GitHub/JV2B_Projet_Semestriel_4/PS4/Content/FirstPerson/Meshes/CubeMaterialOverride.uexp" 11
"C:/Users/zinsk/Documents/GitHub/JV2B_Projet_Semestriel_4/PS4/Content/FirstPersonBP/Assets/battery-pack.uasset" 12
"C:/Users/zinsk/Documents/GitHub/JV2B_Projet_Semestriel_4/PS4/Content/FirstPersonBP/Assets/battery-pack.uexp" 13
"C:/Users/zinsk/Documents/GitHub/JV2B_Projet_Semestriel_4/PS4/Content/FirstPersonBP/Assets/battery-pack.ubulk" 14
"C:/Users/zinsk/Documents/GitHub/JV2B_Projet_Semestriel_4/PS4/Content/FirstPersonBP/Assets/battery-pack_Sprite.uasset" 15
"C:/Users/zinsk/Documents/GitHub/JV2B_Projet_Semestriel_4/PS4/Content/FirstPersonBP/Assets/battery-pack_Sprite.uexp" 16
"../../../Engine/Plugins/2D/Paper2D/Content/PlaceholderTextures/DummySpriteTexture.uasset" 17
"../../../Engine/Plugins/2D/Paper2D/Content/PlaceholderTextures/DummySpriteTexture.uexp" 18
"../../../Engine/Plugins/2D/Paper2D/Content/PlaceholderTextures/DummySpriteTexture.ubulk" 19
"../../../Engine/Plugins/2D/Paper2D/Content/DefaultSpriteMaterial.uasset" 20
"../../../Engine/Plugins/2D/Paper2D/Content/DefaultSpriteMaterial.uexp" 21
"../../../Engine/Plugins/2D/Paper2D/Content/TranslucentUnlitSpriteMaterial.uasset" 22
"../../../Engine/Plugins/2D/Paper2D/Content/TranslucentUnlitSpriteMaterial.uexp" 23
"C:/Users/zinsk/Documents/GitHub/JV2B_Projet_Semestriel_4/PS4/Content/FirstPersonBP/Assets/88-881767_edit-overlay-and-camera-image-nikon-d3000-price.uasset" 24
"C:/Users/zinsk/Documents/GitHub/JV2B_Projet_Semestriel_4/PS4/Content/FirstPersonBP/Assets/88-881767_edit-overlay-and-camera-image-nikon-d3000-price.uexp" 25
"C:/Users/zinsk/Documents/GitHub/JV2B_Projet_Semestriel_4/PS4/Content/FirstPersonBP/Assets/88-881767_edit-overlay-and-camera-image-nikon-d3000-price_Sprite.uasset" 26
"C:/Users/zinsk/Documents/GitHub/JV2B_Projet_Semestriel_4/PS4/Content/FirstPersonBP/Assets/88-881767_edit-overlay-and-camera-image-nikon-d3000-price_Sprite.uexp" 27
"C:/Users/zinsk/Documents/GitHub/JV2B_Projet_Semestriel_4/PS4/Content/FirstPersonBP/Blueprints/Widget/BPW_Camera.uasset" 28
"C:/Users/zinsk/Documents/GitHub/JV2B_Projet_Semestriel_4/PS4/Content/FirstPersonBP/Blueprints/Widget/BPW_Camera.uexp" 29
"C:/Users/zinsk/Documents/GitHub/JV2B_Projet_Semestriel_4/PS4/Content/FirstPersonBP/Blueprints/Character/BP_MyCameraShake.uasset" 30
"C:/Users/zinsk/Documents/GitHub/JV2B_Projet_Semestriel_4/PS4/Content/FirstPersonBP/Blueprints/Character/BP_MyCameraShake.uexp" 31
"C:/Users/zinsk/Documents/GitHub/JV2B_Projet_Semestriel_4/PS4/Content/FirstPersonBP/Blueprints/Manager/BP_PC_MainPlayerController.uasset" 32
"C:/Users/zinsk/Documents/GitHub/JV2B_Projet_Semestriel_4/PS4/Content/FirstPersonBP/Blueprints/Manager/BP_PC_MainPlayerController.uexp" 33
"C:/Users/zinsk/Documents/GitHub/JV2B_Projet_Semestriel_4/PS4/Content/FirstPersonBP/Blueprints/BPFL_CallPlayerController.uasset" 34
"C:/Users/zinsk/Documents/GitHub/JV2B_Projet_Semestriel_4/PS4/Content/FirstPersonBP/Blueprints/BPFL_CallPlayerController.uexp" 35
"C:/Users/zinsk/Documents/GitHub/JV2B_Projet_Semestriel_4/PS4/Content/FirstPersonBP/Assets/SpotLight_Blueprint.uasset" 36
"C:/Users/zinsk/Documents/GitHub/JV2B_Projet_Semestriel_4/PS4/Content/FirstPersonBP/Assets/SpotLight_Blueprint.uexp" 37
"../../../Engine/Content/EditorBlueprintResources/StandardMacros.uasset" 38
"../../../Engine/Content/EditorBlueprintResources/StandardMacros.uexp" 39
"C:/Users/zinsk/Documents/GitHub/JV2B_Projet_Semestriel_4/PS4/Content/FirstPersonBP/Blueprints/Widget/BP_CameraManager.uasset" 40
"C:/Users/zinsk/Documents/GitHub/JV2B_Projet_Semestriel_4/PS4/Content/FirstPersonBP/Blueprints/Widget/BP_CameraManager.uexp" 41
"C:/Users/zinsk/Documents/GitHub/JV2B_Projet_Semestriel_4/PS4/Content/FirstPersonBP/Assets/BPC_Spotlight.uasset" 42
"C:/Users/zinsk/Documents/GitHub/JV2B_Projet_Semestriel_4/PS4/Content/FirstPersonBP/Assets/BPC_Spotlight.uexp" 43
"C:/Users/zinsk/Documents/GitHub/JV2B_Projet_Semestriel_4/PS4/Content/FirstPerson/Character/Mesh/SK_Mannequin_Arms_PhysicsAsset.uasset" 44
"C:/Users/zinsk/Documents/GitHub/JV2B_Projet_Semestriel_4/PS4/Content/FirstPerson/Character/Mesh/SK_Mannequin_Arms_PhysicsAsset.uexp" 45
"C:/Users/zinsk/Documents/GitHub/JV2B_Projet_Semestriel_4/PS4/Content/FirstPerson/Character/Textures/UE4_Mannequin_MAT_MASKA.uasset" 46
"C:/Users/zinsk/Documents/GitHub/JV2B_Projet_Semestriel_4/PS4/Content/FirstPerson/Character/Textures/UE4_Mannequin_MAT_MASKA.uexp" 47
"C:/Users/zinsk/Documents/GitHub/JV2B_Projet_Semestriel_4/PS4/Content/FirstPerson/Character/Textures/UE4_Mannequin_MAT_MASKA.ubulk" 48
"C:/Users/zinsk/Documents/GitHub/JV2B_Projet_Semestriel_4/PS4/Content/FirstPerson/Character/Textures/UE4_Mannequin__normals.uasset" 49
"C:/Users/zinsk/Documents/GitHub/JV2B_Projet_Semestriel_4/PS4/Content/FirstPerson/Character/Textures/UE4_Mannequin__normals.uexp" 50
"C:/Users/zinsk/Documents/GitHub/JV2B_Projet_Semestriel_4/PS4/Content/FirstPerson/Character/Textures/UE4_Mannequin__normals.ubulk" 51
"C:/Users/zinsk/Documents/GitHub/JV2B_Projet_Semestriel_4/PS4/Content/FirstPerson/Character/Materials/MaterialLayers/T_ML_Aluminum01_N.uasset" 52
"C:/Users/zinsk/Documents/GitHub/JV2B_Projet_Semestriel_4/PS4/Content/FirstPerson/Character/Materials/MaterialLayers/T_ML_Aluminum01_N.uexp" 53
"C:/Users/zinsk/Documents/GitHub/JV2B_Projet_Semestriel_4/PS4/Content/FirstPerson/Character/Materials/MaterialLayers/T_ML_Aluminum01_N.ubulk" 54
"C:/Users/zinsk/Documents/GitHub/JV2B_Projet_Semestriel_4/PS4/Content/FirstPerson/Character/Materials/MaterialLayers/T_ML_Aluminum01.uasset" 55
"C:/Users/zinsk/Documents/GitHub/JV2B_Projet_Semestriel_4/PS4/Content/FirstPerson/Character/Materials/MaterialLayers/T_ML_Aluminum01.uexp" 56
"C:/Users/zinsk/Documents/GitHub/JV2B_Projet_Semestriel_4/PS4/Content/FirstPerson/Character/Materials/MaterialLayers/T_ML_Aluminum01.ubulk" 57
"C:/Users/zinsk/Documents/GitHub/JV2B_Projet_Semestriel_4/PS4/Content/FirstPerson/Character/Materials/MaterialLayers/ML_SoftMetal_UE4.uasset" 58
"C:/Users/zinsk/Documents/GitHub/JV2B_Projet_Semestriel_4/PS4/Content/FirstPerson/Character/Materials/MaterialLayers/ML_SoftMetal_UE4.uexp" 59
"C:/Users/zinsk/Documents/GitHub/JV2B_Projet_Semestriel_4/PS4/Content/FirstPerson/Character/Textures/UE4_LOGO_CARD.uasset" 60
"C:/Users/zinsk/Documents/GitHub/JV2B_Projet_Semestriel_4/PS4/Content/FirstPerson/Character/Textures/UE4_LOGO_CARD.uexp" 61
"C:/Users/zinsk/Documents/GitHub/JV2B_Projet_Semestriel_4/PS4/Content/FirstPerson/Character/Textures/UE4_LOGO_CARD.ubulk" 62
"C:/Users/zinsk/Documents/GitHub/JV2B_Projet_Semestriel_4/PS4/Content/FirstPerson/Character/Materials/MaterialLayers/ML_Plastic_Shiny_Beige_LOGO.uasset" 63
"C:/Users/zinsk/Documents/GitHub/JV2B_Projet_Semestriel_4/PS4/Content/FirstPerson/Character/Materials/MaterialLayers/ML_Plastic_Shiny_Beige_LOGO.uexp" 64
"C:/Users/zinsk/Documents/GitHub/JV2B_Projet_Semestriel_4/PS4/Content/FirstPerson/Character/Materials/MaterialLayers/ML_Plastic_Shiny_Beige.uasset" 65
"C:/Users/zinsk/Documents/GitHub/JV2B_Projet_Semestriel_4/PS4/Content/FirstPerson/Character/Materials/MaterialLayers/ML_Plastic_Shiny_Beige.uexp" 66
"C:/Users/zinsk/Documents/GitHub/JV2B_Projet_Semestriel_4/PS4/Content/FirstPerson/Character/Materials/MaterialLayers/T_ML_Rubber_Blue_01_N.uasset" 67
"C:/Users/zinsk/Documents/GitHub/JV2B_Projet_Semestriel_4/PS4/Content/FirstPerson/Character/Materials/MaterialLayers/T_ML_Rubber_Blue_01_N.uexp" 68
"C:/Users/zinsk/Documents/GitHub/JV2B_Projet_Semestriel_4/PS4/Content/FirstPerson/Character/Materials/MaterialLayers/T_ML_Rubber_Blue_01_N.ubulk" 69
"C:/Users/zinsk/Documents/GitHub/JV2B_Projet_Semestriel_4/PS4/Content/FirstPerson/Character/Materials/MaterialLayers/T_ML_Rubber_Blue_01_D.uasset" 70
"C:/Users/zinsk/Documents/GitHub/JV2B_Projet_Semestriel_4/PS4/Content/FirstPerson/Character/Materials/MaterialLayers/T_ML_Rubber_Blue_01_D.uexp" 71
"C:/Users/zinsk/Documents/GitHub/JV2B_Projet_Semestriel_4/PS4/Content/FirstPerson/Character/Materials/MaterialLayers/T_ML_Rubber_Blue_01_D.ubulk" 72
"C:/Users/zinsk/Documents/GitHub/JV2B_Projet_Semestriel_4/PS4/Content/FirstPerson/Character/Materials/MaterialLayers/ML_GlossyBlack_Latex_UE4.uasset" 73
"C:/Users/zinsk/Documents/GitHub/JV2B_Projet_Semestriel_4/PS4/Content/FirstPerson/Character/Materials/MaterialLayers/ML_GlossyBlack_Latex_UE4.uexp" 74
"../../../Engine/Content/Functions/MaterialLayerFunctions/MatLayerBlend_Simple.uasset" 75
"../../../Engine/Content/Functions/MaterialLayerFunctions/MatLayerBlend_Simple.uexp" 76
"../../../Engine/Content/Functions/Engine_MaterialFunctions02/Utility/BlendAngleCorrectedNormals.uasset" 77
"../../../Engine/Content/Functions/Engine_MaterialFunctions02/Utility/BlendAngleCorrectedNormals.uexp" 78
"../../../Engine/Content/Functions/MaterialLayerFunctions/MatLayerBlend_NormalBlend.uasset" 79
"../../../Engine/Content/Functions/MaterialLayerFunctions/MatLayerBlend_NormalBlend.uexp" 80
"C:/Users/zinsk/Documents/GitHub/JV2B_Projet_Semestriel_4/PS4/Content/FirstPerson/Character/Materials/M_UE4Man_Body.uasset" 81
"C:/Users/zinsk/Documents/GitHub/JV2B_Projet_Semestriel_4/PS4/Content/FirstPerson/Character/Materials/M_UE4Man_Body.uexp" 82
"C:/Users/zinsk/Documents/GitHub/JV2B_Projet_Semestriel_4/PS4/Content/FirstPerson/Character/Mesh/SK_Mannequin_Arms.uasset" 83
"C:/Users/zinsk/Documents/GitHub/JV2B_Projet_Semestriel_4/PS4/Content/FirstPerson/Character/Mesh/SK_Mannequin_Arms.uexp" 84
"C:/Users/zinsk/Documents/GitHub/JV2B_Projet_Semestriel_4/PS4/Content/FirstPerson/Animations/FirstPerson_Run.uasset" 85
"C:/Users/zinsk/Documents/GitHub/JV2B_Projet_Semestriel_4/PS4/Content/FirstPerson/Animations/FirstPerson_Run.uexp" 86
"C:/Users/zinsk/Documents/GitHub/JV2B_Projet_Semestriel_4/PS4/Content/FirstPerson/Animations/FirstPerson_JumpStart.uasset" 87
"C:/Users/zinsk/Documents/GitHub/JV2B_Projet_Semestriel_4/PS4/Content/FirstPerson/Animations/FirstPerson_JumpStart.uexp" 88
"C:/Users/zinsk/Documents/GitHub/JV2B_Projet_Semestriel_4/PS4/Content/FirstPerson/Animations/FirstPerson_JumpLoop.uasset" 89
"C:/Users/zinsk/Documents/GitHub/JV2B_Projet_Semestriel_4/PS4/Content/FirstPerson/Animations/FirstPerson_JumpLoop.uexp" 90
"C:/Users/zinsk/Documents/GitHub/JV2B_Projet_Semestriel_4/PS4/Content/FirstPerson/Animations/FirstPerson_JumpEnd.uasset" 91
"C:/Users/zinsk/Documents/GitHub/JV2B_Projet_Semestriel_4/PS4/Content/FirstPerson/Animations/FirstPerson_JumpEnd.uexp" 92
"C:/Users/zinsk/Documents/GitHub/JV2B_Projet_Semestriel_4/PS4/Content/FirstPerson/Animations/FirstPerson_Idle.uasset" 93
"C:/Users/zinsk/Documents/GitHub/JV2B_Projet_Semestriel_4/PS4/Content/FirstPerson/Animations/FirstPerson_Idle.uexp" 94
"C:/Users/zinsk/Documents/GitHub/JV2B_Projet_Semestriel_4/PS4/Content/FirstPerson/Animations/FirstPerson_AnimBP.uasset" 95
"C:/Users/zinsk/Documents/GitHub/JV2B_Projet_Semestriel_4/PS4/Content/FirstPerson/Animations/FirstPerson_AnimBP.uexp" 96
"C:/Users/zinsk/Documents/GitHub/JV2B_Projet_Semestriel_4/PS4/Content/FirstPersonBP/Blueprints/Character/BP_PersoPrincipal.uasset" 97
"C:/Users/zinsk/Documents/GitHub/JV2B_Projet_Semestriel_4/PS4/Content/FirstPersonBP/Blueprints/Character/BP_PersoPrincipal.uexp" 98
"C:/Users/zinsk/Documents/GitHub/JV2B_Projet_Semestriel_4/PS4/Content/FirstPerson/Textures/FirstPersonCrosshair.uasset" 99
"C:/Users/zinsk/Documents/GitHub/JV2B_Projet_Semestriel_4/PS4/Content/FirstPerson/Textures/FirstPersonCrosshair.uexp" 100
"C:/Users/zinsk/Documents/GitHub/JV2B_Projet_Semestriel_4/PS4/Content/FirstPersonBP/Blueprints/Character/FirstPersonHUD.uasset" 101
"C:/Users/zinsk/Documents/GitHub/JV2B_Projet_Semestriel_4/PS4/Content/FirstPersonBP/Blueprints/Character/FirstPersonHUD.uexp" 102
"C:/Users/zinsk/Documents/GitHub/JV2B_Projet_Semestriel_4/PS4/Content/FirstPersonBP/Blueprints/Character/FirstPersonGameMode.uasset" 103
"C:/Users/zinsk/Documents/GitHub/JV2B_Projet_Semestriel_4/PS4/Content/FirstPersonBP/Blueprints/Character/FirstPersonGameMode.uexp" 104
"C:/Users/zinsk/Documents/GitHub/JV2B_Projet_Semestriel_4/PS4/Content/FirstPerson/Meshes/FirstPersonProjectileMaterial.uasset" 105
"C:/Users/zinsk/Documents/GitHub/JV2B_Projet_Semestriel_4/PS4/Content/FirstPerson/Meshes/FirstPersonProjectileMaterial.uexp" 106
"C:/Users/zinsk/Documents/GitHub/JV2B_Projet_Semestriel_4/PS4/Content/FirstPerson/Meshes/FirstPersonProjectileMesh.uasset" 107
"C:/Users/zinsk/Documents/GitHub/JV2B_Projet_Semestriel_4/PS4/Content/FirstPerson/Meshes/FirstPersonProjectileMesh.uexp" 108
"C:/Users/zinsk/Documents/GitHub/JV2B_Projet_Semestriel_4/PS4/Content/FirstPersonBP/Blueprints/Trash/FirstPersonProjectile.uasset" 109
"C:/Users/zinsk/Documents/GitHub/JV2B_Projet_Semestriel_4/PS4/Content/FirstPersonBP/Blueprints/Trash/FirstPersonProjectile.uexp" 110
"C:/Users/zinsk/Documents/GitHub/JV2B_Projet_Semestriel_4/PS4/Content/FPWeapon/Materials/MaterialLayers/T_ML_FineRubber.uasset" 111
"C:/Users/zinsk/Documents/GitHub/JV2B_Projet_Semestriel_4/PS4/Content/FPWeapon/Materials/MaterialLayers/T_ML_FineRubber.uexp" 112
"C:/Users/zinsk/Documents/GitHub/JV2B_Projet_Semestriel_4/PS4/Content/FPWeapon/Materials/MaterialLayers/T_ML_FineRubber.ubulk" 113
"C:/Users/zinsk/Documents/GitHub/JV2B_Projet_Semestriel_4/PS4/Content/FPWeapon/Mesh/SK_FPGun_Skeleton.uasset" 114
"C:/Users/zinsk/Documents/GitHub/JV2B_Projet_Semestriel_4/PS4/Content/FPWeapon/Mesh/SK_FPGun_Skeleton.uexp" 115
"C:/Users/zinsk/Documents/GitHub/JV2B_Projet_Semestriel_4/PS4/Content/FPWeapon/Mesh/SK_FPGun_PhysicsAsset.uasset" 116
"C:/Users/zinsk/Documents/GitHub/JV2B_Projet_Semestriel_4/PS4/Content/FPWeapon/Mesh/SK_FPGun_PhysicsAsset.uexp" 117
"C:/Users/zinsk/Documents/GitHub/JV2B_Projet_Semestriel_4/PS4/Content/FPWeapon/Textures/T_FPGun_N.uasset" 118
"C:/Users/zinsk/Documents/GitHub/JV2B_Projet_Semestriel_4/PS4/Content/FPWeapon/Textures/T_FPGun_N.uexp" 119
"C:/Users/zinsk/Documents/GitHub/JV2B_Projet_Semestriel_4/PS4/Content/FPWeapon/Textures/T_FPGun_N.ubulk" 120
"C:/Users/zinsk/Documents/GitHub/JV2B_Projet_Semestriel_4/PS4/Content/FPWeapon/Textures/T_FPGun_M.uasset" 121
"C:/Users/zinsk/Documents/GitHub/JV2B_Projet_Semestriel_4/PS4/Content/FPWeapon/Textures/T_FPGun_M.uexp" 122
"C:/Users/zinsk/Documents/GitHub/JV2B_Projet_Semestriel_4/PS4/Content/FPWeapon/Textures/T_FPGun_M.ubulk" 123
"C:/Users/zinsk/Documents/GitHub/JV2B_Projet_Semestriel_4/PS4/Content/FPWeapon/Materials/MaterialLayers/T_ML_Rubber_Blue_01_N.uasset" 124
"C:/Users/zinsk/Documents/GitHub/JV2B_Projet_Semestriel_4/PS4/Content/FPWeapon/Materials/MaterialLayers/T_ML_Rubber_Blue_01_N.uexp" 125
"C:/Users/zinsk/Documents/GitHub/JV2B_Projet_Semestriel_4/PS4/Content/FPWeapon/Materials/MaterialLayers/T_ML_Rubber_Blue_01_N.ubulk" 126
"C:/Users/zinsk/Documents/GitHub/JV2B_Projet_Semestriel_4/PS4/Content/FPWeapon/Materials/MaterialLayers/T_ML_Rubber_Blue_01_D.uasset" 127
"C:/Users/zinsk/Documents/GitHub/JV2B_Projet_Semestriel_4/PS4/Content/FPWeapon/Materials/MaterialLayers/T_ML_Rubber_Blue_01_D.uexp" 128
"C:/Users/zinsk/Documents/GitHub/JV2B_Projet_Semestriel_4/PS4/Content/FPWeapon/Materials/MaterialLayers/T_ML_Rubber_Blue_01_D.ubulk" 129
"C:/Users/zinsk/Documents/GitHub/JV2B_Projet_Semestriel_4/PS4/Content/FPWeapon/Materials/MaterialLayers/T_ML_Aluminum01_N.uasset" 130
"C:/Users/zinsk/Documents/GitHub/JV2B_Projet_Semestriel_4/PS4/Content/FPWeapon/Materials/MaterialLayers/T_ML_Aluminum01_N.uexp" 131
"C:/Users/zinsk/Documents/GitHub/JV2B_Projet_Semestriel_4/PS4/Content/FPWeapon/Materials/MaterialLayers/T_ML_Aluminum01_N.ubulk" 132
"C:/Users/zinsk/Documents/GitHub/JV2B_Projet_Semestriel_4/PS4/Content/FPWeapon/Materials/MaterialLayers/T_ML_Aluminum01.uasset" 133
"C:/Users/zinsk/Documents/GitHub/JV2B_Projet_Semestriel_4/PS4/Content/FPWeapon/Materials/MaterialLayers/T_ML_Aluminum01.uexp" 134
"C:/Users/zinsk/Documents/GitHub/JV2B_Projet_Semestriel_4/PS4/Content/FPWeapon/Materials/MaterialLayers/T_ML_Aluminum01.ubulk" 135
"C:/Users/zinsk/Documents/GitHub/JV2B_Projet_Semestriel_4/PS4/Content/FPWeapon/Materials/MaterialLayers/ML_SoftMetal_UE4.uasset" 136
"C:/Users/zinsk/Documents/GitHub/JV2B_Projet_Semestriel_4/PS4/Content/FPWeapon/Materials/MaterialLayers/ML_SoftMetal_UE4.uexp" 137
"C:/Users/zinsk/Documents/GitHub/JV2B_Projet_Semestriel_4/PS4/Content/FPWeapon/Materials/MaterialLayers/ML_Screen.uasset" 138
"C:/Users/zinsk/Documents/GitHub/JV2B_Projet_Semestriel_4/PS4/Content/FPWeapon/Materials/MaterialLayers/ML_Screen.uexp" 139
"C:/Users/zinsk/Documents/GitHub/JV2B_Projet_Semestriel_4/PS4/Content/FPWeapon/Materials/MaterialLayers/ML_Plastic_Shiny_Beige.uasset" 140
"C:/Users/zinsk/Documents/GitHub/JV2B_Projet_Semestriel_4/PS4/Content/FPWeapon/Materials/MaterialLayers/ML_Plastic_Shiny_Beige.uexp" 141
"C:/Users/zinsk/Documents/GitHub/JV2B_Projet_Semestriel_4/PS4/Content/FPWeapon/Materials/MaterialLayers/ML_GlossyBlack_Latex_UE4.uasset" 142
"C:/Users/zinsk/Documents/GitHub/JV2B_Projet_Semestriel_4/PS4/Content/FPWeapon/Materials/MaterialLayers/ML_GlossyBlack_Latex_UE4.uexp" 143
"C:/Users/zinsk/Documents/GitHub/JV2B_Projet_Semestriel_4/PS4/Content/FPWeapon/Materials/M_FPGun.uasset" 144
"C:/Users/zinsk/Documents/GitHub/JV2B_Projet_Semestriel_4/PS4/Content/FPWeapon/Materials/M_FPGun.uexp" 145
"C:/Users/zinsk/Documents/GitHub/JV2B_Projet_Semestriel_4/PS4/Content/FPWeapon/Mesh/SK_FPGun.uasset" 146
"C:/Users/zinsk/Documents/GitHub/JV2B_Projet_Semestriel_4/PS4/Content/FPWeapon/Mesh/SK_FPGun.uexp" 147
"C:/Users/zinsk/Documents/GitHub/JV2B_Projet_Semestriel_4/PS4/Content/Geometry/Meshes/CubeMaterial.uasset" 148
"C:/Users/zinsk/Documents/GitHub/JV2B_Projet_Semestriel_4/PS4/Content/Geometry/Meshes/CubeMaterial.uexp" 149
"C:/Users/zinsk/Documents/GitHub/JV2B_Projet_Semestriel_4/PS4/Content/Geometry/Meshes/1M_Cube.uasset" 150
"C:/Users/zinsk/Documents/GitHub/JV2B_Projet_Semestriel_4/PS4/Content/Geometry/Meshes/1M_Cube.uexp" 151
"C:/Users/zinsk/Documents/GitHub/JV2B_Projet_Semestriel_4/PS4/Content/Geometry/Meshes/1M_Cube_Chamfer.uasset" 152
"C:/Users/zinsk/Documents/GitHub/JV2B_Projet_Semestriel_4/PS4/Content/Geometry/Meshes/1M_Cube_Chamfer.uexp" 153
"C:/Users/zinsk/Documents/GitHub/JV2B_Projet_Semestriel_4/PS4/Content/Geometry/Meshes/TemplateFloor.uasset" 154
"C:/Users/zinsk/Documents/GitHub/JV2B_Projet_Semestriel_4/PS4/Content/Geometry/Meshes/TemplateFloor.uexp" 155
"../../../Engine/Content/Animation/DefaultAnimBoneCompressionSettings.uasset" 156
"../../../Engine/Content/Animation/DefaultAnimBoneCompressionSettings.uexp" 157
"../../../Engine/Content/Animation/DefaultAnimCurveCompressionSettings.uasset" 158
"../../../Engine/Content/Animation/DefaultAnimCurveCompressionSettings.uexp" 159
"../../../Engine/Content/EngineMaterials/T_Default_Material_Grid_N.uasset" 160
"../../../Engine/Content/EngineMaterials/T_Default_Material_Grid_N.uexp" 161
"../../../Engine/Content/EngineMaterials/T_Default_Material_Grid_N.ubulk" 162
"../../../Engine/Content/EngineMaterials/T_Default_Material_Grid_M.uasset" 163
"../../../Engine/Content/EngineMaterials/T_Default_Material_Grid_M.uexp" 164
"../../../Engine/Content/EngineMaterials/T_Default_Material_Grid_M.ubulk" 165
"../../../Engine/Content/Functions/Engine_MaterialFunctions01/Opacity/CameraDepthFade.uasset" 166
"../../../Engine/Content/Functions/Engine_MaterialFunctions01/Opacity/CameraDepthFade.uexp" 167
"../../../Engine/Content/EngineMaterials/WorldGridMaterial.uasset" 168
"../../../Engine/Content/EngineMaterials/WorldGridMaterial.uexp" 169
"../../../Engine/Content/ArtTools/RenderToTexture/Meshes/S_1_Unit_Plane.uasset" 170
"../../../Engine/Content/ArtTools/RenderToTexture/Meshes/S_1_Unit_Plane.uexp" 171
"../../../Engine/Content/EngineMaterials/DefaultMaterial.uasset" 172
"../../../Engine/Content/EngineMaterials/DefaultMaterial.uexp" 173
"../../../Engine/Content/BasicShapes/Cone.uasset" 174
"../../../Engine/Content/BasicShapes/Cone.uexp" 175
"../../../Engine/Content/BasicShapes/Cube.uasset" 176
"../../../Engine/Content/BasicShapes/Cube.uexp" 177
"../../../Engine/Content/BasicShapes/Plane.uasset" 178
"../../../Engine/Content/BasicShapes/Plane.uexp" 179
"../../../Engine/Content/BasicShapes/Sphere.uasset" 180
"../../../Engine/Content/BasicShapes/Sphere.uexp" 181
"../../../Engine/Content/EditorLandscapeResources/DataLayer.uasset" 182
"../../../Engine/Content/EditorLandscapeResources/DataLayer.uexp" 183
"../../../Engine/Content/EditorLandscapeResources/DefaultAlphaTexture.uasset" 184
"../../../Engine/Content/EditorLandscapeResources/DefaultAlphaTexture.uexp" 185
"../../../Engine/Content/EditorMaterials/MAT_Groups_Toggle.uasset" 186
"../../../Engine/Content/EditorMaterials/MAT_Groups_Toggle.uexp" 187
"../../../Engine/Content/EditorMaterials/MAT_Groups_Visibility.uasset" 188
"../../../Engine/Content/EditorMaterials/MAT_Groups_Visibility.uexp" 189
"../../../Engine/Content/EditorMaterials/PreviewShadowIndicator.uasset" 190
"../../../Engine/Content/EditorMaterials/PreviewShadowIndicator.uexp" 191
"../../../Engine/Content/EditorMaterials/PreviewShadowIndicator.ubulk" 192
"../../../Engine/Content/EditorMaterials/PreviewShadowIndicatorMaterial.uasset" 193
"../../../Engine/Content/EditorMaterials/PreviewShadowIndicatorMaterial.uexp" 194
"../../../Engine/Content/EditorMaterials/MatineeGroups/MAT_ColorTrack.uasset" 195
"../../../Engine/Content/EditorMaterials/MatineeGroups/MAT_ColorTrack.uexp" 196
"../../../Engine/Content/EditorMaterials/MatineeGroups/MAT_Groups_Anim.uasset" 197
"../../../Engine/Content/EditorMaterials/MatineeGroups/MAT_Groups_Anim.uexp" 198
"../../../Engine/Content/EditorMaterials/MatineeGroups/MAT_Groups_AudioMaster.uasset" 199
"../../../Engine/Content/EditorMaterials/MatineeGroups/MAT_Groups_AudioMaster.uexp" 200
"../../../Engine/Content/EditorMaterials/MatineeGroups/MAT_Groups_Director.uasset" 201
"../../../Engine/Content/EditorMaterials/MatineeGroups/MAT_Groups_Director.uexp" 202
"../../../Engine/Content/EditorMaterials/MatineeGroups/MAT_Groups_Event.uasset" 203
"../../../Engine/Content/EditorMaterials/MatineeGroups/MAT_Groups_Event.uexp" 204
"../../../Engine/Content/EditorMaterials/MatineeGroups/MAT_Groups_Fade.uasset" 205
"../../../Engine/Content/EditorMaterials/MatineeGroups/MAT_Groups_Fade.uexp" 206
"../../../Engine/Content/EditorMaterials/MatineeGroups/MAT_Groups_Float.uasset" 207
"../../../Engine/Content/EditorMaterials/MatineeGroups/MAT_Groups_Float.uexp" 208
"../../../Engine/Content/EditorMaterials/MatineeGroups/MAT_Groups_Move.uasset" 209
"../../../Engine/Content/EditorMaterials/MatineeGroups/MAT_Groups_Move.uexp" 210
"../../../Engine/Content/EditorMaterials/MatineeGroups/MAT_Groups_Slomo.uasset" 211
"../../../Engine/Content/EditorMaterials/MatineeGroups/MAT_Groups_Slomo.uexp" 212
"../../../Engine/Content/EditorMaterials/MatineeGroups/MAT_Groups_Sound.uasset" 213
"../../../Engine/Content/EditorMaterials/MatineeGroups/MAT_Groups_Sound.uexp" 214
"../../../Engine/Content/EditorMaterials/MatineeGroups/MAT_Groups_Vector.uasset" 215
"../../../Engine/Content/EditorMaterials/MatineeGroups/MAT_Groups_Vector.uexp" 216
"../../../Engine/Content/EditorMaterials/ParticleSystems/PSysThumbnail_NoImage.uasset" 217
"../../../Engine/Content/EditorMaterials/ParticleSystems/PSysThumbnail_NoImage.uexp" 218
"../../../Engine/Content/EditorMaterials/ParticleSystems/PSysThumbnail_NoImage.ubulk" 219
"../../../Engine/Content/EditorMaterials/ParticleSystems/PSysThumbnail_OOD.uasset" 220
"../../../Engine/Content/EditorMaterials/ParticleSystems/PSysThumbnail_OOD.uexp" 221
"../../../Engine/Content/EditorMaterials/ParticleSystems/PSysThumbnail_OOD.ubulk" 222
"../../../Engine/Content/EditorMaterials/Camera/CineMat.uasset" 223
"../../../Engine/Content/EditorMaterials/Camera/CineMat.uexp" 224
"../../../Engine/Content/EditorMaterials/Camera/MI_CineMat_Rig.uasset" 225
"../../../Engine/Content/EditorMaterials/Camera/MI_CineMat_Rig.uexp" 226
"../../../Engine/Content/EditorMeshes/Camera/SM_CraneRig_Arm.uasset" 227
"../../../Engine/Content/EditorMeshes/Camera/SM_CraneRig_Arm.uexp" 228
"../../../Engine/Content/EditorMeshes/Camera/SM_CraneRig_Base.uasset" 229
"../../../Engine/Content/EditorMeshes/Camera/SM_CraneRig_Base.uexp" 230
"../../../Engine/Content/EditorMeshes/Camera/SM_CraneRig_Body.uasset" 231
"../../../Engine/Content/EditorMeshes/Camera/SM_CraneRig_Body.uexp" 232
"../../../Engine/Content/EditorMeshes/Camera/SM_CraneRig_Mount.uasset" 233
"../../../Engine/Content/EditorMeshes/Camera/SM_CraneRig_Mount.uexp" 234
"../../../Engine/Content/EditorMeshes/Camera/SM_RailRig_Mount.uasset" 235
"../../../Engine/Content/EditorMeshes/Camera/SM_RailRig_Mount.uexp" 236
"../../../Engine/Content/EditorMeshes/Camera/SM_RailRig_Track.uasset" 237
"../../../Engine/Content/EditorMeshes/Camera/SM_RailRig_Track.uexp" 238
"../../../Engine/Content/EditorResources/BSPVertex.uasset" 239
"../../../Engine/Content/EditorResources/BSPVertex.uexp" 240
"../../../Engine/Content/EditorResources/EmptyActor.uasset" 241
"../../../Engine/Content/EditorResources/EmptyActor.uexp" 242
"../../../Engine/Content/EditorResources/S_Actor.uasset" 243
"../../../Engine/Content/EditorResources/S_Actor.uexp" 244
"../../../Engine/Content/EditorResources/S_Actor.ubulk" 245
"../../../Engine/Content/EditorResources/S_Note.uasset" 246
"../../../Engine/Content/EditorResources/S_Note.uexp" 247
"../../../Engine/Content/EditorResources/S_Note.ubulk" 248
"../../../Engine/Content/EditorResources/S_Solver.uasset" 249
"../../../Engine/Content/EditorResources/S_Solver.uexp" 250
"../../../Engine/Content/EditorResources/S_Solver.ubulk" 251
"../../../Engine/Content/EditorResources/S_Terrain.uasset" 252
"../../../Engine/Content/EditorResources/S_Terrain.uexp" 253
"../../../Engine/Content/EditorResources/S_Terrain.ubulk" 254
"../../../Engine/Content/EditorResources/S_Trigger.uasset" 255
"../../../Engine/Content/EditorResources/S_Trigger.uexp" 256
"../../../Engine/Content/EditorResources/S_Trigger.ubulk" 257
"../../../Engine/Content/EditorResources/LightIcons/S_LightError.uasset" 258
"../../../Engine/Content/EditorResources/LightIcons/S_LightError.uexp" 259
"../../../Engine/Content/EditorResources/SequenceRecorder/Countdown.uasset" 260
"../../../Engine/Content/EditorResources/SequenceRecorder/Countdown.uexp" 261
"../../../Engine/Content/EditorResources/SequenceRecorder/RecordingIndicator.uasset" 262
"../../../Engine/Content/EditorResources/SequenceRecorder/RecordingIndicator.uexp" 263
"../../../Engine/Content/EngineDamageTypes/DmgTypeBP_Environmental.uasset" 264
"../../../Engine/Content/EngineDamageTypes/DmgTypeBP_Environmental.uexp" 265
"../../../Engine/Content/EngineDebugMaterials/DebugEditorMaterial.uasset" 266
"../../../Engine/Content/EngineDebugMaterials/DebugEditorMaterial.uexp" 267
"../../../Engine/Content/EngineDebugMaterials/DebugMeshMaterial.uasset" 268
"../../../Engine/Content/EngineDebugMaterials/DebugMeshMaterial.uexp" 269
"../../../Engine/Content/EngineDebugMaterials/M_SimpleUnlitTranslucent.uasset" 270
"../../../Engine/Content/EngineDebugMaterials/M_SimpleUnlitTranslucent.uexp" 271
"../../../Engine/Content/EngineDebugMaterials/VolumeToRender.uasset" 272
"../../../Engine/Content/EngineDebugMaterials/VolumeToRender.uexp" 273
"../../../Engine/Content/Functions/Engine_MaterialFunctions02/Utility/CameraDirectionVector.uasset" 274
"../../../Engine/Content/Functions/Engine_MaterialFunctions02/Utility/CameraDirectionVector.uexp" 275
"../../../Engine/Content/EngineDebugMaterials/M_VolumeRenderSphereTracePP.uasset" 276
"../../../Engine/Content/EngineDebugMaterials/M_VolumeRenderSphereTracePP.uexp" 277
"../../../Engine/Content/Functions/Engine_MaterialFunctions01/Shading/ConvertFromDiffSpec.uasset" 278
"../../../Engine/Content/Functions/Engine_MaterialFunctions01/Shading/ConvertFromDiffSpec.uexp" 279
"../../../Engine/Content/EngineDebugMaterials/VertexColorMaterial.uasset" 280
"../../../Engine/Content/EngineDebugMaterials/VertexColorMaterial.uexp" 281
"../../../Engine/Content/EngineDebugMaterials/WireframeMaterial.uasset" 282
"../../../Engine/Content/EngineDebugMaterials/WireframeMaterial.uexp" 283
"../../../Engine/Content/EngineFonts/Faces/RobotoRegular.uasset" 284
"../../../Engine/Content/EngineFonts/Faces/RobotoRegular.uexp" 285
"../../../Engine/Content/EngineFonts/Faces/RobotoRegular.ufont" 286
"../../../Engine/Content/EngineFonts/Faces/RobotoLight.uasset" 287
"../../../Engine/Content/EngineFonts/Faces/RobotoLight.uexp" 288
"../../../Engine/Content/EngineFonts/Faces/RobotoLight.ufont" 289
"../../../Engine/Content/EngineFonts/Faces/RobotoItalic.uasset" 290
"../../../Engine/Content/EngineFonts/Faces/RobotoItalic.uexp" 291
"../../../Engine/Content/EngineFonts/Faces/RobotoItalic.ufont" 292
"../../../Engine/Content/EngineFonts/Faces/RobotoBoldItalic.uasset" 293
"../../../Engine/Content/EngineFonts/Faces/RobotoBoldItalic.uexp" 294
"../../../Engine/Content/EngineFonts/Faces/RobotoBoldItalic.ufont" 295
"../../../Engine/Content/EngineFonts/Faces/RobotoBold.uasset" 296
"../../../Engine/Content/EngineFonts/Faces/RobotoBold.uexp" 297
"../../../Engine/Content/EngineFonts/Faces/RobotoBold.ufont" 298
"../../../Engine/Content/EngineFonts/Faces/DroidSansFallback.uasset" 299
"../../../Engine/Content/EngineFonts/Faces/DroidSansFallback.uexp" 300
"../../../Engine/Content/EngineFonts/Faces/DroidSansFallback.ufont" 301
"../../../Engine/Content/EngineFonts/Roboto.uasset" 302
"../../../Engine/Content/EngineFonts/Roboto.uexp" 303
"../../../Engine/Content/EngineMaterials/BaseFlattenNormalMap.uasset" 304
"../../../Engine/Content/EngineMaterials/BaseFlattenNormalMap.uexp" 305
"../../../Engine/Content/EngineMaterials/BaseFlattenGrayscaleMap.uasset" 306
"../../../Engine/Content/EngineMaterials/BaseFlattenGrayscaleMap.uexp" 307
"../../../Engine/Content/EngineMaterials/BaseFlattenEmissiveMap.uasset" 308
"../../../Engine/Content/EngineMaterials/BaseFlattenEmissiveMap.uexp" 309
"../../../Engine/Content/EngineMaterials/BaseFlattenDiffuseMap.uasset" 310
"../../../Engine/Content/EngineMaterials/BaseFlattenDiffuseMap.uexp" 311
"../../../Engine/Content/EngineMaterials/BaseFlattenMaterial.uasset" 312
"../../../Engine/Content/EngineMaterials/BaseFlattenMaterial.uexp" 313
"../../../Engine/Content/EngineMaterials/BlueNoise.uasset" 314
"../../../Engine/Content/EngineMaterials/BlueNoise.uexp" 315
"../../../Engine/Content/EngineMaterials/DefaultBloomKernel.uasset" 316
"../../../Engine/Content/EngineMaterials/DefaultBloomKernel.uexp" 317
"../../../Engine/Content/EngineMaterials/DefaultBokeh.uasset" 318
"../../../Engine/Content/EngineMaterials/DefaultBokeh.uexp" 319
"../../../Engine/Content/EngineMaterials/DefaultDiffuse.uasset" 320
"../../../Engine/Content/EngineMaterials/DefaultDiffuse.uexp" 321
"../../../Engine/Content/EngineMaterials/DefaultDiffuse.ubulk" 322
"../../../Engine/Content/EngineMaterials/DefaultDeferredDecalMaterial.uasset" 323
"../../../Engine/Content/EngineMaterials/DefaultDeferredDecalMaterial.uexp" 324
"../../../Engine/Content/EngineMaterials/DefaultLightFunctionMaterial.uasset" 325
"../../../Engine/Content/EngineMaterials/DefaultLightFunctionMaterial.uexp" 326
"../../../Engine/Content/EngineMaterials/DefaultPhysicalMaterial.uasset" 327
"../../../Engine/Content/EngineMaterials/DefaultPhysicalMaterial.uexp" 328
"../../../Engine/Content/Functions/Engine_MaterialFunctions02/Utility/BreakOutFloat2Components.uasset" 329
"../../../Engine/Content/Functions/Engine_MaterialFunctions02/Utility/BreakOutFloat2Components.uexp" 330
"../../../Engine/Content/EngineMaterials/DefaultPostProcessMaterial.uasset" 331
"../../../Engine/Content/EngineMaterials/DefaultPostProcessMaterial.uexp" 332
"../../../Engine/Content/EngineFonts/RobotoDistanceField.uasset" 333
"../../../Engine/Content/EngineFonts/RobotoDistanceField.uexp" 334
"../../../Engine/Content/EngineMaterials/DefaultTextMaterialOpaque.uasset" 335
"../../../Engine/Content/EngineMaterials/DefaultTextMaterialOpaque.uexp" 336
"../../../Engine/Content/EngineMaterials/DefaultWhiteGrid.uasset" 337
"../../../Engine/Content/EngineMaterials/DefaultWhiteGrid.uexp" 338
"../../../Engine/Content/EngineMaterials/DefaultWhiteGrid.ubulk" 339
"../../../Engine/Content/EngineMaterials/DefaultWhiteGrid_Low.uasset" 340
"../../../Engine/Content/EngineMaterials/DefaultWhiteGrid_Low.uexp" 341
"../../../Engine/Content/EngineMaterials/EmissiveMeshMaterial.uasset" 342
"../../../Engine/Content/EngineMaterials/EmissiveMeshMaterial.uexp" 343
"../../../Engine/Content/EngineMaterials/GizmoMaterial.uasset" 344
"../../../Engine/Content/EngineMaterials/GizmoMaterial.uexp" 345
"../../../Engine/Content/EngineMaterials/Good64x64TilingNoiseHighFreq.uasset" 346
"../../../Engine/Content/EngineMaterials/Good64x64TilingNoiseHighFreq.uexp" 347
"../../../Engine/Content/EngineMaterials/MiniFont.uasset" 348
"../../../Engine/Content/EngineMaterials/MiniFont.uexp" 349
"../../../Engine/Content/EngineMaterials/InvalidLightmapSettings.uasset" 350
"../../../Engine/Content/EngineMaterials/InvalidLightmapSettings.uexp" 351
"../../../Engine/Content/EngineMaterials/InvalidLightmapSettings.ubulk" 352
"../../../Engine/Content/EngineMaterials/M_InvalidLightmapSettings.uasset" 353
"../../../Engine/Content/EngineMaterials/M_InvalidLightmapSettings.uexp" 354
"../../../Engine/Content/Functions/Engine_MaterialFunctions02/WorldPositionOffset/CameraOffset.uasset" 355
"../../../Engine/Content/Functions/Engine_MaterialFunctions02/WorldPositionOffset/CameraOffset.uexp" 356
"../../../Engine/Content/EngineMaterials/PhAT_JointLimitMaterial.uasset" 357
"../../../Engine/Content/EngineMaterials/PhAT_JointLimitMaterial.uexp" 358
"../../../Engine/Content/EngineMaterials/DefaultCalibrationColor.uasset" 359
"../../../Engine/Content/EngineMaterials/DefaultCalibrationColor.uexp" 360
"../../../Engine/Content/EngineMaterials/PPM_DefaultCalibrationColor.uasset" 361
"../../../Engine/Content/EngineMaterials/PPM_DefaultCalibrationColor.uexp" 362
"../../../Engine/Content/EngineMaterials/DefaultCalibrationGrayscale.uasset" 363
"../../../Engine/Content/EngineMaterials/DefaultCalibrationGrayscale.uexp" 364
"../../../Engine/Content/EngineMaterials/PPM_DefaultCalibrationGrayscale.uasset" 365
"../../../Engine/Content/EngineMaterials/PPM_DefaultCalibrationGrayscale.uexp" 366
"../../../Engine/Content/EngineMaterials/PreintegratedSkinBRDF.uasset" 367
"../../../Engine/Content/EngineMaterials/PreintegratedSkinBRDF.uexp" 368
"../../../Engine/Content/EngineMaterials/RemoveSurfaceMaterial.uasset" 369
"../../../Engine/Content/EngineMaterials/RemoveSurfaceMaterial.uexp" 370
"../../../Engine/Content/EngineMaterials/WeightMapPlaceholderTexture.uasset" 371
"../../../Engine/Content/EngineMaterials/WeightMapPlaceholderTexture.uexp" 372
"../../../Engine/Content/EngineResources/WhiteSquareTexture.uasset" 373
"../../../Engine/Content/EngineResources/WhiteSquareTexture.uexp" 374
"../../../Engine/Content/EngineMaterials/Widget3DPassThrough.uasset" 375
"../../../Engine/Content/EngineMaterials/Widget3DPassThrough.uexp" 376
"../../../Engine/Content/EngineMaterials/Widget3DPassThrough_Masked.uasset" 377
"../../../Engine/Content/EngineMaterials/Widget3DPassThrough_Masked.uexp" 378
"../../../Engine/Content/EngineMaterials/Widget3DPassThrough_Opaque.uasset" 379
"../../../Engine/Content/EngineMaterials/Widget3DPassThrough_Opaque.uexp" 380
"../../../Engine/Content/EngineMaterials/Widget3DPassThrough_Masked_OneSided.uasset" 381
"../../../Engine/Content/EngineMaterials/Widget3DPassThrough_Masked_OneSided.uexp" 382
"../../../Engine/Content/EngineMaterials/Widget3DPassThrough_Opaque_OneSided.uasset" 383
"../../../Engine/Content/EngineMaterials/Widget3DPassThrough_Opaque_OneSided.uexp" 384
"../../../Engine/Content/EngineMaterials/Widget3DPassThrough_Translucent.uasset" 385
"../../../Engine/Content/EngineMaterials/Widget3DPassThrough_Translucent.uexp" 386
"../../../Engine/Content/EngineMaterials/Widget3DPassThrough_Translucent_OneSided.uasset" 387
"../../../Engine/Content/EngineMaterials/Widget3DPassThrough_Translucent_OneSided.uexp" 388
"../../../Engine/Content/EngineMeshes/Cylinder.uasset" 389
"../../../Engine/Content/EngineMeshes/Cylinder.uexp" 390
"../../../Engine/Content/EngineMeshes/Sphere.uasset" 391
"../../../Engine/Content/EngineMeshes/Sphere.uexp" 392
"../../../Engine/Content/EngineResources/DefaultTexture.uasset" 393
"../../../Engine/Content/EngineResources/DefaultTexture.uexp" 394
"../../../Engine/Content/EngineResources/DefaultTexture.ubulk" 395
"../../../Engine/Content/EngineResources/DefaultTextureCube.uasset" 396
"../../../Engine/Content/EngineResources/DefaultTextureCube.uexp" 397
"../../../Engine/Content/EngineResources/DefaultVolumeTexture2D.uasset" 398
"../../../Engine/Content/EngineResources/DefaultVolumeTexture2D.uexp" 399
"../../../Engine/Content/EngineResources/DefaultVolumeTexture.uasset" 400
"../../../Engine/Content/EngineResources/DefaultVolumeTexture.uexp" 401
"../../../Engine/Content/EngineResources/GradientTexture0.uasset" 402
"../../../Engine/Content/EngineResources/GradientTexture0.uexp" 403
"../../../Engine/Content/EngineSky/VolumetricClouds/T_NoiseShape64.uasset" 404
"../../../Engine/Content/EngineSky/VolumetricClouds/T_NoiseShape64.uexp" 405
"../../../Engine/Content/EngineSky/VolumetricClouds/T_NoiseShape64.ubulk" 406
"../../../Engine/Content/EngineSky/VolumetricClouds/T_VolumeNoiseShape64.uasset" 407
"../../../Engine/Content/EngineSky/VolumetricClouds/T_VolumeNoiseShape64.uexp" 408
"../../../Engine/Content/EngineSky/VolumetricClouds/T_NoiseErosion.uasset" 409
"../../../Engine/Content/EngineSky/VolumetricClouds/T_NoiseErosion.uexp" 410
"../../../Engine/Content/EngineSky/VolumetricClouds/T_NoiseErosion.ubulk" 411
"../../../Engine/Content/EngineSky/VolumetricClouds/T_VolumeNoiseErosion32.uasset" 412
"../../../Engine/Content/EngineSky/VolumetricClouds/T_VolumeNoiseErosion32.uexp" 413
"../../../Engine/Content/EngineSky/VolumetricClouds/CloudWeatherTexture.uasset" 414
"../../../Engine/Content/EngineSky/VolumetricClouds/CloudWeatherTexture.uexp" 415
"../../../Engine/Content/EngineSky/VolumetricClouds/CloudGradientTexture.uasset" 416
"../../../Engine/Content/EngineSky/VolumetricClouds/CloudGradientTexture.uexp" 417
"../../../Engine/Content/Functions/Engine_MaterialFunctions02/Utility/MakeFloat2.uasset" 418
"../../../Engine/Content/Functions/Engine_MaterialFunctions02/Utility/MakeFloat2.uexp" 419
"../../../Engine/Content/EngineSky/VolumetricClouds/m_SimpleVolumetricCloud.uasset" 420
"../../../Engine/Content/EngineSky/VolumetricClouds/m_SimpleVolumetricCloud.uexp" 421
"../../../Engine/Content/EngineSky/VolumetricClouds/m_SimpleVolumetricCloud_Inst.uasset" 422
"../../../Engine/Content/EngineSky/VolumetricClouds/m_SimpleVolumetricCloud_Inst.uexp" 423
"../../../Engine/Content/EngineSounds/Master.uasset" 424
"../../../Engine/Content/EngineSounds/Master.uexp" 425
"../../../Engine/Content/Functions/Engine_MaterialFunctions01/Shading/PowerToRoughness.uasset" 426
"../../../Engine/Content/Functions/Engine_MaterialFunctions01/Shading/PowerToRoughness.uexp" 427
"../../../Engine/Content/Maps/Templates/Thumbnails/Default.uasset" 428
"../../../Engine/Content/Maps/Templates/Thumbnails/Default.uexp" 429
"../../../Engine/Content/Maps/Templates/Thumbnails/TimeOfDay.uasset" 430
"../../../Engine/Content/Maps/Templates/Thumbnails/TimeOfDay.uexp" 431
"../../../Engine/Content/Maps/Templates/Thumbnails/VR-Basic.uasset" 432
"../../../Engine/Content/Maps/Templates/Thumbnails/VR-Basic.uexp" 433
"../../../Engine/Content/MobileResources/T_MobileControls_texture.uasset" 434
"../../../Engine/Content/MobileResources/T_MobileControls_texture.uexp" 435
"../../../Engine/Content/MobileResources/T_MobileMenu2.uasset" 436
"../../../Engine/Content/MobileResources/T_MobileMenu2.uexp" 437
"../../../Engine/Content/MobileResources/HUD/AnalogHat.uasset" 438
"../../../Engine/Content/MobileResources/HUD/AnalogHat.uexp" 439
"../../../Engine/Content/MobileResources/HUD/VirtualJoystick_Thumb.uasset" 440
"../../../Engine/Content/MobileResources/HUD/VirtualJoystick_Thumb.uexp" 441
"../../../Engine/Content/MobileResources/HUD/VirtualJoystick_Background.uasset" 442
"../../../Engine/Content/MobileResources/HUD/VirtualJoystick_Background.uexp" 443
"../../../Engine/Content/MobileResources/HUD/DefaultVirtualJoysticks.uasset" 444
"../../../Engine/Content/MobileResources/HUD/DefaultVirtualJoysticks.uexp" 445
"../../../Engine/Content/MobileResources/HUD/LeftVirtualJoystickOnly.uasset" 446
"../../../Engine/Content/MobileResources/HUD/LeftVirtualJoystickOnly.uexp" 447
"../../../Engine/Content/MobileResources/HUD/MobileHUDButton1_off.uasset" 448
"../../../Engine/Content/MobileResources/HUD/MobileHUDButton1_off.uexp" 449
"../../../Engine/Content/MobileResources/HUD/MobileHUDButton1_on.uasset" 450
"../../../Engine/Content/MobileResources/HUD/MobileHUDButton1_on.uexp" 451
"../../../Engine/Content/MobileResources/HUD/MobileHUDButton2_off.uasset" 452
"../../../Engine/Content/MobileResources/HUD/MobileHUDButton2_off.uexp" 453
"../../../Engine/Content/MobileResources/HUD/MobileHUDButton2_on.uasset" 454
"../../../Engine/Content/MobileResources/HUD/MobileHUDButton2_on.uexp" 455
"../../../Engine/Content/MobileResources/HUD/MobileHUDButton3.uasset" 456
"../../../Engine/Content/MobileResources/HUD/MobileHUDButton3.uexp" 457
"../../../Engine/Content/MobileResources/HUD/MobileHUDButtonFire.uasset" 458
"../../../Engine/Content/MobileResources/HUD/MobileHUDButtonFire.uexp" 459
"../../../Engine/Content/MobileResources/HUD/MobileHUDDirectionPad.uasset" 460
"../../../Engine/Content/MobileResources/HUD/MobileHUDDirectionPad.uexp" 461
"../../../Engine/Content/MobileResources/HUD/MobileHUDDirectionPad2.uasset" 462
"../../../Engine/Content/MobileResources/HUD/MobileHUDDirectionPad2.uexp" 463
"../../../Engine/Content/MobileResources/HUD/MobileHUDDirectionPad3.uasset" 464
"../../../Engine/Content/MobileResources/HUD/MobileHUDDirectionPad3.uexp" 465
"../../../Engine/Content/MobileResources/HUD/MobileHUDDirectionStick.uasset" 466
"../../../Engine/Content/MobileResources/HUD/MobileHUDDirectionStick.uexp" 467
"../../../Engine/Content/MobileResources/HUD/T_Castle_ThumbstickInner.uasset" 468
"../../../Engine/Content/MobileResources/HUD/T_Castle_ThumbstickInner.uexp" 469
"../../../Engine/Content/MobileResources/HUD/T_Castle_ThumbstickOutter.uasset" 470
"../../../Engine/Content/MobileResources/HUD/T_Castle_ThumbstickOutter.uexp" 471
"../../../Engine/Content/Tutorial/ContentIntroCurve.uasset" 472
"../../../Engine/Content/Tutorial/ContentIntroCurve.uexp" 473
"../../../Engine/Content/VREditor/TransformGizmo/TranslucentTransformGizmoMaterial.uasset" 474
"../../../Engine/Content/VREditor/TransformGizmo/TranslucentTransformGizmoMaterial.uexp" 475
"../../../Engine/Content/VREditor/LaserPointer/VR_LaserPower_01.uasset" 476
"../../../Engine/Content/VREditor/LaserPointer/VR_LaserPower_01.uexp" 477
"../../../Engine/Content/VREditor/LaserPointer/VR_LaserPower_01.ubulk" 478
"../../../Engine/Content/VREditor/TransformGizmo/TransformGizmoMaterial.uasset" 479
"../../../Engine/Content/VREditor/TransformGizmo/TransformGizmoMaterial.uexp" 480
"../../../Engine/Content/VREditor/TransformGizmo/BoundingBoxCorner.uasset" 481
"../../../Engine/Content/VREditor/TransformGizmo/BoundingBoxCorner.uexp" 482
"../../../Engine/Content/VREditor/TransformGizmo/BoundingBoxEdge.uasset" 483
"../../../Engine/Content/VREditor/TransformGizmo/BoundingBoxEdge.uexp" 484
"../../../Engine/Content/VREditor/TransformGizmo/PlaneTranslationHandle.uasset" 485
"../../../Engine/Content/VREditor/TransformGizmo/PlaneTranslationHandle.uexp" 486
"../../../Engine/Content/VREditor/TransformGizmo/Xray.uasset" 487
"../../../Engine/Content/VREditor/TransformGizmo/Xray.uexp" 488
"../../../Engine/Content/VREditor/TransformGizmo/Main.uasset" 489
"../../../Engine/Content/VREditor/TransformGizmo/Main.uexp" 490
"../../../Engine/Content/VREditor/TransformGizmo/SM_Sequencer_Key.uasset" 491
"../../../Engine/Content/VREditor/TransformGizmo/SM_Sequencer_Key.uexp" 492
"../../../Engine/Content/VREditor/TransformGizmo/SM_Sequencer_Node.uasset" 493
"../../../Engine/Content/VREditor/TransformGizmo/SM_Sequencer_Node.uexp" 494
"../../../Engine/Plugins/2D/Paper2D/Content/DummySprite.uasset" 495
"../../../Engine/Plugins/2D/Paper2D/Content/DummySprite.uexp" 496
"../../../Engine/Plugins/2D/Paper2D/Content/DefaultPaperTerrainMaterial.uasset" 497
"../../../Engine/Plugins/2D/Paper2D/Content/DefaultPaperTerrainMaterial.uexp" 498
"../../../Engine/Plugins/2D/Paper2D/Content/MaskedUnlitSpriteMaterial.uasset" 499
"../../../Engine/Plugins/2D/Paper2D/Content/MaskedUnlitSpriteMaterial.uexp" 500
"../../../Engine/Plugins/2D/Paper2D/Content/OpaqueUnlitSpriteMaterial.uasset" 501
"../../../Engine/Plugins/2D/Paper2D/Content/OpaqueUnlitSpriteMaterial.uexp" 502
"../../../Engine/Content/Functions/Engine_MaterialFunctions02/Utility/BreakOutFloat3Components.uasset" 503
"../../../Engine/Content/Functions/Engine_MaterialFunctions02/Utility/BreakOutFloat3Components.uexp" 504
"../../../Engine/Plugins/Editor/SpeedTreeImporter/Content/SpeedTree9/UnpackInteger3.uasset" 505
"../../../Engine/Plugins/Editor/SpeedTreeImporter/Content/SpeedTree9/UnpackInteger3.uexp" 506
"../../../Engine/Plugins/Editor/SpeedTreeImporter/Content/SpeedTree9/UnpackDirection.uasset" 507
"../../../Engine/Plugins/Editor/SpeedTreeImporter/Content/SpeedTree9/UnpackDirection.uexp" 508
"../../../Engine/Plugins/Editor/SpeedTreeImporter/Content/SpeedTree9/game_wind_noise.uasset" 509
"../../../Engine/Plugins/Editor/SpeedTreeImporter/Content/SpeedTree9/game_wind_noise.uexp" 510
"../../../Engine/Plugins/Editor/SpeedTreeImporter/Content/SpeedTree9/game_wind_noise.ubulk" 511
"../../../Engine/Content/Functions/Engine_MaterialFunctions02/SafeNormalize.uasset" 512
"../../../Engine/Content/Functions/Engine_MaterialFunctions02/SafeNormalize.uexp" 513
"../../../Engine/Plugins/Editor/SpeedTreeImporter/Content/SpeedTree9/SpeedTreeWindMotion.uasset" 514
"../../../Engine/Plugins/Editor/SpeedTreeImporter/Content/SpeedTree9/SpeedTreeWindMotion.uexp" 515
"../../../Engine/Plugins/Editor/SpeedTreeImporter/Content/SpeedTree9/SpeedTreeBranchMotion.uasset" 516
"../../../Engine/Plugins/Editor/SpeedTreeImporter/Content/SpeedTree9/SpeedTreeBranchMotion.uexp" 517
"../../../Engine/Content/Functions/Engine_MaterialFunctions02/ObjectLocalBounds.uasset" 518
"../../../Engine/Content/Functions/Engine_MaterialFunctions02/ObjectLocalBounds.uexp" 519
"../../../Engine/Content/Functions/Engine_MaterialFunctions02/UVs/BoundingBoxBased_0-1_UVW.uasset" 520
"../../../Engine/Content/Functions/Engine_MaterialFunctions02/UVs/BoundingBoxBased_0-1_UVW.uexp" 521
"../../../Engine/Content/Functions/Engine_MaterialFunctions02/Utility/VectorLength.uasset" 522
"../../../Engine/Content/Functions/Engine_MaterialFunctions02/Utility/VectorLength.uexp" 523
"../../../Engine/Content/Functions/Engine_MaterialFunctions02/WorldPositionOffset/ObjectScale.uasset" 524
"../../../Engine/Content/Functions/Engine_MaterialFunctions02/WorldPositionOffset/ObjectScale.uexp" 525
"../../../Engine/Plugins/Editor/SpeedTreeImporter/Content/SpeedTree9/SpeedTreeWind.uasset" 526
"../../../Engine/Plugins/Editor/SpeedTreeImporter/Content/SpeedTree9/SpeedTreeWind.uexp" 527
"../../../Engine/Plugins/Editor/SpeedTreeImporter/Content/SpeedTree9/SpeedTreeBillboard.uasset" 528
"../../../Engine/Plugins/Editor/SpeedTreeImporter/Content/SpeedTree9/SpeedTreeBillboard.uexp" 529
"../../../Engine/Plugins/Editor/SpeedTreeImporter/Content/SpeedTree9/EmptyNormal.uasset" 530
"../../../Engine/Plugins/Editor/SpeedTreeImporter/Content/SpeedTree9/EmptyNormal.uexp" 531
"../../../Engine/Plugins/Editor/SpeedTreeImporter/Content/SpeedTree9/Empty.uasset" 532
"../../../Engine/Plugins/Editor/SpeedTreeImporter/Content/SpeedTree9/Empty.uexp" 533
"../../../Engine/Plugins/Editor/SpeedTreeImporter/Content/SpeedTree9/SpeedTreeBillboardMaster.uasset" 534
"../../../Engine/Plugins/Editor/SpeedTreeImporter/Content/SpeedTree9/SpeedTreeBillboardMaster.uexp" 535
"../../../Engine/Plugins/Editor/SpeedTreeImporter/Content/SpeedTree9/SpeedTreeCameraFacing.uasset" 536
"../../../Engine/Plugins/Editor/SpeedTreeImporter/Content/SpeedTree9/SpeedTreeCameraFacing.uexp" 537
"../../../Engine/Plugins/Editor/SpeedTreeImporter/Content/SpeedTree9/SpeedTreeMaster.uasset" 538
"../../../Engine/Plugins/Editor/SpeedTreeImporter/Content/SpeedTree9/SpeedTreeMaster.uexp" 539
"../../../Engine/Content/BasicShapes/Cylinder.uasset" 540
"../../../Engine/Content/BasicShapes/Cylinder.uexp" 541
"../../../Engine/Content/ArtTools/RenderToTexture/Materials/Debug/M_Emissive_Color.uasset" 542
"../../../Engine/Content/ArtTools/RenderToTexture/Materials/Debug/M_Emissive_Color.uexp" 543
"../../../Engine/Plugins/Lumin/MagicLeapPassableWorld/Content/MagicLeapARPinInfoActor.uasset" 544
"../../../Engine/Plugins/Lumin/MagicLeapPassableWorld/Content/MagicLeapARPinInfoActor.uexp" 545
"../../../Engine/Plugins/Runtime/OpenXR/Content/Devices/GoogleDaydream/MRTexture.uasset" 546
"../../../Engine/Plugins/Runtime/OpenXR/Content/Devices/GoogleDaydream/MRTexture.uexp" 547
"../../../Engine/Plugins/Runtime/OpenXR/Content/Devices/GoogleDaydream/MRTexture.ubulk" 548
"../../../Engine/Plugins/Runtime/OpenXR/Content/Devices/GoogleDaydream/BaseTexture.uasset" 549
"../../../Engine/Plugins/Runtime/OpenXR/Content/Devices/GoogleDaydream/BaseTexture.uexp" 550
"../../../Engine/Plugins/Runtime/OpenXR/Content/Devices/GoogleDaydream/BaseTexture.ubulk" 551
"../../../Engine/Content/EngineResources/Black.uasset" 552
"../../../Engine/Content/EngineResources/Black.uexp" 553
"../../../Engine/Plugins/Runtime/OpenXR/Content/Devices/M_XRController.uasset" 554
"../../../Engine/Plugins/Runtime/OpenXR/Content/Devices/M_XRController.uexp" 555
"../../../Engine/Plugins/Runtime/OpenXR/Content/Devices/GoogleDaydream/MI_GoogleDaydream.uasset" 556
"../../../Engine/Plugins/Runtime/OpenXR/Content/Devices/GoogleDaydream/MI_GoogleDaydream.uexp" 557
"../../../Engine/Plugins/Runtime/OpenXR/Content/Devices/GoogleDaydream/GoogleDaydreamController.uasset" 558
"../../../Engine/Plugins/Runtime/OpenXR/Content/Devices/GoogleDaydream/GoogleDaydreamController.uexp" 559
"../../../Engine/Plugins/Runtime/OpenXR/Content/Devices/HTCVive/BaseTexture.uasset" 560
"../../../Engine/Plugins/Runtime/OpenXR/Content/Devices/HTCVive/BaseTexture.uexp" 561
"../../../Engine/Plugins/Runtime/OpenXR/Content/Devices/HTCVive/BaseTexture.ubulk" 562
"../../../Engine/Plugins/Runtime/OpenXR/Content/Devices/HTCVive/MI_HTCVive.uasset" 563
"../../../Engine/Plugins/Runtime/OpenXR/Content/Devices/HTCVive/MI_HTCVive.uexp" 564
"../../../Engine/Plugins/Runtime/OpenXR/Content/Devices/HTCVive/HTCViveController.uasset" 565
"../../../Engine/Plugins/Runtime/OpenXR/Content/Devices/HTCVive/HTCViveController.uexp" 566
"../../../Engine/Plugins/Runtime/OpenXR/Content/Devices/MicrosoftMixedReality/NormalTexture.uasset" 567
"../../../Engine/Plugins/Runtime/OpenXR/Content/Devices/MicrosoftMixedReality/NormalTexture.uexp" 568
"../../../Engine/Plugins/Runtime/OpenXR/Content/Devices/MicrosoftMixedReality/NormalTexture.ubulk" 569
"../../../Engine/Plugins/Runtime/OpenXR/Content/Devices/MicrosoftMixedReality/MRTexture.uasset" 570
"../../../Engine/Plugins/Runtime/OpenXR/Content/Devices/MicrosoftMixedReality/MRTexture.uexp" 571
"../../../Engine/Plugins/Runtime/OpenXR/Content/Devices/MicrosoftMixedReality/MRTexture.ubulk" 572
"../../../Engine/Plugins/Runtime/OpenXR/Content/Devices/MicrosoftMixedReality/EmissiveTexture.uasset" 573
"../../../Engine/Plugins/Runtime/OpenXR/Content/Devices/MicrosoftMixedReality/EmissiveTexture.uexp" 574
"../../../Engine/Plugins/Runtime/OpenXR/Content/Devices/MicrosoftMixedReality/EmissiveTexture.ubulk" 575
"../../../Engine/Plugins/Runtime/OpenXR/Content/Devices/MicrosoftMixedReality/BaseTexture.uasset" 576
"../../../Engine/Plugins/Runtime/OpenXR/Content/Devices/MicrosoftMixedReality/BaseTexture.uexp" 577
"../../../Engine/Plugins/Runtime/OpenXR/Content/Devices/MicrosoftMixedReality/BaseTexture.ubulk" 578
"../../../Engine/Plugins/Runtime/OpenXR/Content/Devices/MicrosoftMixedReality/MI_MicrosoftMixedReality.uasset" 579
"../../../Engine/Plugins/Runtime/OpenXR/Content/Devices/MicrosoftMixedReality/MI_MicrosoftMixedReality.uexp" 580
"../../../Engine/Plugins/Runtime/OpenXR/Content/Devices/MicrosoftMixedReality/Left/left_MicrosoftMixedRealityController.uasset" 581
"../../../Engine/Plugins/Runtime/OpenXR/Content/Devices/MicrosoftMixedReality/Left/left_MicrosoftMixedRealityController.uexp" 582
"../../../Engine/Plugins/Runtime/OpenXR/Content/Devices/MicrosoftMixedReality/Right/right_MicrosoftMixedRealityController.uasset" 583
"../../../Engine/Plugins/Runtime/OpenXR/Content/Devices/MicrosoftMixedReality/Right/right_MicrosoftMixedRealityController.uexp" 584
"../../../Engine/Plugins/Runtime/OpenXR/Content/Devices/OculusGo/BaseTexture.uasset" 585
"../../../Engine/Plugins/Runtime/OpenXR/Content/Devices/OculusGo/BaseTexture.uexp" 586
"../../../Engine/Plugins/Runtime/OpenXR/Content/Devices/OculusGo/BaseTexture.ubulk" 587
"../../../Engine/Plugins/Runtime/OpenXR/Content/Devices/OculusGo/MI_OculusGo.uasset" 588
"../../../Engine/Plugins/Runtime/OpenXR/Content/Devices/OculusGo/MI_OculusGo.uexp" 589
"../../../Engine/Plugins/Runtime/OpenXR/Content/Devices/OculusGo/OculusGoController.uasset" 590
"../../../Engine/Plugins/Runtime/OpenXR/Content/Devices/OculusGo/OculusGoController.uexp" 591
"../../../Engine/Plugins/Runtime/OpenXR/Content/Devices/OculusTouch/MRTexture.uasset" 592
"../../../Engine/Plugins/Runtime/OpenXR/Content/Devices/OculusTouch/MRTexture.uexp" 593
"../../../Engine/Plugins/Runtime/OpenXR/Content/Devices/OculusTouch/MRTexture.ubulk" 594
"../../../Engine/Plugins/Runtime/OpenXR/Content/Devices/OculusTouch/BaseTexture.uasset" 595
"../../../Engine/Plugins/Runtime/OpenXR/Content/Devices/OculusTouch/BaseTexture.uexp" 596
"../../../Engine/Plugins/Runtime/OpenXR/Content/Devices/OculusTouch/BaseTexture.ubulk" 597
"../../../Engine/Plugins/Runtime/OpenXR/Content/Devices/OculusTouch/MI_OculusTouch.uasset" 598
"../../../Engine/Plugins/Runtime/OpenXR/Content/Devices/OculusTouch/MI_OculusTouch.uexp" 599
"../../../Engine/Plugins/Runtime/OpenXR/Content/Devices/OculusTouch/Left/left_OculusTouchController.uasset" 600
"../../../Engine/Plugins/Runtime/OpenXR/Content/Devices/OculusTouch/Left/left_OculusTouchController.uexp" 601
"../../../Engine/Plugins/Runtime/OpenXR/Content/Devices/OculusTouch/Right/right_OculusTouchController.uasset" 602
"../../../Engine/Plugins/Runtime/OpenXR/Content/Devices/OculusTouch/Right/right_OculusTouchController.uexp" 603
"../../../Engine/Plugins/Runtime/OpenXR/Content/Devices/OculusTouch_v2/MRTexture.uasset" 604
"../../../Engine/Plugins/Runtime/OpenXR/Content/Devices/OculusTouch_v2/MRTexture.uexp" 605
"../../../Engine/Plugins/Runtime/OpenXR/Content/Devices/OculusTouch_v2/MRTexture.ubulk" 606
"../../../Engine/Plugins/Runtime/OpenXR/Content/Devices/OculusTouch_v2/BaseTexture.uasset" 607
"../../../Engine/Plugins/Runtime/OpenXR/Content/Devices/OculusTouch_v2/BaseTexture.uexp" 608
"../../../Engine/Plugins/Runtime/OpenXR/Content/Devices/OculusTouch_v2/BaseTexture.ubulk" 609
"../../../Engine/Plugins/Runtime/OpenXR/Content/Devices/OculusTouch_v2/MI_OculusTouch_v2.uasset" 610
"../../../Engine/Plugins/Runtime/OpenXR/Content/Devices/OculusTouch_v2/MI_OculusTouch_v2.uexp" 611
"../../../Engine/Plugins/Runtime/OpenXR/Content/Devices/OculusTouch_v2/Left/left_OculusTouch_v2Controller.uasset" 612
"../../../Engine/Plugins/Runtime/OpenXR/Content/Devices/OculusTouch_v2/Left/left_OculusTouch_v2Controller.uexp" 613
"../../../Engine/Plugins/Runtime/OpenXR/Content/Devices/OculusTouch_v2/Right/right_OculusTouch_v2Controller.uasset" 614
"../../../Engine/Plugins/Runtime/OpenXR/Content/Devices/OculusTouch_v2/Right/right_OculusTouch_v2Controller.uexp" 615
"../../../Engine/Plugins/Runtime/OpenXR/Content/Devices/OculusTouch_v3/MRTexture.uasset" 616
"../../../Engine/Plugins/Runtime/OpenXR/Content/Devices/OculusTouch_v3/MRTexture.uexp" 617
"../../../Engine/Plugins/Runtime/OpenXR/Content/Devices/OculusTouch_v3/MRTexture.ubulk" 618
"../../../Engine/Plugins/Runtime/OpenXR/Content/Devices/OculusTouch_v3/BaseTexture.uasset" 619
"../../../Engine/Plugins/Runtime/OpenXR/Content/Devices/OculusTouch_v3/BaseTexture.uexp" 620
"../../../Engine/Plugins/Runtime/OpenXR/Content/Devices/OculusTouch_v3/BaseTexture.ubulk" 621
"../../../Engine/Plugins/Runtime/OpenXR/Content/Devices/OculusTouch_v3/MI_OculusTouch_v3.uasset" 622
"../../../Engine/Plugins/Runtime/OpenXR/Content/Devices/OculusTouch_v3/MI_OculusTouch_v3.uexp" 623
"../../../Engine/Plugins/Runtime/OpenXR/Content/Devices/OculusTouch_v3/Left/left_OculusTouch_v3Controller.uasset" 624
"../../../Engine/Plugins/Runtime/OpenXR/Content/Devices/OculusTouch_v3/Left/left_OculusTouch_v3Controller.uexp" 625
"../../../Engine/Plugins/Runtime/OpenXR/Content/Devices/OculusTouch_v3/Right/right_OculusTouch_v3Controller.uasset" 626
"../../../Engine/Plugins/Runtime/OpenXR/Content/Devices/OculusTouch_v3/Right/right_OculusTouch_v3Controller.uexp" 627
"../../../Engine/Plugins/Runtime/OpenXR/Content/Devices/ValveIndex/MRTexture.uasset" 628
"../../../Engine/Plugins/Runtime/OpenXR/Content/Devices/ValveIndex/MRTexture.uexp" 629
"../../../Engine/Plugins/Runtime/OpenXR/Content/Devices/ValveIndex/MRTexture.ubulk" 630
"../../../Engine/Plugins/Runtime/OpenXR/Content/Devices/ValveIndex/BaseTexture.uasset" 631
"../../../Engine/Plugins/Runtime/OpenXR/Content/Devices/ValveIndex/BaseTexture.uexp" 632
"../../../Engine/Plugins/Runtime/OpenXR/Content/Devices/ValveIndex/BaseTexture.ubulk" 633
"../../../Engine/Plugins/Runtime/OpenXR/Content/Devices/ValveIndex/Left/MI_left_ValveIndex.uasset" 634
"../../../Engine/Plugins/Runtime/OpenXR/Content/Devices/ValveIndex/Left/MI_left_ValveIndex.uexp" 635
"../../../Engine/Plugins/Runtime/OpenXR/Content/Devices/ValveIndex/Left/left_ValveIndexController.uasset" 636
"../../../Engine/Plugins/Runtime/OpenXR/Content/Devices/ValveIndex/Left/left_ValveIndexController.uexp" 637
"../../../Engine/Plugins/Runtime/OpenXR/Content/Devices/ValveIndex/Right/MI_right_ValveIndex.uasset" 638
"../../../Engine/Plugins/Runtime/OpenXR/Content/Devices/ValveIndex/Right/MI_right_ValveIndex.uexp" 639
"../../../Engine/Plugins/Runtime/OpenXR/Content/Devices/ValveIndex/Right/right_ValveIndexController.uasset" 640
"../../../Engine/Plugins/Runtime/OpenXR/Content/Devices/ValveIndex/Right/right_ValveIndexController.uexp" 641
"../../../Engine/Content/Functions/Engine_MaterialFunctions02/Utility/BreakOutFloat4Components.uasset" 642
"../../../Engine/Content/Functions/Engine_MaterialFunctions02/Utility/BreakOutFloat4Components.uexp" 643
"../../../Engine/Content/Functions/Engine_MaterialFunctions02/Utility/MakeFloat3.uasset" 644
"../../../Engine/Content/Functions/Engine_MaterialFunctions02/Utility/MakeFloat3.uexp" 645
"../../../Engine/Plugins/Runtime/Oculus/OculusVR/Content/Materials/OculusMR_ChromaKey.uasset" 646
"../../../Engine/Plugins/Runtime/Oculus/OculusVR/Content/Materials/OculusMR_ChromaKey.uexp" 647
"../../../Engine/Plugins/Runtime/Oculus/OculusVR/Content/Materials/OculusMR_OpaqueColoredMaterial.uasset" 648
"../../../Engine/Plugins/Runtime/Oculus/OculusVR/Content/Materials/OculusMR_OpaqueColoredMaterial.uexp" 649
"../../../Engine/Plugins/Runtime/Oculus/OculusVR/Content/Materials/PokeAHoleMaterial.uasset" 650
"../../../Engine/Plugins/Runtime/Oculus/OculusVR/Content/Materials/PokeAHoleMaterial.uexp" 651
"../../../Engine/Plugins/Runtime/Oculus/OculusVR/Content/Textures/touchController_controlmap.uasset" 652
"../../../Engine/Plugins/Runtime/Oculus/OculusVR/Content/Textures/touchController_controlmap.uexp" 653
"../../../Engine/Plugins/Runtime/Oculus/OculusVR/Content/Textures/touchController_controlmap.ubulk" 654
"../../../Engine/Plugins/Runtime/Oculus/OculusVR/Content/Textures/touchController_albedo.uasset" 655
"../../../Engine/Plugins/Runtime/Oculus/OculusVR/Content/Textures/touchController_albedo.uexp" 656
"../../../Engine/Plugins/Runtime/Oculus/OculusVR/Content/Textures/touchController_albedo.ubulk" 657
"../../../Engine/Plugins/Runtime/Oculus/OculusVR/Content/Materials/touchController_mat.uasset" 658
"../../../Engine/Plugins/Runtime/Oculus/OculusVR/Content/Materials/touchController_mat.uexp" 659
"../../../Engine/Plugins/Runtime/Oculus/OculusVR/Content/Meshes/LeftTouchController.uasset" 660
"../../../Engine/Plugins/Runtime/Oculus/OculusVR/Content/Meshes/LeftTouchController.uexp" 661
"../../../Engine/Plugins/Runtime/Oculus/OculusVR/Content/Textures/TouchForQuestRiftSController_albedo.uasset" 662
"../../../Engine/Plugins/Runtime/Oculus/OculusVR/Content/Textures/TouchForQuestRiftSController_albedo.uexp" 663
"../../../Engine/Plugins/Runtime/Oculus/OculusVR/Content/Textures/TouchForQuestRiftSController_albedo.ubulk" 664
"../../../Engine/Plugins/Runtime/Oculus/OculusVR/Content/Materials/TouchForQuestRiftSControllerMaterial.uasset" 665
"../../../Engine/Plugins/Runtime/Oculus/OculusVR/Content/Materials/TouchForQuestRiftSControllerMaterial.uexp" 666
"../../../Engine/Plugins/Runtime/Oculus/OculusVR/Content/Meshes/LeftTouchForQuestRiftSController.uasset" 667
"../../../Engine/Plugins/Runtime/Oculus/OculusVR/Content/Meshes/LeftTouchForQuestRiftSController.uexp" 668
"../../../Engine/Plugins/Runtime/Oculus/OculusVR/Content/Meshes/RiftHMD.uasset" 669
"../../../Engine/Plugins/Runtime/Oculus/OculusVR/Content/Meshes/RiftHMD.uexp" 670
"../../../Engine/Plugins/Runtime/Oculus/OculusVR/Content/Meshes/RightTouchController.uasset" 671
"../../../Engine/Plugins/Runtime/Oculus/OculusVR/Content/Meshes/RightTouchController.uexp" 672
"../../../Engine/Plugins/Runtime/Oculus/OculusVR/Content/Meshes/RightTouchForQuestRiftSController.uasset" 673
"../../../Engine/Plugins/Runtime/Oculus/OculusVR/Content/Meshes/RightTouchForQuestRiftSController.uexp" 674
"../../../Engine/Content/EngineSky/T_Sky_Stars.uasset" 675
"../../../Engine/Content/EngineSky/T_Sky_Stars.uexp" 676
"../../../Engine/Content/EngineSky/T_Sky_Stars.ubulk" 677
"../../../Engine/Content/EngineSky/T_Sky_Clouds_M.uasset" 678
"../../../Engine/Content/EngineSky/T_Sky_Clouds_M.uexp" 679
"../../../Engine/Content/EngineSky/T_Sky_Clouds_M.ubulk" 680
"../../../Engine/Content/EngineSky/T_Sky_Blue.uasset" 681
"../../../Engine/Content/EngineSky/T_Sky_Blue.uexp" 682
"../../../Engine/Content/EngineSky/T_Sky_Blue.ubulk" 683
"../../../Engine/Content/EngineSky/M_Sky_Panning_Clouds2.uasset" 684
"../../../Engine/Content/EngineSky/M_Sky_Panning_Clouds2.uexp" 685
"../../../Engine/Content/Functions/Engine_MaterialFunctions03/Procedurals/ComputeFilterWidth.uasset" 686
"../../../Engine/Content/Functions/Engine_MaterialFunctions03/Procedurals/ComputeFilterWidth.uexp" 687
"../../../Engine/Content/EngineMaterials/AntiAliasedTextMaterialTranslucent.uasset" 688
"../../../Engine/Content/EngineMaterials/AntiAliasedTextMaterialTranslucent.uexp" 689
"C:/Users/zinsk/Documents/GitHub/JV2B_Projet_Semestriel_4/PS4/Content/FirstPersonBP/Maps/FirstPersonExampleMap_BuiltData.uasset" 690
"C:/Users/zinsk/Documents/GitHub/JV2B_Projet_Semestriel_4/PS4/Content/FirstPersonBP/Maps/FirstPersonExampleMap_BuiltData.uexp" 691
"C:/Users/zinsk/Documents/GitHub/JV2B_Projet_Semestriel_4/PS4/Content/FirstPersonBP/Maps/FirstPersonExampleMap_BuiltData.ubulk" 692
"../../../Engine/Content/EngineSky/SM_SkySphere.uasset" 693
"../../../Engine/Content/EngineSky/SM_SkySphere.uexp" 694
"../../../Engine/Content/EngineSky/C_Sky_Zenith_Color.uasset" 695
"../../../Engine/Content/EngineSky/C_Sky_Zenith_Color.uexp" 696
"../../../Engine/Content/EngineSky/C_Sky_Horizon_Color.uasset" 697
"../../../Engine/Content/EngineSky/C_Sky_Horizon_Color.uexp" 698
"../../../Engine/Content/EngineSky/C_Sky_Cloud_Color.uasset" 699
"../../../Engine/Content/EngineSky/C_Sky_Cloud_Color.uexp" 700
"../../../Engine/Content/EngineSky/BP_Sky_Sphere.uasset" 701
"../../../Engine/Content/EngineSky/BP_Sky_Sphere.uexp" 702
"C:/Users/zinsk/Documents/GitHub/JV2B_Projet_Semestriel_4/PS4/Content/FirstPersonBP/Maps/FirstPersonExampleMap.uexp" 703
"C:/Users/zinsk/Documents/GitHub/JV2B_Projet_Semestriel_4/PS4/Content/FirstPersonBP/Maps/FirstPersonExampleMap.umap" 704
"../../../Engine/Content/Maps/Entry_BuiltData.uasset" 705
"../../../Engine/Content/Maps/Entry_BuiltData.uexp" 706
"../../../Engine/Content/Maps/Entry.uexp" 707
"../../../Engine/Content/Maps/Entry.umap" 708
