Log file open, 05/23/22 11:35:53
LogWindows: Failed to load 'aqProf.dll' (GetLastError=126)
LogWindows: File 'aqProf.dll' does not exist
LogWindows: Failed to load 'VtuneApi.dll' (GetLastError=126)
LogWindows: File 'VtuneApi.dll' does not exist
LogWindows: Failed to load 'VtuneApi32e.dll' (GetLastError=126)
LogWindows: File 'VtuneApi32e.dll' does not exist
LogConsoleResponse: Display: Failed to find resolution value strings in scalability ini. Falling back to default.
LogConsoleResponse: Display: Failed to find resolution value strings in scalability ini. Falling back to default.
LogInit: Display: Running engine for game: PS4
LogPlatformFile: Not using cached read wrapper
LogTaskGraph: Started task graph with 5 named threads and 47 total threads with 3 sets of task threads.
LogStats: Stats thread started at 0.160640
LogICUInternationalization: ICU TimeZone Detection - Raw Offset: +1:00, Platform Override: ''
LogInit: Display: Loading text-based GConfig....
LogPluginManager: Mounting plugin MeshPainting
LogPluginManager: Mounting plugin XGEController
LogPluginManager: Mounting plugin Paper2D
LogPluginManager: Mounting plugin AISupport
LogPluginManager: Mounting plugin EnvironmentQueryEditor
LogPluginManager: Mounting plugin LiveLink
LogPluginManager: Mounting plugin CameraShakePreviewer
LogPluginManager: Mounting plugin GameplayCameras
LogPluginManager: Mounting plugin LightPropagationVolume
LogPluginManager: Mounting plugin AnimationSharing
LogPluginManager: Mounting plugin CodeLiteSourceCodeAccess
LogPluginManager: Mounting plugin KDevelopSourceCodeAccess
LogPluginManager: Mounting plugin CLionSourceCodeAccess
LogPluginManager: Mounting plugin AssetManagerEditor
LogPluginManager: Mounting plugin NullSourceCodeAccess
LogPluginManager: Mounting plugin GitSourceControl
LogPluginManager: Mounting plugin CryptoKeys
LogPluginManager: Mounting plugin DataValidation
LogPluginManager: Mounting plugin CurveEditorTools
LogPluginManager: Mounting plugin PerforceSourceControl
LogPluginManager: Mounting plugin PixWinPlugin
LogPluginManager: Mounting plugin PlasticSourceControl
LogPluginManager: Mounting plugin FacialAnimation
LogPluginManager: Mounting plugin PropertyAccessNode
LogPluginManager: Mounting plugin GameplayTagsEditor
LogPluginManager: Mounting plugin GeometryMode
LogPluginManager: Mounting plugin RiderSourceCodeAccess
LogPluginManager: Mounting plugin TextureFormatOodle
LogPluginManager: Mounting plugin PluginUtils
LogPluginManager: Mounting plugin SubversionSourceControl
LogPluginManager: Mounting plugin MaterialAnalyzer
LogPluginManager: Mounting plugin UObjectPlugin
LogPluginManager: Mounting plugin MobileLauncherProfileWizard
LogPluginManager: Mounting plugin VisualStudioSourceCodeAccess
LogPluginManager: Mounting plugin VisualStudioCodeSourceCodeAccess
LogPluginManager: Mounting plugin PluginBrowser
LogPluginManager: Mounting plugin XCodeSourceCodeAccess
LogPluginManager: Mounting plugin MacGraphicsSwitching
LogPluginManager: Mounting plugin SpeedTreeImporter
LogPluginManager: Mounting plugin OodleData
LogPluginManager: Mounting plugin OodleNetwork
LogPluginManager: Mounting plugin DatasmithContent
LogPluginManager: Mounting plugin VariantManagerContent
LogPluginManager: Mounting plugin AlembicImporter
LogPluginManager: Mounting plugin BackChannel
LogPluginManager: Mounting plugin ChaosCloth
LogPluginManager: Mounting plugin AutomationUtils
LogPluginManager: Mounting plugin ChaosEditor
LogPluginManager: Mounting plugin ChaosNiagara
LogPluginManager: Mounting plugin ChaosSolverPlugin
LogPluginManager: Mounting plugin CharacterAI
LogPluginManager: Mounting plugin ChaosClothEditor
LogPluginManager: Mounting plugin Niagara
LogPluginManager: Mounting plugin GeometryCache
LogPluginManager: Mounting plugin GeometryProcessing
LogPluginManager: Mounting plugin GeometryCollectionPlugin
LogPluginManager: Mounting plugin MotoSynth
LogPluginManager: Mounting plugin OpenImageDenoise
LogPluginManager: Mounting plugin PlanarCut
LogPluginManager: Mounting plugin PlatformCrypto
LogPluginManager: Mounting plugin ProxyLODPlugin
LogPluginManager: Mounting plugin PythonScriptPlugin
LogPluginManager: Mounting plugin SkeletalReduction
LogPluginManager: Mounting plugin AndroidMedia
LogPluginManager: Mounting plugin AvfMedia
LogPluginManager: Mounting plugin ImgMedia
LogPluginManager: Mounting plugin MediaPlayerEditor
LogPluginManager: Mounting plugin WmfMedia
LogPluginManager: Mounting plugin TcpMessaging
LogPluginManager: Mounting plugin UdpMessaging
LogPluginManager: Mounting plugin WebMMedia
LogPluginManager: Mounting plugin LevelSequenceEditor
LogPluginManager: Mounting plugin ActorSequence
LogPluginManager: Mounting plugin MatineeToLevelSequence
LogPluginManager: Mounting plugin MediaCompositing
LogPluginManager: Mounting plugin TemplateSequence
LogPluginManager: Mounting plugin LuminPlatformFeatures
LogPluginManager: Mounting plugin MagicLeap
LogPluginManager: Mounting plugin OnlineSubsystem
LogPluginManager: Mounting plugin MagicLeapLightEstimation
LogPluginManager: Mounting plugin MagicLeapMedia
LogPluginManager: Mounting plugin LauncherChunkInstaller
LogPluginManager: Mounting plugin OnlineSubsystemNull
LogPluginManager: Mounting plugin MagicLeapPassableWorld
LogPluginManager: Mounting plugin OnlineSubsystemUtils
LogPluginManager: Mounting plugin MLSDK
LogPluginManager: Mounting plugin ScreenshotTools
LogPluginManager: Mounting plugin ActorLayerUtilities
LogPluginManager: Mounting plugin AndroidMoviePlayer
LogPluginManager: Mounting plugin AndroidDeviceProfileSelector
LogPluginManager: Mounting plugin AndroidPermission
LogPluginManager: Mounting plugin AppleMoviePlayer
LogPluginManager: Mounting plugin Takes
LogPluginManager: Mounting plugin ApexDestruction
LogPluginManager: Mounting plugin AppleImageUtils
LogPluginManager: Mounting plugin ArchVisCharacter
LogPluginManager: Mounting plugin AssetTags
LogPluginManager: Mounting plugin AudioCapture
LogPluginManager: Mounting plugin ChunkDownloader
LogPluginManager: Mounting plugin AudioSynesthesia
LogPluginManager: Mounting plugin CableComponent
LogPluginManager: Mounting plugin CustomMeshComponent
LogPluginManager: Mounting plugin EditableMesh
LogPluginManager: Mounting plugin ExampleDeviceProfileSelector
LogPluginManager: Mounting plugin GoogleCloudMessaging
LogPluginManager: Mounting plugin GooglePAD
LogPluginManager: Mounting plugin IOSDeviceProfileSelector
LogPluginManager: Mounting plugin LinuxDeviceProfileSelector
LogPluginManager: Mounting plugin LocationServicesBPLibrary
LogPluginManager: Mounting plugin MobilePatchingUtils
LogPluginManager: Mounting plugin OpenXR
LogPluginManager: Mounting plugin OpenXRHandTracking
LogPluginManager: Mounting plugin OpenXREyeTracker
LogPluginManager: Mounting plugin PhysXVehicles
LogPluginManager: Mounting plugin PostSplashScreen
LogPluginManager: Mounting plugin ProceduralMeshComponent
LogPluginManager: Mounting plugin PropertyAccessEditor
LogPluginManager: Mounting plugin RuntimePhysXCooking
LogPluginManager: Mounting plugin SoundFields
LogPluginManager: Mounting plugin SignificanceManager
LogPluginManager: Mounting plugin Synthesis
LogPluginManager: Mounting plugin WebMMoviePlayer
LogPluginManager: Mounting plugin WindowsMoviePlayer
LogPluginManager: Mounting plugin ContentBrowserAssetDataSource
LogPluginManager: Mounting plugin ContentBrowserClassDataSource
LogPluginManager: Mounting plugin ContentBrowserFileDataSource
LogPluginManager: Mounting plugin OnlineSubsystemGooglePlay
LogPluginManager: Mounting plugin OnlineSubsystemIOS
LogPluginManager: Mounting plugin OculusVR
LogPluginManager: Mounting plugin SteamVR
PixWinPlugin: PIX capture plugin failed to initialize! Check that the process is launched from PIX.
LogInit: Using libcurl 7.55.1-DEV
LogInit:  - built for x86_64-pc-win32
LogInit:  - supports SSL with OpenSSL/1.1.1
LogInit:  - supports HTTP deflate (compression) using libz 1.2.8
LogInit:  - other features:
LogInit:      CURL_VERSION_SSL
LogInit:      CURL_VERSION_LIBZ
LogInit:      CURL_VERSION_IPV6
LogInit:      CURL_VERSION_ASYNCHDNS
LogInit:      CURL_VERSION_LARGEFILE
LogInit:      CURL_VERSION_IDN
LogInit:  CurlRequestOptions (configurable via config and command line):
LogInit:  - bVerifyPeer = true  - Libcurl will verify peer certificate
LogInit:  - bUseHttpProxy = false  - Libcurl will NOT use HTTP proxy
LogInit:  - bDontReuseConnections = false  - Libcurl will reuse connections
LogInit:  - MaxHostConnections = 16  - Libcurl will limit the number of connections to a host
LogInit:  - LocalHostAddr = Default
LogInit:  - BufferSize = 65536
LogOnline: OSS: Creating online subsystem instance for: NULL
LogInit: WinSock: version 1.1 (2.2), MaxSocks=32767, MaxUdp=65467
LogOnline: OSS: TryLoadSubsystemAndSetDefault: Loaded subsystem for module [NULL]
LogOculusPluginWrapper: OculusPlugin initialized successfully
LogHMD: Failed initializing OVRPlugin 1.59.0
LogInit: Build: ++UE4+Release-4.27-CL-18319896
LogInit: Engine Version: 4.27.2-18319896+++UE4+Release-4.27
LogInit: Compatible Engine Version: 4.27.0-17155196+++UE4+Release-4.27
LogInit: Net CL: 17155196
LogInit: OS: Windows 10 (Release 2009) (), CPU: 11th Gen Intel(R) Core(TM) i7-11700 @ 2.50GHz, GPU: NVIDIA GeForce RTX 3070
LogInit: Compiled (64-bit): Nov 30 2021 07:12:08
LogInit: Compiled with Visual C++: 19.24.28315.00
LogInit: Build Configuration: Development
LogInit: Branch Name: ++UE4+Release-4.27
LogInit: Command Line: 
LogInit: Base Directory: E:/Unreal/UE_4.27/Engine/Binaries/Win64/
LogInit: Allocator: TBB
LogInit: Installed Engine Build: 1
LogDevObjectVersion: Number of dev versions registered: 29
LogDevObjectVersion:   Dev-Blueprints (B0D832E4-1F89-4F0D-ACCF-7EB736FD4AA2): 10
LogDevObjectVersion:   Dev-Build (E1C64328-A22C-4D53-A36C-8E866417BD8C): 0
LogDevObjectVersion:   Dev-Core (375EC13C-06E4-48FB-B500-84F0262A717E): 4
LogDevObjectVersion:   Dev-Editor (E4B068ED-F494-42E9-A231-DA0B2E46BB41): 40
LogDevObjectVersion:   Dev-Framework (CFFC743F-43B0-4480-9391-14DF171D2073): 37
LogDevObjectVersion:   Dev-Mobile (B02B49B5-BB20-44E9-A304-32B752E40360): 3
LogDevObjectVersion:   Dev-Networking (A4E4105C-59A1-49B5-A7C5-40C4547EDFEE): 0
LogDevObjectVersion:   Dev-Online (39C831C9-5AE6-47DC-9A44-9C173E1C8E7C): 0
LogDevObjectVersion:   Dev-Physics (78F01B33-EBEA-4F98-B9B4-84EACCB95AA2): 14
LogDevObjectVersion:   Dev-Platform (6631380F-2D4D-43E0-8009-CF276956A95A): 0
LogDevObjectVersion:   Dev-Rendering (12F88B9F-8875-4AFC-A67C-D90C383ABD29): 45
LogDevObjectVersion:   Dev-Sequencer (7B5AE74C-D270-4C10-A958-57980B212A5A): 13
LogDevObjectVersion:   Dev-VR (D7296918-1DD6-4BDD-9DE2-64A83CC13884): 3
LogDevObjectVersion:   Dev-LoadTimes (C2A15278-BFE7-4AFE-6C17-90FF531DF755): 1
LogDevObjectVersion:   Private-Geometry (6EACA3D4-40EC-4CC1-B786-8BED09428FC5): 3
LogDevObjectVersion:   Dev-AnimPhys (29E575DD-E0A3-4627-9D10-D276232CDCEA): 17
LogDevObjectVersion:   Dev-Anim (AF43A65D-7FD3-4947-9873-3E8ED9C1BB05): 15
LogDevObjectVersion:   Dev-ReflectionCapture (6B266CEC-1EC7-4B8F-A30B-E4D90942FC07): 1
LogDevObjectVersion:   Dev-Automation (0DF73D61-A23F-47EA-B727-89E90C41499A): 1
LogDevObjectVersion:   FortniteMain (601D1886-AC64-4F84-AA16-D3DE0DEAC7D6): 47
LogDevObjectVersion:   FortniteRelease (E7086368-6B23-4C58-8439-1B7016265E91): 1
LogDevObjectVersion:   Dev-Enterprise (9DFFBCD6-494F-0158-E221-12823C92A888): 10
LogDevObjectVersion:   Dev-Niagara (F2AED0AC-9AFE-416F-8664-AA7FFA26D6FC): 1
LogDevObjectVersion:   Dev-Destruction (174F1F0B-B4C6-45A5-B13F-2EE8D0FB917D): 10
LogDevObjectVersion:   Dev-Physics-Ext (35F94A83-E258-406C-A318-09F59610247C): 41
LogDevObjectVersion:   Dev-PhysicsMaterial-Chaos (B68FC16E-8B1B-42E2-B453-215C058844FE): 1
LogDevObjectVersion:   Dev-CineCamera (B2E18506-4273-CFC2-A54E-F4BB758BBA07): 1
LogDevObjectVersion:   Dev-VirtualProduction (64F58936-FD1B-42BA-BA96-7289D5D0FA4E): 1
LogDevObjectVersion:   Dev-MediaFramework (6F0ED827-A609-4895-9C91-998D90180EA4): 2
LogInit: Presizing for max 25165824 objects, including 0 objects not considered by GC, pre-allocating 0 bytes for permanent pool.
LogConfig: Applying CVar settings from Section [/Script/Engine.StreamingSettings] File [C:/Users/k.zins/Documents/GitHub/JV2B_Projet_Semestriel_4/PS4/Saved/Config/Windows/Engine.ini]
LogConfig: Setting CVar [[s.MinBulkDataSizeForAsyncLoading:131072]]
LogConfig: Setting CVar [[s.AsyncLoadingThreadEnabled:0]]
LogConfig: Setting CVar [[s.EventDrivenLoaderEnabled:1]]
LogConfig: Setting CVar [[s.WarnIfTimeLimitExceeded:0]]
LogConfig: Setting CVar [[s.TimeLimitExceededMultiplier:1.5]]
LogConfig: Setting CVar [[s.TimeLimitExceededMinTime:0.005]]
LogConfig: Setting CVar [[s.UseBackgroundLevelStreaming:1]]
LogConfig: Setting CVar [[s.PriorityAsyncLoadingExtraTime:15.0]]
LogConfig: Setting CVar [[s.LevelStreamingActorsUpdateTimeLimit:5.0]]
LogConfig: Setting CVar [[s.PriorityLevelStreamingActorsUpdateExtraTime:5.0]]
LogConfig: Setting CVar [[s.LevelStreamingComponentsRegistrationGranularity:10]]
LogConfig: Setting CVar [[s.UnregisterComponentsTimeLimit:1.0]]
LogConfig: Setting CVar [[s.LevelStreamingComponentsUnregistrationGranularity:5]]
LogConfig: Setting CVar [[s.FlushStreamingOnExit:1]]
LogInit: Object subsystem initialized
LogConfig: Setting CVar [[con.DebugEarlyDefault:1]]
LogConfig: Setting CVar [[r.setres:1280x720]]
[2022.05.23-09.35.53:458][  0]LogConfig: Setting CVar [[r.VSync:0]]
[2022.05.23-09.35.53:458][  0]LogConfig: Setting CVar [[r.RHICmdBypass:0]]
[2022.05.23-09.35.53:458][  0]LogConfig: Applying CVar settings from Section [/Script/Engine.RendererSettings] File [C:/Users/k.zins/Documents/GitHub/JV2B_Projet_Semestriel_4/PS4/Saved/Config/Windows/Engine.ini]
[2022.05.23-09.35.53:458][  0]LogConfig: Setting CVar [[r.GPUCrashDebugging:0]]
[2022.05.23-09.35.53:458][  0]LogConfig: Applying CVar settings from Section [/Script/Engine.RendererOverrideSettings] File [C:/Users/k.zins/Documents/GitHub/JV2B_Projet_Semestriel_4/PS4/Saved/Config/Windows/Engine.ini]
[2022.05.23-09.35.53:458][  0]LogConfig: Applying CVar settings from Section [/Script/Engine.StreamingSettings] File [C:/Users/k.zins/Documents/GitHub/JV2B_Projet_Semestriel_4/PS4/Saved/Config/Windows/Engine.ini]
[2022.05.23-09.35.53:458][  0]LogConfig: Setting CVar [[s.MinBulkDataSizeForAsyncLoading:131072]]
[2022.05.23-09.35.53:458][  0]LogConfig: Setting CVar [[s.AsyncLoadingThreadEnabled:0]]
[2022.05.23-09.35.53:458][  0]LogConfig: Setting CVar [[s.EventDrivenLoaderEnabled:1]]
[2022.05.23-09.35.53:458][  0]LogConfig: Setting CVar [[s.WarnIfTimeLimitExceeded:0]]
[2022.05.23-09.35.53:458][  0]LogConfig: Setting CVar [[s.TimeLimitExceededMultiplier:1.5]]
[2022.05.23-09.35.53:458][  0]LogConfig: Setting CVar [[s.TimeLimitExceededMinTime:0.005]]
[2022.05.23-09.35.53:458][  0]LogConfig: Setting CVar [[s.UseBackgroundLevelStreaming:1]]
[2022.05.23-09.35.53:458][  0]LogConfig: Setting CVar [[s.PriorityAsyncLoadingExtraTime:15.0]]
[2022.05.23-09.35.53:458][  0]LogConfig: Setting CVar [[s.LevelStreamingActorsUpdateTimeLimit:5.0]]
[2022.05.23-09.35.53:458][  0]LogConfig: Setting CVar [[s.PriorityLevelStreamingActorsUpdateExtraTime:5.0]]
[2022.05.23-09.35.53:458][  0]LogConfig: Setting CVar [[s.LevelStreamingComponentsRegistrationGranularity:10]]
[2022.05.23-09.35.53:458][  0]LogConfig: Setting CVar [[s.UnregisterComponentsTimeLimit:1.0]]
[2022.05.23-09.35.53:458][  0]LogConfig: Setting CVar [[s.LevelStreamingComponentsUnregistrationGranularity:5]]
[2022.05.23-09.35.53:458][  0]LogConfig: Setting CVar [[s.FlushStreamingOnExit:1]]
[2022.05.23-09.35.53:458][  0]LogConfig: Applying CVar settings from Section [/Script/Engine.GarbageCollectionSettings] File [C:/Users/k.zins/Documents/GitHub/JV2B_Projet_Semestriel_4/PS4/Saved/Config/Windows/Engine.ini]
[2022.05.23-09.35.53:458][  0]LogConfig: Setting CVar [[gc.MaxObjectsNotConsideredByGC:1]]
[2022.05.23-09.35.53:458][  0]LogConfig: Setting CVar [[gc.SizeOfPermanentObjectPool:0]]
[2022.05.23-09.35.53:458][  0]LogConfig: Setting CVar [[gc.FlushStreamingOnGC:0]]
[2022.05.23-09.35.53:458][  0]LogConfig: Setting CVar [[gc.NumRetriesBeforeForcingGC:10]]
[2022.05.23-09.35.53:458][  0]LogConfig: Setting CVar [[gc.AllowParallelGC:1]]
[2022.05.23-09.35.53:458][  0]LogConfig: Setting CVar [[gc.TimeBetweenPurgingPendingKillObjects:61.1]]
[2022.05.23-09.35.53:458][  0]LogConfig: Setting CVar [[gc.MaxObjectsInEditor:25165824]]
[2022.05.23-09.35.53:458][  0]LogConfig: Setting CVar [[gc.IncrementalBeginDestroyEnabled:1]]
[2022.05.23-09.35.53:458][  0]LogConfig: Setting CVar [[gc.CreateGCClusters:1]]
[2022.05.23-09.35.53:458][  0]LogConfig: Setting CVar [[gc.MinGCClusterSize:5]]
[2022.05.23-09.35.53:458][  0]LogConfig: Setting CVar [[gc.ActorClusteringEnabled:0]]
[2022.05.23-09.35.53:458][  0]LogConfig: Setting CVar [[gc.BlueprintClusteringEnabled:0]]
[2022.05.23-09.35.53:458][  0]LogConfig: Setting CVar [[gc.UseDisregardForGCOnDedicatedServers:0]]
[2022.05.23-09.35.53:458][  0]LogConfig: Setting CVar [[gc.MultithreadedDestructionEnabled:1]]
[2022.05.23-09.35.53:458][  0]LogConfig: Applying CVar settings from Section [/Script/Engine.NetworkSettings] File [C:/Users/k.zins/Documents/GitHub/JV2B_Projet_Semestriel_4/PS4/Saved/Config/Windows/Engine.ini]
[2022.05.23-09.35.53:458][  0]LogConfig: Applying CVar settings from Section [/Script/UnrealEd.CookerSettings] File [C:/Users/k.zins/Documents/GitHub/JV2B_Projet_Semestriel_4/PS4/Saved/Config/Windows/Engine.ini]
[2022.05.23-09.35.53:467][  0]LogConfig: Applying CVar settings from Section [ViewDistanceQuality@3] File [C:/Users/k.zins/Documents/GitHub/JV2B_Projet_Semestriel_4/PS4/Saved/Config/Windows/Scalability.ini]
[2022.05.23-09.35.53:467][  0]LogConfig: Setting CVar [[r.SkeletalMeshLODBias:0]]
[2022.05.23-09.35.53:467][  0]LogConfig: Setting CVar [[r.ViewDistanceScale:1.0]]
[2022.05.23-09.35.53:467][  0]LogConfig: Applying CVar settings from Section [AntiAliasingQuality@3] File [C:/Users/k.zins/Documents/GitHub/JV2B_Projet_Semestriel_4/PS4/Saved/Config/Windows/Scalability.ini]
[2022.05.23-09.35.53:467][  0]LogConfig: Setting CVar [[r.PostProcessAAQuality:4]]
[2022.05.23-09.35.53:467][  0]LogConfig: Applying CVar settings from Section [ShadowQuality@3] File [C:/Users/k.zins/Documents/GitHub/JV2B_Projet_Semestriel_4/PS4/Saved/Config/Windows/Scalability.ini]
[2022.05.23-09.35.53:467][  0]LogConfig: Setting CVar [[r.LightFunctionQuality:1]]
[2022.05.23-09.35.53:467][  0]LogConfig: Setting CVar [[r.ShadowQuality:5]]
[2022.05.23-09.35.53:467][  0]LogConfig: Setting CVar [[r.Shadow.CSM.MaxCascades:10]]
[2022.05.23-09.35.53:467][  0]LogConfig: Setting CVar [[r.Shadow.MaxResolution:2048]]
[2022.05.23-09.35.53:467][  0]LogConfig: Setting CVar [[r.Shadow.MaxCSMResolution:2048]]
[2022.05.23-09.35.53:467][  0]LogConfig: Setting CVar [[r.Shadow.RadiusThreshold:0.01]]
[2022.05.23-09.35.53:467][  0]LogConfig: Setting CVar [[r.Shadow.DistanceScale:1.0]]
[2022.05.23-09.35.53:467][  0]LogConfig: Setting CVar [[r.Shadow.CSM.TransitionScale:1.0]]
[2022.05.23-09.35.53:468][  0]LogConfig: Setting CVar [[r.Shadow.PreShadowResolutionFactor:1.0]]
[2022.05.23-09.35.53:468][  0]LogConfig: Setting CVar [[r.DistanceFieldShadowing:1]]
[2022.05.23-09.35.53:468][  0]LogConfig: Setting CVar [[r.DistanceFieldAO:1]]
[2022.05.23-09.35.53:468][  0]LogConfig: Setting CVar [[r.AOQuality:2]]
[2022.05.23-09.35.53:468][  0]LogConfig: Setting CVar [[r.VolumetricFog:1]]
[2022.05.23-09.35.53:468][  0]LogConfig: Setting CVar [[r.VolumetricFog.GridPixelSize:8]]
[2022.05.23-09.35.53:468][  0]LogConfig: Setting CVar [[r.VolumetricFog.GridSizeZ:128]]
[2022.05.23-09.35.53:468][  0]LogConfig: Setting CVar [[r.VolumetricFog.HistoryMissSupersampleCount:4]]
[2022.05.23-09.35.53:468][  0]LogConfig: Setting CVar [[r.LightMaxDrawDistanceScale:1]]
[2022.05.23-09.35.53:468][  0]LogConfig: Setting CVar [[r.CapsuleShadows:1]]
[2022.05.23-09.35.53:468][  0]LogConfig: Applying CVar settings from Section [PostProcessQuality@3] File [C:/Users/k.zins/Documents/GitHub/JV2B_Projet_Semestriel_4/PS4/Saved/Config/Windows/Scalability.ini]
[2022.05.23-09.35.53:468][  0]LogConfig: Setting CVar [[r.MotionBlurQuality:4]]
[2022.05.23-09.35.53:468][  0]LogConfig: Setting CVar [[r.AmbientOcclusionMipLevelFactor:0.4]]
[2022.05.23-09.35.53:468][  0]LogConfig: Setting CVar [[r.AmbientOcclusionMaxQuality:100]]
[2022.05.23-09.35.53:468][  0]LogConfig: Setting CVar [[r.AmbientOcclusionLevels:-1]]
[2022.05.23-09.35.53:468][  0]LogConfig: Setting CVar [[r.AmbientOcclusionRadiusScale:1.0]]
[2022.05.23-09.35.53:468][  0]LogConfig: Setting CVar [[r.DepthOfFieldQuality:2]]
[2022.05.23-09.35.53:468][  0]LogConfig: Setting CVar [[r.RenderTargetPoolMin:400]]
[2022.05.23-09.35.53:468][  0]LogConfig: Setting CVar [[r.LensFlareQuality:2]]
[2022.05.23-09.35.53:468][  0]LogConfig: Setting CVar [[r.SceneColorFringeQuality:1]]
[2022.05.23-09.35.53:468][  0]LogConfig: Setting CVar [[r.EyeAdaptationQuality:2]]
[2022.05.23-09.35.53:468][  0]LogConfig: Setting CVar [[r.BloomQuality:5]]
[2022.05.23-09.35.53:468][  0]LogConfig: Setting CVar [[r.FastBlurThreshold:100]]
[2022.05.23-09.35.53:468][  0]LogConfig: Setting CVar [[r.Upscale.Quality:3]]
[2022.05.23-09.35.53:468][  0]LogConfig: Setting CVar [[r.Tonemapper.GrainQuantization:1]]
[2022.05.23-09.35.53:468][  0]LogConfig: Setting CVar [[r.LightShaftQuality:1]]
[2022.05.23-09.35.53:468][  0]LogConfig: Setting CVar [[r.Filter.SizeScale:1]]
[2022.05.23-09.35.53:468][  0]LogConfig: Setting CVar [[r.Tonemapper.Quality:5]]
[2022.05.23-09.35.53:468][  0]LogConfig: Setting CVar [[r.DOF.Gather.AccumulatorQuality:1        ; higher gathering accumulator quality]]
[2022.05.23-09.35.53:468][  0]LogConfig: Setting CVar [[r.DOF.Gather.PostfilterMethod:1          ; Median3x3 postfilering method]]
[2022.05.23-09.35.53:468][  0]LogConfig: Setting CVar [[r.DOF.Gather.EnableBokehSettings:0       ; no bokeh simulation when gathering]]
[2022.05.23-09.35.53:468][  0]LogConfig: Setting CVar [[r.DOF.Gather.RingCount:4                 ; medium number of samples when gathering]]
[2022.05.23-09.35.53:468][  0]LogConfig: Setting CVar [[r.DOF.Scatter.ForegroundCompositing:1    ; additive foreground scattering]]
[2022.05.23-09.35.53:468][  0]LogConfig: Setting CVar [[r.DOF.Scatter.BackgroundCompositing:2    ; additive background scattering]]
[2022.05.23-09.35.53:468][  0]LogConfig: Setting CVar [[r.DOF.Scatter.EnableBokehSettings:1      ; bokeh simulation when scattering]]
[2022.05.23-09.35.53:468][  0]LogConfig: Setting CVar [[r.DOF.Scatter.MaxSpriteRatio:0.1         ; only a maximum of 10% of scattered bokeh]]
[2022.05.23-09.35.53:468][  0]LogConfig: Setting CVar [[r.DOF.Recombine.Quality:1                ; cheap slight out of focus]]
[2022.05.23-09.35.53:468][  0]LogConfig: Setting CVar [[r.DOF.Recombine.EnableBokehSettings:0    ; no bokeh simulation on slight out of focus]]
[2022.05.23-09.35.53:468][  0]LogConfig: Setting CVar [[r.DOF.TemporalAAQuality:1                ; more stable temporal accumulation]]
[2022.05.23-09.35.53:468][  0]LogConfig: Setting CVar [[r.DOF.Kernel.MaxForegroundRadius:0.025]]
[2022.05.23-09.35.53:468][  0]LogConfig: Setting CVar [[r.DOF.Kernel.MaxBackgroundRadius:0.025]]
[2022.05.23-09.35.53:468][  0]LogConfig: Applying CVar settings from Section [TextureQuality@3] File [C:/Users/k.zins/Documents/GitHub/JV2B_Projet_Semestriel_4/PS4/Saved/Config/Windows/Scalability.ini]
[2022.05.23-09.35.53:468][  0]LogConfig: Setting CVar [[r.Streaming.MipBias:0]]
[2022.05.23-09.35.53:468][  0]LogConfig: Setting CVar [[r.Streaming.AmortizeCPUToGPUCopy:0]]
[2022.05.23-09.35.53:468][  0]LogConfig: Setting CVar [[r.Streaming.MaxNumTexturesToStreamPerFrame:0]]
[2022.05.23-09.35.53:468][  0]LogConfig: Setting CVar [[r.Streaming.Boost:1]]
[2022.05.23-09.35.53:468][  0]LogConfig: Setting CVar [[r.MaxAnisotropy:8]]
[2022.05.23-09.35.53:468][  0]LogConfig: Setting CVar [[r.VT.MaxAnisotropy:8]]
[2022.05.23-09.35.53:468][  0]LogConfig: Setting CVar [[r.Streaming.LimitPoolSizeToVRAM:0]]
[2022.05.23-09.35.53:468][  0]LogConfig: Setting CVar [[r.Streaming.PoolSize:1000]]
[2022.05.23-09.35.53:468][  0]LogConfig: Setting CVar [[r.Streaming.MaxEffectiveScreenSize:0]]
[2022.05.23-09.35.53:468][  0]LogConfig: Applying CVar settings from Section [EffectsQuality@3] File [C:/Users/k.zins/Documents/GitHub/JV2B_Projet_Semestriel_4/PS4/Saved/Config/Windows/Scalability.ini]
[2022.05.23-09.35.53:468][  0]LogConfig: Setting CVar [[r.TranslucencyLightingVolumeDim:64]]
[2022.05.23-09.35.53:468][  0]LogConfig: Setting CVar [[r.RefractionQuality:2]]
[2022.05.23-09.35.53:468][  0]LogConfig: Setting CVar [[r.SSR.Quality:3]]
[2022.05.23-09.35.53:468][  0]LogConfig: Setting CVar [[r.SSR.HalfResSceneColor:0]]
[2022.05.23-09.35.53:468][  0]LogConfig: Setting CVar [[r.SceneColorFormat:4]]
[2022.05.23-09.35.53:468][  0]LogConfig: Setting CVar [[r.DetailMode:2]]
[2022.05.23-09.35.53:468][  0]LogConfig: Setting CVar [[r.TranslucencyVolumeBlur:1]]
[2022.05.23-09.35.53:468][  0]LogConfig: Setting CVar [[r.MaterialQualityLevel:1 ; High quality]]
[2022.05.23-09.35.53:468][  0]LogConfig: Setting CVar [[r.AnisotropicMaterials:1]]
[2022.05.23-09.35.53:468][  0]LogConfig: Setting CVar [[r.SSS.Scale:1]]
[2022.05.23-09.35.53:468][  0]LogConfig: Setting CVar [[r.SSS.SampleSet:2]]
[2022.05.23-09.35.53:468][  0]LogConfig: Setting CVar [[r.SSS.Quality:1]]
[2022.05.23-09.35.53:468][  0]LogConfig: Setting CVar [[r.SSS.HalfRes:0]]
[2022.05.23-09.35.53:468][  0]LogConfig: Setting CVar [[r.SSGI.Quality:3]]
[2022.05.23-09.35.53:468][  0]LogConfig: Setting CVar [[r.EmitterSpawnRateScale:1.0]]
[2022.05.23-09.35.53:468][  0]LogConfig: Setting CVar [[r.ParticleLightQuality:2]]
[2022.05.23-09.35.53:468][  0]LogConfig: Setting CVar [[r.SkyAtmosphere.AerialPerspectiveLUT.FastApplyOnOpaque:1 ; Always have FastSkyLUT 1 in this case to avoid wrong sky]]
[2022.05.23-09.35.53:468][  0]LogConfig: Setting CVar [[r.SkyAtmosphere.AerialPerspectiveLUT.SampleCountMaxPerSlice:4]]
[2022.05.23-09.35.53:468][  0]LogConfig: Setting CVar [[r.SkyAtmosphere.AerialPerspectiveLUT.DepthResolution:16.0]]
[2022.05.23-09.35.53:468][  0]LogConfig: Setting CVar [[r.SkyAtmosphere.FastSkyLUT:1]]
[2022.05.23-09.35.53:468][  0]LogConfig: Setting CVar [[r.SkyAtmosphere.FastSkyLUT.SampleCountMin:4.0]]
[2022.05.23-09.35.53:468][  0]LogConfig: Setting CVar [[r.SkyAtmosphere.FastSkyLUT.SampleCountMax:128.0]]
[2022.05.23-09.35.53:468][  0]LogConfig: Setting CVar [[r.SkyAtmosphere.SampleCountMin:4.0]]
[2022.05.23-09.35.53:468][  0]LogConfig: Setting CVar [[r.SkyAtmosphere.SampleCountMax:128.0]]
[2022.05.23-09.35.53:468][  0]LogConfig: Setting CVar [[r.SkyAtmosphere.TransmittanceLUT.UseSmallFormat:0]]
[2022.05.23-09.35.53:468][  0]LogConfig: Setting CVar [[r.SkyAtmosphere.TransmittanceLUT.SampleCount:10.0]]
[2022.05.23-09.35.53:468][  0]LogConfig: Setting CVar [[r.SkyAtmosphere.MultiScatteringLUT.SampleCount:15.0]]
[2022.05.23-09.35.53:468][  0]LogConfig: Setting CVar [[r.SkyLight.RealTimeReflectionCapture:1]]
[2022.05.23-09.35.53:468][  0]LogConfig: Applying CVar settings from Section [FoliageQuality@3] File [C:/Users/k.zins/Documents/GitHub/JV2B_Projet_Semestriel_4/PS4/Saved/Config/Windows/Scalability.ini]
[2022.05.23-09.35.53:468][  0]LogConfig: Setting CVar [[foliage.DensityScale:1.0]]
[2022.05.23-09.35.53:468][  0]LogConfig: Setting CVar [[grass.DensityScale:1.0]]
[2022.05.23-09.35.53:468][  0]LogConfig: Applying CVar settings from Section [ShadingQuality@3] File [C:/Users/k.zins/Documents/GitHub/JV2B_Projet_Semestriel_4/PS4/Saved/Config/Windows/Scalability.ini]
[2022.05.23-09.35.53:468][  0]LogConfig: Setting CVar [[r.HairStrands.SkyLighting.IntegrationType:2]]
[2022.05.23-09.35.53:468][  0]LogConfig: Setting CVar [[r.HairStrands.SkyAO.SampleCount:4]]
[2022.05.23-09.35.53:468][  0]LogConfig: Setting CVar [[r.HairStrands.Visibility.MSAA.SamplePerPixel:4]]
[2022.05.23-09.35.53:468][  0]LogInit: Selected Device Profile: [Windows]
[2022.05.23-09.35.53:468][  0]LogInit: Applying CVar settings loaded from the selected device profile: [Windows]
[2022.05.23-09.35.53:468][  0]LogHAL: Display: Platform has ~ 16 GB [16945225728 / 17179869184 / 16], which maps to Larger [LargestMinGB=32, LargerMinGB=12, DefaultMinGB=8, SmallerMinGB=6, SmallestMinGB=0)
[2022.05.23-09.35.53:468][  0]LogInit: Going up to parent DeviceProfile []
[2022.05.23-09.35.53:468][  0]LogConfig: Applying CVar settings from Section [ViewDistanceQuality@3] File [C:/Users/k.zins/Documents/GitHub/JV2B_Projet_Semestriel_4/PS4/Saved/Config/Windows/Scalability.ini]
[2022.05.23-09.35.53:468][  0]LogConfig: Setting CVar [[r.SkeletalMeshLODBias:0]]
[2022.05.23-09.35.53:468][  0]LogConfig: Setting CVar [[r.ViewDistanceScale:1.0]]
[2022.05.23-09.35.53:468][  0]LogConfig: Applying CVar settings from Section [AntiAliasingQuality@3] File [C:/Users/k.zins/Documents/GitHub/JV2B_Projet_Semestriel_4/PS4/Saved/Config/Windows/Scalability.ini]
[2022.05.23-09.35.53:468][  0]LogConfig: Setting CVar [[r.PostProcessAAQuality:4]]
[2022.05.23-09.35.53:468][  0]LogConfig: Applying CVar settings from Section [ShadowQuality@3] File [C:/Users/k.zins/Documents/GitHub/JV2B_Projet_Semestriel_4/PS4/Saved/Config/Windows/Scalability.ini]
[2022.05.23-09.35.53:468][  0]LogConfig: Setting CVar [[r.LightFunctionQuality:1]]
[2022.05.23-09.35.53:468][  0]LogConfig: Setting CVar [[r.ShadowQuality:5]]
[2022.05.23-09.35.53:468][  0]LogConfig: Setting CVar [[r.Shadow.CSM.MaxCascades:10]]
[2022.05.23-09.35.53:468][  0]LogConfig: Setting CVar [[r.Shadow.MaxResolution:2048]]
[2022.05.23-09.35.53:468][  0]LogConfig: Setting CVar [[r.Shadow.MaxCSMResolution:2048]]
[2022.05.23-09.35.53:468][  0]LogConfig: Setting CVar [[r.Shadow.RadiusThreshold:0.01]]
[2022.05.23-09.35.53:468][  0]LogConfig: Setting CVar [[r.Shadow.DistanceScale:1.0]]
[2022.05.23-09.35.53:469][  0]LogConfig: Setting CVar [[r.Shadow.CSM.TransitionScale:1.0]]
[2022.05.23-09.35.53:469][  0]LogConfig: Setting CVar [[r.Shadow.PreShadowResolutionFactor:1.0]]
[2022.05.23-09.35.53:469][  0]LogConfig: Setting CVar [[r.DistanceFieldShadowing:1]]
[2022.05.23-09.35.53:469][  0]LogConfig: Setting CVar [[r.DistanceFieldAO:1]]
[2022.05.23-09.35.53:469][  0]LogConfig: Setting CVar [[r.AOQuality:2]]
[2022.05.23-09.35.53:469][  0]LogConfig: Setting CVar [[r.VolumetricFog:1]]
[2022.05.23-09.35.53:469][  0]LogConfig: Setting CVar [[r.VolumetricFog.GridPixelSize:8]]
[2022.05.23-09.35.53:469][  0]LogConfig: Setting CVar [[r.VolumetricFog.GridSizeZ:128]]
[2022.05.23-09.35.53:469][  0]LogConfig: Setting CVar [[r.VolumetricFog.HistoryMissSupersampleCount:4]]
[2022.05.23-09.35.53:469][  0]LogConfig: Setting CVar [[r.LightMaxDrawDistanceScale:1]]
[2022.05.23-09.35.53:469][  0]LogConfig: Setting CVar [[r.CapsuleShadows:1]]
[2022.05.23-09.35.53:469][  0]LogConfig: Applying CVar settings from Section [PostProcessQuality@3] File [C:/Users/k.zins/Documents/GitHub/JV2B_Projet_Semestriel_4/PS4/Saved/Config/Windows/Scalability.ini]
[2022.05.23-09.35.53:469][  0]LogConfig: Setting CVar [[r.MotionBlurQuality:4]]
[2022.05.23-09.35.53:469][  0]LogConfig: Setting CVar [[r.AmbientOcclusionMipLevelFactor:0.4]]
[2022.05.23-09.35.53:469][  0]LogConfig: Setting CVar [[r.AmbientOcclusionMaxQuality:100]]
[2022.05.23-09.35.53:469][  0]LogConfig: Setting CVar [[r.AmbientOcclusionLevels:-1]]
[2022.05.23-09.35.53:469][  0]LogConfig: Setting CVar [[r.AmbientOcclusionRadiusScale:1.0]]
[2022.05.23-09.35.53:469][  0]LogConfig: Setting CVar [[r.DepthOfFieldQuality:2]]
[2022.05.23-09.35.53:469][  0]LogConfig: Setting CVar [[r.RenderTargetPoolMin:400]]
[2022.05.23-09.35.53:469][  0]LogConfig: Setting CVar [[r.LensFlareQuality:2]]
[2022.05.23-09.35.53:469][  0]LogConfig: Setting CVar [[r.SceneColorFringeQuality:1]]
[2022.05.23-09.35.53:469][  0]LogConfig: Setting CVar [[r.EyeAdaptationQuality:2]]
[2022.05.23-09.35.53:469][  0]LogConfig: Setting CVar [[r.BloomQuality:5]]
[2022.05.23-09.35.53:469][  0]LogConfig: Setting CVar [[r.FastBlurThreshold:100]]
[2022.05.23-09.35.53:469][  0]LogConfig: Setting CVar [[r.Upscale.Quality:3]]
[2022.05.23-09.35.53:469][  0]LogConfig: Setting CVar [[r.Tonemapper.GrainQuantization:1]]
[2022.05.23-09.35.53:469][  0]LogConfig: Setting CVar [[r.LightShaftQuality:1]]
[2022.05.23-09.35.53:469][  0]LogConfig: Setting CVar [[r.Filter.SizeScale:1]]
[2022.05.23-09.35.53:469][  0]LogConfig: Setting CVar [[r.Tonemapper.Quality:5]]
[2022.05.23-09.35.53:469][  0]LogConfig: Setting CVar [[r.DOF.Gather.AccumulatorQuality:1        ; higher gathering accumulator quality]]
[2022.05.23-09.35.53:469][  0]LogConfig: Setting CVar [[r.DOF.Gather.PostfilterMethod:1          ; Median3x3 postfilering method]]
[2022.05.23-09.35.53:469][  0]LogConfig: Setting CVar [[r.DOF.Gather.EnableBokehSettings:0       ; no bokeh simulation when gathering]]
[2022.05.23-09.35.53:469][  0]LogConfig: Setting CVar [[r.DOF.Gather.RingCount:4                 ; medium number of samples when gathering]]
[2022.05.23-09.35.53:469][  0]LogConfig: Setting CVar [[r.DOF.Scatter.ForegroundCompositing:1    ; additive foreground scattering]]
[2022.05.23-09.35.53:469][  0]LogConfig: Setting CVar [[r.DOF.Scatter.BackgroundCompositing:2    ; additive background scattering]]
[2022.05.23-09.35.53:469][  0]LogConfig: Setting CVar [[r.DOF.Scatter.EnableBokehSettings:1      ; bokeh simulation when scattering]]
[2022.05.23-09.35.53:469][  0]LogConfig: Setting CVar [[r.DOF.Scatter.MaxSpriteRatio:0.1         ; only a maximum of 10% of scattered bokeh]]
[2022.05.23-09.35.53:469][  0]LogConfig: Setting CVar [[r.DOF.Recombine.Quality:1                ; cheap slight out of focus]]
[2022.05.23-09.35.53:469][  0]LogConfig: Setting CVar [[r.DOF.Recombine.EnableBokehSettings:0    ; no bokeh simulation on slight out of focus]]
[2022.05.23-09.35.53:469][  0]LogConfig: Setting CVar [[r.DOF.TemporalAAQuality:1                ; more stable temporal accumulation]]
[2022.05.23-09.35.53:469][  0]LogConfig: Setting CVar [[r.DOF.Kernel.MaxForegroundRadius:0.025]]
[2022.05.23-09.35.53:469][  0]LogConfig: Setting CVar [[r.DOF.Kernel.MaxBackgroundRadius:0.025]]
[2022.05.23-09.35.53:469][  0]LogConfig: Applying CVar settings from Section [TextureQuality@3] File [C:/Users/k.zins/Documents/GitHub/JV2B_Projet_Semestriel_4/PS4/Saved/Config/Windows/Scalability.ini]
[2022.05.23-09.35.53:469][  0]LogConfig: Setting CVar [[r.Streaming.MipBias:0]]
[2022.05.23-09.35.53:469][  0]LogConfig: Setting CVar [[r.Streaming.AmortizeCPUToGPUCopy:0]]
[2022.05.23-09.35.53:469][  0]LogConfig: Setting CVar [[r.Streaming.MaxNumTexturesToStreamPerFrame:0]]
[2022.05.23-09.35.53:469][  0]LogConfig: Setting CVar [[r.Streaming.Boost:1]]
[2022.05.23-09.35.53:469][  0]LogConfig: Setting CVar [[r.MaxAnisotropy:8]]
[2022.05.23-09.35.53:469][  0]LogConfig: Setting CVar [[r.VT.MaxAnisotropy:8]]
[2022.05.23-09.35.53:469][  0]LogConfig: Setting CVar [[r.Streaming.LimitPoolSizeToVRAM:0]]
[2022.05.23-09.35.53:469][  0]LogConfig: Setting CVar [[r.Streaming.PoolSize:1000]]
[2022.05.23-09.35.53:469][  0]LogConfig: Setting CVar [[r.Streaming.MaxEffectiveScreenSize:0]]
[2022.05.23-09.35.53:469][  0]LogConfig: Applying CVar settings from Section [EffectsQuality@3] File [C:/Users/k.zins/Documents/GitHub/JV2B_Projet_Semestriel_4/PS4/Saved/Config/Windows/Scalability.ini]
[2022.05.23-09.35.53:469][  0]LogConfig: Setting CVar [[r.TranslucencyLightingVolumeDim:64]]
[2022.05.23-09.35.53:469][  0]LogConfig: Setting CVar [[r.RefractionQuality:2]]
[2022.05.23-09.35.53:469][  0]LogConfig: Setting CVar [[r.SSR.Quality:3]]
[2022.05.23-09.35.53:469][  0]LogConfig: Setting CVar [[r.SSR.HalfResSceneColor:0]]
[2022.05.23-09.35.53:469][  0]LogConfig: Setting CVar [[r.SceneColorFormat:4]]
[2022.05.23-09.35.53:469][  0]LogConfig: Setting CVar [[r.DetailMode:2]]
[2022.05.23-09.35.53:469][  0]LogConfig: Setting CVar [[r.TranslucencyVolumeBlur:1]]
[2022.05.23-09.35.53:469][  0]LogConfig: Setting CVar [[r.MaterialQualityLevel:1 ; High quality]]
[2022.05.23-09.35.53:469][  0]LogConfig: Setting CVar [[r.AnisotropicMaterials:1]]
[2022.05.23-09.35.53:469][  0]LogConfig: Setting CVar [[r.SSS.Scale:1]]
[2022.05.23-09.35.53:469][  0]LogConfig: Setting CVar [[r.SSS.SampleSet:2]]
[2022.05.23-09.35.53:469][  0]LogConfig: Setting CVar [[r.SSS.Quality:1]]
[2022.05.23-09.35.53:469][  0]LogConfig: Setting CVar [[r.SSS.HalfRes:0]]
[2022.05.23-09.35.53:469][  0]LogConfig: Setting CVar [[r.SSGI.Quality:3]]
[2022.05.23-09.35.53:469][  0]LogConfig: Setting CVar [[r.EmitterSpawnRateScale:1.0]]
[2022.05.23-09.35.53:469][  0]LogConfig: Setting CVar [[r.ParticleLightQuality:2]]
[2022.05.23-09.35.53:469][  0]LogConfig: Setting CVar [[r.SkyAtmosphere.AerialPerspectiveLUT.FastApplyOnOpaque:1 ; Always have FastSkyLUT 1 in this case to avoid wrong sky]]
[2022.05.23-09.35.53:469][  0]LogConfig: Setting CVar [[r.SkyAtmosphere.AerialPerspectiveLUT.SampleCountMaxPerSlice:4]]
[2022.05.23-09.35.53:469][  0]LogConfig: Setting CVar [[r.SkyAtmosphere.AerialPerspectiveLUT.DepthResolution:16.0]]
[2022.05.23-09.35.53:469][  0]LogConfig: Setting CVar [[r.SkyAtmosphere.FastSkyLUT:1]]
[2022.05.23-09.35.53:469][  0]LogConfig: Setting CVar [[r.SkyAtmosphere.FastSkyLUT.SampleCountMin:4.0]]
[2022.05.23-09.35.53:469][  0]LogConfig: Setting CVar [[r.SkyAtmosphere.FastSkyLUT.SampleCountMax:128.0]]
[2022.05.23-09.35.53:469][  0]LogConfig: Setting CVar [[r.SkyAtmosphere.SampleCountMin:4.0]]
[2022.05.23-09.35.53:469][  0]LogConfig: Setting CVar [[r.SkyAtmosphere.SampleCountMax:128.0]]
[2022.05.23-09.35.53:469][  0]LogConfig: Setting CVar [[r.SkyAtmosphere.TransmittanceLUT.UseSmallFormat:0]]
[2022.05.23-09.35.53:469][  0]LogConfig: Setting CVar [[r.SkyAtmosphere.TransmittanceLUT.SampleCount:10.0]]
[2022.05.23-09.35.53:469][  0]LogConfig: Setting CVar [[r.SkyAtmosphere.MultiScatteringLUT.SampleCount:15.0]]
[2022.05.23-09.35.53:469][  0]LogConfig: Setting CVar [[r.SkyLight.RealTimeReflectionCapture:1]]
[2022.05.23-09.35.53:469][  0]LogConfig: Applying CVar settings from Section [FoliageQuality@3] File [C:/Users/k.zins/Documents/GitHub/JV2B_Projet_Semestriel_4/PS4/Saved/Config/Windows/Scalability.ini]
[2022.05.23-09.35.53:469][  0]LogConfig: Setting CVar [[foliage.DensityScale:1.0]]
[2022.05.23-09.35.53:469][  0]LogConfig: Setting CVar [[grass.DensityScale:1.0]]
[2022.05.23-09.35.53:469][  0]LogConfig: Applying CVar settings from Section [ShadingQuality@3] File [C:/Users/k.zins/Documents/GitHub/JV2B_Projet_Semestriel_4/PS4/Saved/Config/Windows/Scalability.ini]
[2022.05.23-09.35.53:469][  0]LogConfig: Setting CVar [[r.HairStrands.SkyLighting.IntegrationType:2]]
[2022.05.23-09.35.53:469][  0]LogConfig: Setting CVar [[r.HairStrands.SkyAO.SampleCount:4]]
[2022.05.23-09.35.53:469][  0]LogConfig: Setting CVar [[r.HairStrands.Visibility.MSAA.SamplePerPixel:4]]
[2022.05.23-09.35.53:469][  0]LogConfig: Applying CVar settings from Section [Startup] File [../../../Engine/Config/ConsoleVariables.ini]
[2022.05.23-09.35.53:469][  0]LogConfig: Setting CVar [[net.UseAdaptiveNetUpdateFrequency:0]]
[2022.05.23-09.35.53:469][  0]LogConfig: Setting CVar [[p.chaos.AllowCreatePhysxBodies:1]]
[2022.05.23-09.35.53:469][  0]LogConfig: Setting CVar [[fx.SkipVectorVMBackendOptimizations:1]]
[2022.05.23-09.35.53:469][  0]LogConfig: Applying CVar settings from Section [ConsoleVariables] File [C:/Users/k.zins/Documents/GitHub/JV2B_Projet_Semestriel_4/PS4/Saved/Config/Windows/Engine.ini]
[2022.05.23-09.35.53:469][  0]LogConfig: Applying CVar settings from Section [ConsoleVariables] File [C:/Users/k.zins/Documents/GitHub/JV2B_Projet_Semestriel_4/PS4/Saved/Config/Windows/Editor.ini]
[2022.05.23-09.35.53:469][  0]LogInit: Computer: RNSS20625
[2022.05.23-09.35.53:469][  0]LogInit: User: kzins
[2022.05.23-09.35.53:469][  0]LogInit: CPU Page size=4096, Cores=8
[2022.05.23-09.35.53:469][  0]LogInit: High frequency timer resolution =10.000000 MHz
[2022.05.23-09.35.53:469][  0]LogMemory: Memory total: Physical=15.8GB (16GB approx)
[2022.05.23-09.35.53:469][  0]LogMemory: Platform Memory Stats for Windows
[2022.05.23-09.35.53:469][  0]LogMemory: Process Physical Memory: 149.79 MB used, 149.80 MB peak
[2022.05.23-09.35.53:469][  0]LogMemory: Process Virtual Memory: 133.53 MB used, 133.53 MB peak
[2022.05.23-09.35.53:469][  0]LogMemory: Physical Memory: 5129.42 MB used,  11030.80 MB free, 16160.23 MB total
[2022.05.23-09.35.53:469][  0]LogMemory: Virtual Memory: 134206360.00 MB used,  11366.82 MB free, 134217728.00 MB total
[2022.05.23-09.35.53:472][  0]LogWindows: WindowsPlatformFeatures enabled
[2022.05.23-09.35.53:495][  0]LogInit: Physics initialised using underlying interface: PhysX
[2022.05.23-09.35.53:495][  0]LogInit: Using OS detected language (fr-FR).
[2022.05.23-09.35.53:495][  0]LogInit: Using OS detected locale (fr-FR).
[2022.05.23-09.35.53:496][  0]LogTextLocalizationManager: No specific localization for 'fr-FR' exists, so the 'fr' localization will be used.
[2022.05.23-09.35.53:496][  0]LogTextLocalizationResource: LocRes '../../../Engine/Content/Localization/Editor/fr/Editor.locres' could not be opened for reading!
[2022.05.23-09.35.53:496][  0]LogTextLocalizationResource: LocRes '../../../Engine/Content/Localization/EditorTutorials/fr/EditorTutorials.locres' could not be opened for reading!
[2022.05.23-09.35.53:496][  0]LogTextLocalizationResource: LocRes '../../../Engine/Content/Localization/Keywords/fr/Keywords.locres' could not be opened for reading!
[2022.05.23-09.35.53:496][  0]LogTextLocalizationResource: LocRes '../../../Engine/Content/Localization/Category/fr/Category.locres' could not be opened for reading!
[2022.05.23-09.35.53:496][  0]LogTextLocalizationResource: LocRes '../../../Engine/Content/Localization/ToolTips/fr/ToolTips.locres' could not be opened for reading!
[2022.05.23-09.35.53:496][  0]LogTextLocalizationResource: LocRes '../../../Engine/Content/Localization/PropertyNames/fr/PropertyNames.locres' could not be opened for reading!
[2022.05.23-09.35.53:496][  0]LogTextLocalizationResource: LocRes '../../../Engine/Content/Localization/Engine/fr/Engine.locres' could not be opened for reading!
[2022.05.23-09.35.53:497][  0]LogInit: Setting process to per monitor DPI aware
[2022.05.23-09.35.53:507][  0]LogWindowsTextInputMethodSystem: Display: IME system deactivated.
[2022.05.23-09.35.53:517][  0]LogSlate: New Slate User Created.  User Index 0, Is Virtual User: 0
[2022.05.23-09.35.53:517][  0]LogSlate: Slate User Registered.  User Index 0, Is Virtual User: 0
[2022.05.23-09.35.53:586][  0]LogD3D11RHI: Loaded GFSDK_Aftermath_Lib.x64.dll
[2022.05.23-09.35.53:588][  0]LogHMD: Failed to initialize OpenVR with code 110
[2022.05.23-09.35.53:588][  0]LogD3D11RHI: D3D11 min allowed feature level: 11_0
[2022.05.23-09.35.53:588][  0]LogD3D11RHI: D3D11 max allowed feature level: 11_0
[2022.05.23-09.35.53:588][  0]LogD3D11RHI: D3D11 adapters:
[2022.05.23-09.35.53:666][  0]LogD3D11RHI:    0. 'NVIDIA GeForce RTX 3070' (Feature Level 11_0)
[2022.05.23-09.35.53:666][  0]LogD3D11RHI:       8043/0/8080 MB DedicatedVideo/DedicatedSystem/SharedSystem, Outputs:1, VendorId:0x10de
[2022.05.23-09.35.53:713][  0]LogD3D11RHI:    1. 'Intel(R) UHD Graphics 750' (Feature Level 11_0)
[2022.05.23-09.35.53:713][  0]LogD3D11RHI:       128/0/8080 MB DedicatedVideo/DedicatedSystem/SharedSystem, Outputs:0, VendorId:0x8086
[2022.05.23-09.35.53:715][  0]LogD3D11RHI:    2. 'Microsoft Basic Render Driver' (Feature Level 11_0)
[2022.05.23-09.35.53:715][  0]LogD3D11RHI:       0/0/8080 MB DedicatedVideo/DedicatedSystem/SharedSystem, Outputs:0, VendorId:0x1414
[2022.05.23-09.35.53:715][  0]LogD3D11RHI: Chosen D3D11 Adapter:
[2022.05.23-09.35.53:715][  0]LogD3D11RHI:     Description : NVIDIA GeForce RTX 3070
[2022.05.23-09.35.53:715][  0]LogD3D11RHI:     VendorId    : 10de
[2022.05.23-09.35.53:715][  0]LogD3D11RHI:     DeviceId    : 2484
[2022.05.23-09.35.53:715][  0]LogD3D11RHI:     SubSysId    : 88dc103c
[2022.05.23-09.35.53:715][  0]LogD3D11RHI:     Revision    : 00a1
[2022.05.23-09.35.53:715][  0]LogD3D11RHI:     DedicatedVideoMemory : 8433696768 bytes
[2022.05.23-09.35.53:715][  0]LogD3D11RHI:     DedicatedSystemMemory : 0 bytes
[2022.05.23-09.35.53:715][  0]LogD3D11RHI:     SharedSystemMemory : 8472612864 bytes
[2022.05.23-09.35.53:715][  0]LogD3D11RHI:     AdapterLuid : 0 57610
[2022.05.23-09.35.53:718][  0]LogD3D11RHI: Creating new Direct3DDevice
[2022.05.23-09.35.53:718][  0]LogD3D11RHI:     GPU DeviceId: 0x2484 (for the marketing name, search the web for "GPU Device Id")
[2022.05.23-09.35.53:718][  0]LogWindows: EnumDisplayDevices:
[2022.05.23-09.35.53:718][  0]LogWindows:    0. 'NVIDIA GeForce RTX 3070' (P:1 D:1)
[2022.05.23-09.35.53:719][  0]LogWindows:    1. 'NVIDIA GeForce RTX 3070' (P:0 D:0)
[2022.05.23-09.35.53:719][  0]LogWindows:    2. 'NVIDIA GeForce RTX 3070' (P:0 D:0)
[2022.05.23-09.35.53:719][  0]LogWindows:    3. 'NVIDIA GeForce RTX 3070' (P:0 D:0)
[2022.05.23-09.35.53:719][  0]LogWindows:    4. 'Intel(R) UHD Graphics 750' (P:0 D:0)
[2022.05.23-09.35.53:719][  0]LogWindows:    5. 'Intel(R) UHD Graphics 750' (P:0 D:0)
[2022.05.23-09.35.53:719][  0]LogWindows:    6. 'Intel(R) UHD Graphics 750' (P:0 D:0)
[2022.05.23-09.35.53:719][  0]LogWindows: DebugString: PrimaryIsNotTheChoosenAdapter PrimaryIsNotTheChoosenAdapter PrimaryIsNotTheChoosenAdapter FoundDriverCount:4 
[2022.05.23-09.35.53:719][  0]LogD3D11RHI:     Adapter Name: NVIDIA GeForce RTX 3070
[2022.05.23-09.35.53:719][  0]LogD3D11RHI:   Driver Version: 472.12 (internal:30.0.14.7212, unified:472.12)
[2022.05.23-09.35.53:719][  0]LogD3D11RHI:      Driver Date: 9-13-2021
[2022.05.23-09.35.53:719][  0]LogRHI: Texture pool is 5630 MB (70% of 8043 MB)
[2022.05.23-09.35.53:719][  0]LogD3D11RHI: Creating D3DDevice using adapter:
[2022.05.23-09.35.53:719][  0]LogD3D11RHI:     Description : NVIDIA GeForce RTX 3070
[2022.05.23-09.35.53:719][  0]LogD3D11RHI:     VendorId    : 10de
[2022.05.23-09.35.53:719][  0]LogD3D11RHI:     DeviceId    : 2484
[2022.05.23-09.35.53:719][  0]LogD3D11RHI:     SubSysId    : 88dc103c
[2022.05.23-09.35.53:719][  0]LogD3D11RHI:     Revision    : 00a1
[2022.05.23-09.35.53:719][  0]LogD3D11RHI:     DedicatedVideoMemory : 8433696768 bytes
[2022.05.23-09.35.53:719][  0]LogD3D11RHI:     DedicatedSystemMemory : 0 bytes
[2022.05.23-09.35.53:719][  0]LogD3D11RHI:     SharedSystemMemory : 8472612864 bytes
[2022.05.23-09.35.53:719][  0]LogD3D11RHI:     AdapterLuid : 0 57610
[2022.05.23-09.35.53:771][  0]LogD3D11RHI: RHI has support for 64 bit atomics
[2022.05.23-09.35.53:771][  0]LogD3D11RHI: Async texture creation enabled
[2022.05.23-09.35.53:771][  0]LogD3D11RHI: Array index from any shader is supported
[2022.05.23-09.35.53:772][  0]LogD3D11RHI: HDR output is supported on display 0 (NvId: 0x80061083).
[2022.05.23-09.35.53:793][  0]LogD3D11RHI: GPU Timing Frequency: 1000.000000 (Debug: 2 2)
[2022.05.23-09.35.53:807][  0]LogRHI: GeForceNow SDK initialized: 1
[2022.05.23-09.35.53:986][  0]LogTargetPlatformManager: Display: Loaded TargetPlatform 'AllDesktop'
[2022.05.23-09.35.53:999][  0]LogTargetPlatformManager: Display: Loaded TargetPlatform 'Android'
[2022.05.23-09.35.53:999][  0]LogTargetPlatformManager: Display: Loaded TargetPlatform 'Android_ASTC'
[2022.05.23-09.35.53:999][  0]LogTargetPlatformManager: Display: Loaded TargetPlatform 'Android_DXT'
[2022.05.23-09.35.53:999][  0]LogTargetPlatformManager: Display: Loaded TargetPlatform 'Android_ETC2'
[2022.05.23-09.35.53:999][  0]LogTargetPlatformManager: Display: Loaded TargetPlatform 'AndroidClient'
[2022.05.23-09.35.53:999][  0]LogTargetPlatformManager: Display: Loaded TargetPlatform 'Android_ASTCClient'
[2022.05.23-09.35.54:000][  0]LogTargetPlatformManager: Display: Loaded TargetPlatform 'Android_DXTClient'
[2022.05.23-09.35.54:000][  0]LogTargetPlatformManager: Display: Loaded TargetPlatform 'Android_ETC2Client'
[2022.05.23-09.35.54:000][  0]LogTargetPlatformManager: Display: Loaded TargetPlatform 'Android_Multi'
[2022.05.23-09.35.54:000][  0]LogTargetPlatformManager: Display: Loaded TargetPlatform 'Android_MultiClient'
[2022.05.23-09.35.54:010][  0]LogTargetPlatformManager: Display: Loaded TargetPlatform 'IOSClient'
[2022.05.23-09.35.54:010][  0]LogTargetPlatformManager: Display: Loaded TargetPlatform 'IOS'
[2022.05.23-09.35.54:015][  0]LogTargetPlatformManager: Display: Loaded TargetPlatform 'Linux'
[2022.05.23-09.35.54:018][  0]LogTargetPlatformManager: Display: Loaded TargetPlatform 'LinuxNoEditor'
[2022.05.23-09.35.54:020][  0]LogTargetPlatformManager: Display: Loaded TargetPlatform 'LinuxClient'
[2022.05.23-09.35.54:023][  0]LogTargetPlatformManager: Display: Loaded TargetPlatform 'LinuxServer'
[2022.05.23-09.35.54:028][  0]LogTargetPlatformManager: Display: Loaded TargetPlatform 'LinuxAArch64NoEditor'
[2022.05.23-09.35.54:030][  0]LogTargetPlatformManager: Display: Loaded TargetPlatform 'LinuxAArch64Client'
[2022.05.23-09.35.54:033][  0]LogTargetPlatformManager: Display: Loaded TargetPlatform 'LinuxAArch64Server'
[2022.05.23-09.35.54:047][  0]LogTargetPlatformManager: Display: Loaded TargetPlatform 'Lumin'
[2022.05.23-09.35.54:047][  0]LogTargetPlatformManager: Display: Loaded TargetPlatform 'LuminClient'
[2022.05.23-09.35.54:052][  0]LogTargetPlatformManager: Display: Loaded TargetPlatform 'MacNoEditor'
[2022.05.23-09.35.54:055][  0]LogTargetPlatformManager: Display: Loaded TargetPlatform 'Mac'
[2022.05.23-09.35.54:057][  0]LogTargetPlatformManager: Display: Loaded TargetPlatform 'MacClient'
[2022.05.23-09.35.54:060][  0]LogTargetPlatformManager: Display: Loaded TargetPlatform 'MacServer'
[2022.05.23-09.35.54:066][  0]LogTargetPlatformManager: Display: Loaded TargetPlatform 'TVOSClient'
[2022.05.23-09.35.54:066][  0]LogTargetPlatformManager: Display: Loaded TargetPlatform 'TVOS'
[2022.05.23-09.35.54:071][  0]LogTargetPlatformManager: Display: Loaded TargetPlatform 'WindowsNoEditor'
[2022.05.23-09.35.54:074][  0]LogTargetPlatformManager: Display: Loaded TargetPlatform 'Windows'
[2022.05.23-09.35.54:076][  0]LogTargetPlatformManager: Display: Loaded TargetPlatform 'WindowsClient'
[2022.05.23-09.35.54:078][  0]LogTargetPlatformManager: Display: Loaded TargetPlatform 'WindowsServer'
[2022.05.23-09.35.54:078][  0]LogTargetPlatformManager: Display: Building Assets For Windows
[2022.05.23-09.35.54:082][  0]LogAudioDebug: Display: Lib vorbis DLL was dynamically loaded.
[2022.05.23-09.35.54:098][  0]LogTextureFormatOodle: Display: Oodle Texture 2.9.0 init RDO Off
[2022.05.23-09.35.54:117][  0]LogRendererCore: Ray tracing is disabled. Reason: r.RayTracing=0.
[2022.05.23-09.35.54:117][  0]LogShaderCompilers: Guid format shader working directory is -14 characters bigger than the processId version (C:/Users/k.zins/Documents/GitHub/JV2B_Projet_Semestriel_4/PS4/Intermediate/Shaders/WorkingDirectory/4428/).
[2022.05.23-09.35.54:117][  0]LogShaderCompilers: Cleaned the shader compiler working directory 'C:/Users/k.zins/AppData/Local/Temp/UnrealShaderWorkingDir/35F1546B4DF4F2702F7C23AD988CE809/'.
[2022.05.23-09.35.54:117][  0]LogXGEController: Cannot use XGE Controller as Incredibuild is not installed on this machine.
[2022.05.23-09.35.54:117][  0]LogShaderCompilers: Cannot use XGE Shader Compiler as Incredibuild is not installed on this machine.
[2022.05.23-09.35.54:117][  0]LogShaderCompilers: Display: Using Local Shader Compiler.
[2022.05.23-09.35.54:642][  0]LogDerivedDataCache: Display: Max Cache Size: 512 MB
[2022.05.23-09.35.54:687][  0]LogDerivedDataCache: Loaded boot cache 0.05s 94MB C:/Users/k.zins/AppData/Local/UnrealEngine/4.27/DerivedDataCache/Boot.ddc.
[2022.05.23-09.35.54:688][  0]LogDerivedDataCache: Display: Loaded Boot cache: C:/Users/k.zins/AppData/Local/UnrealEngine/4.27/DerivedDataCache/Boot.ddc
[2022.05.23-09.35.54:688][  0]LogDerivedDataCache: FDerivedDataBackendGraph:  Pak pak cache file C:/Users/k.zins/Documents/GitHub/JV2B_Projet_Semestriel_4/PS4/DerivedDataCache/DDC.ddp not found, will not use a pak cache.
[2022.05.23-09.35.54:688][  0]LogDerivedDataCache: Unable to find inner node Pak for hierarchical cache Hierarchy.
[2022.05.23-09.35.54:688][  0]LogDerivedDataCache: FDerivedDataBackendGraph:  CompressedPak pak cache file C:/Users/k.zins/Documents/GitHub/JV2B_Projet_Semestriel_4/PS4/DerivedDataCache/Compressed.ddp not found, will not use a pak cache.
[2022.05.23-09.35.54:688][  0]LogDerivedDataCache: Unable to find inner node CompressedPak for hierarchical cache Hierarchy.
[2022.05.23-09.35.54:700][  0]LogDerivedDataCache: Display: Pak cache opened for reading ../../../Engine/DerivedDataCache/Compressed.ddp.
[2022.05.23-09.35.54:700][  0]LogDerivedDataCache: FDerivedDataBackendGraph:  EnterprisePak pak cache file ../../../Enterprise/DerivedDataCache/Compressed.ddp not found, will not use a pak cache.
[2022.05.23-09.35.54:700][  0]LogDerivedDataCache: Unable to find inner node EnterprisePak for hierarchical cache Hierarchy.
[2022.05.23-09.35.54:712][  0]LogDerivedDataCache: Speed tests for C:/Users/k.zins/AppData/Local/UnrealEngine/Common/DerivedDataCache took 0.01 seconds
[2022.05.23-09.35.54:712][  0]LogDerivedDataCache: Display: Performance to C:/Users/k.zins/AppData/Local/UnrealEngine/Common/DerivedDataCache: Latency=0.01ms. RandomReadSpeed=2234.83MBs, RandomWriteSpeed=83.34MBs. Assigned SpeedClass 'Local'
[2022.05.23-09.35.54:712][  0]LogDerivedDataCache: Using Local data cache path C:/Users/k.zins/AppData/Local/UnrealEngine/Common/DerivedDataCache: Writable
[2022.05.23-09.35.54:712][  0]LogDerivedDataCache: Shared data cache path not found in *engine.ini, will not use an Shared cache.
[2022.05.23-09.35.54:712][  0]LogDerivedDataCache: Unable to find inner node Shared for hierarchical cache Hierarchy.
[2022.05.23-09.35.54:744][  0]LogSlate: Using FreeType 2.10.0
[2022.05.23-09.35.54:744][  0]LogSlate: SlateFontServices - WITH_FREETYPE: 1, WITH_HARFBUZZ: 1
[2022.05.23-09.35.54:762][  0]LogAssetRegistry: FAssetRegistry took 0.0020 seconds to start up
[2022.05.23-09.35.54:922][  0]LogInit: Selected Device Profile: [Windows]
[2022.05.23-09.35.54:922][  0]LogInit: Active device profile: [000001B932C20900][000001B930E3BA00 49] Windows
[2022.05.23-09.35.54:922][  0]LogInit: Profiles: [000001B932C20900][000001B930E3BA00 49] Windows, [000001B932BDF800][000001B930E43B80 49] WindowsNoEditor, [000001B932C23500][000001B930E46180 49] WindowsServer, [000001B932BDCE00][000001B930E4A300 49] WindowsClient, [000001B932C23800][000001B930E4E480 49] IOS, [000001B932BDE800][000001B930E52600 49] iPadAir, [000001B932C22000][000001B930E3E740 49] iPadAir2, [000001B932B8CA00][000001B930E5A980 49] IPadPro, [000001B932B8CB00][000001B930E569C0 49] iPadAir3, [000001B932BDD800][000001B930E5EB00 49] iPadAir4, [000001B932B8F400][000001B930E66C80 49] iPadMini2, [000001B932BDEA00][000001B930E6AE00 49] iPadMini3, [000001B932B8D700][000001B93303EF80 49] iPadMini4, [000001B932C21000][000001B933043100 49] iPadMini5, [000001B932B94300][000001B93304B3C0 49] iPhone6, [000001B932B94400][000001B933047400 49] iPodTouch6, [000001B932B8F600][000001B9330536C0 49] iPhone7, [000001B932B8D800][000001B93304F700 49] iPodTouch7, [000001B932B97F00][000001B933057880 49] iPhone5S, [000001B932BDE300][000001B93305BA00 49] iPhone6Plus, [000001B932B8C200][000001B93305FB80 49] iPhone6S, [000001B932BDE200][000001B933062180 49] iPhone6SPlus, [000001B932B8FC00][000001B933066300 49] iPhone7Plus, [000001B932BDC100][000001B93306A480 49] iPhoneSE, [000001B932B8F500][000001B93306E600 49] iPhone8, [000001B932BDDE00][000001B933072780 49] iPhone8Plus, [000001B932B8D000][000001B933076900 49] iPhoneX, [000001B932BDCA00][000001B930E62A40 49] iPhoneXS, [000001B932B8D200][000001B93307AB80 49] iPhoneXSMax, [000001B932BDD500][000001B93307ECC0 49] iPhoneXR, [000001B932B8F700][000001B933086E40 49] iPhone11, [000001B932BDCD00][000001B93308AFC0 49] iPhone11Pro, [000001B932B8F800][000001B93308F140 49] iPhone11ProMax, [000001B932BDCF00][000001B9330932C0 49] iPhoneSE2, [000001B932B8EE00][000001B933097440 49] iPhone12Mini, [000001B932BDF100][000001B93309B5C0 49] iPhone12, [000001B932B8EB00][000001B93309F740 49] iPhone12Pro, [000001B932BDC800][000001B9330A38C0 49] iPhone12ProMax, [000001B932B8E300][000001B933117A40 49] iPadPro105, [000001B932BDEF00][000001B933127BC0 49] iPadPro129, [000001B932B8E000][000001B93312A1C0 49] iPadPro97, [000001B932BDD300][000001B93312E340 49] iPadPro2_129, [000001B932B8DA00][000001B9331324C0 49] iPad5, [000001B932BDDA00][000001B93313A640 49] iPad6, [000001B932B8E800][000001B93313E7C0 49] iPad7, [000001B932BDCC00][000001B933142940 49] iPad8, [000001B932B8F200][000001B933146AC0 49] iPadPro11, [000001B932BDD600][000001B933082C00 49] iPadPro2_11, [000001B932B8DC00][000001B933206D40 49] iPadPro3_129, [000001B932BDF900][000001B93320EE80 49] iPadPro4_129, [000001B932B8D500][000001B933212FC0 49] AppleTV, [000001B932BDC300][000001B93321B140 49] AppleTV4K, [000001B932B8C100][000001B93321F2C0 49] TVOS, [000001B932BDE400][000001B933223440 49] Mac, [000001B932B8E100][000001B9332275C0 49] MacClient, [000001B932BDF400][000001B93322B740 49] MacNoEditor, [000001B932B8DF00][000001B93322F8C0 49] MacServer, [000001B932BDC600][000001B933243A40 49] Linux, [000001B932B8E200][000001B933247BC0 49] LinuxAArch64, [000001B932BDF600][000001B93324A1C0 49] LinuxNoEditor, [000001B932B8DD00][000001B93325A340 49] LinuxAArch64NoEditor, [000001B932BDD400][000001B9332664C0 49] LinuxClient, [000001B932B8F100][000001B9297BE640 49] LinuxAArch64Client, [000001B932BDD900][000001B9297C27C0 49] LinuxServer, [000001B932B8F000][000001B9297C6940 49] LinuxAArch64Server, [000001B932BDE600][000001B9297CAAC0 49] Android, [000001B932B8C700][000001B9297CEC40 49] Android_Low, [000001B932BDDB00][000001B933216D80 49] Android_Mid, [000001B932C23A00][000001B9297D2EC0 49] Android_High, [000001B932B95C00][000001B9297D7000 49] Android_Default, [000001B932C22100][000001B9297DB140 49] Android_Adreno4xx, [000001B932B96700][000001B9297E32C0 49] Android_Adreno5xx_Low, [000001B932C20B00][000001B929837440 49] Android_Adreno5xx, [000001B932B96D00][000001B928DFF5C0 49] Android_Adreno6xx, [000001B932C21200][000001B928E31740 49] Android_Adreno6xx_Vulkan, [000001B932B96800][000001B928E498C0 49] Android_Mali_T6xx, [000001B932C23200][000001B928E6DA40 49] Android_Mali_T7xx, [000001B932B96E00][000001B928E89BC0 49] Android_Mali_T8xx, [000001B932C22500][000001B928E961C0 49] Android_Mali_G71, [000001B932B97E00][000001B933352340 49] Android_Mali_G72, [000001B932C22A00][000001B93338C4C0 49] Android_Mali_G72_Vulkan, [000001B932B95B00][000001B9333A8640 49] Android_Mali_G76, [000001B932C21B00][000001B9333C67C0 49] Android_Mali_G76_Vulkan, [000001B932B97D00][000001B929040940 49] Android_Mali_G77, [000001B932C22D00][000001B929044AC0 49] Android_Mali_G77_Vulkan, [000001B932B97900][000001B929048C40 49] Android_Mali_G78, [000001B932C20D00][000001B92904CDC0 49] Android_Mali_G78_Vulkan, [000001B932B94500][000001B929050F40 49] Android_Mali_G710, [000001B932C22B00][000001B9297DF080 49] Android_Mali_G710_Vulkan, [000001B932B97500][000001B9290551C0 49] Android_Vulkan_SM5, [000001B932C23400][000001B929059300 49] Android_PowerVR_G6xxx, [000001B932B96400][000001B929061480 49] Android_PowerVR_GT7xxx, [000001B932C23C00][000001B929065600 49] Android_PowerVR_GE8xxx, [000001B932B96200][000001B929069780 49] Android_PowerVR_GM9xxx, [000001B932C23000][000001B92906D900 49] Android_PowerVR_GM9xxx_Vulkan, [000001B932B95500][000001B929071A80 49] Android_TegraK1, [000001B932C21100][000001B929075C00 49] Android_Unknown_Vulkan, [000001B932BDFD00][000001B929078200 49] Lumin, [000001B932C22900][000001B92907C380 49] Lumin_Desktop, [000001B932BDFE00][000001B929080500 49] HoloLens, 
[2022.05.23-09.35.55:007][  0]LogMeshReduction: Using QuadricMeshReduction for automatic static mesh reduction
[2022.05.23-09.35.55:007][  0]LogMeshReduction: Using SimplygonMeshReduction for automatic skeletal mesh reduction
[2022.05.23-09.35.55:007][  0]LogMeshReduction: Using ProxyLODMeshReduction for automatic mesh merging
[2022.05.23-09.35.55:007][  0]LogMeshReduction: No distributed automatic mesh merging module available
[2022.05.23-09.35.55:007][  0]LogMeshMerging: No distributed automatic mesh merging module available
[2022.05.23-09.35.55:017][  0]LogNetVersion: PS4 1.0.0, NetCL: 17155196, EngineNetVer: 17, GameNetVer: 0 (Checksum: 388143039)
[2022.05.23-09.35.55:262][  0]LogTexture: Default maximum texture size for cubemaps generated from long-lat sources has been changed from 512 to unlimited. In order to preserve old behaiour for '/Engine/MapTemplates/Sky/DaylightAmbientCubemap.DaylightAmbientCubemap', its maximum texture size has been explicitly set to 512.
[2022.05.23-09.35.55:301][  0]LogHMD: PokeAHoleMaterial loaded successfully
[2022.05.23-09.35.55:305][  0]LogUObjectArray: 17178 objects as part of root set at end of initial load.
[2022.05.23-09.35.55:305][  0]LogUObjectAllocator: 4302048 out of 0 bytes used by permanent object pool.
[2022.05.23-09.35.55:305][  0]LogUObjectArray: CloseDisregardForGC: 0/0 objects in disregard for GC pool
[2022.05.23-09.35.55:466][  0]LogNiagaraDebuggerClient: Niagara Debugger Client Initialized | Session: FDEEA159452E18229237C8AA7602146B | Instance: C3D6D4C54F5D38992E9C22A8C1A19512 (RNSS20625-4428).
[2022.05.23-09.35.55:490][  0]LogPython: Using Python 3.7.7
[2022.05.23-09.35.55:817][  0]LogTcpMessaging: Initializing TcpMessaging bridge
[2022.05.23-09.35.55:820][  0]LogUdpMessaging: Initializing bridge on interface 0.0.0.0:0 to multicast group 230.0.0.1:6666.
[2022.05.23-09.35.55:969][  0]SourceControl: Source control is disabled
[2022.05.23-09.35.55:969][  0]SourceControl: Source control is disabled
[2022.05.23-09.35.55:977][  0]SourceControl: Source control is disabled
[2022.05.23-09.35.55:979][  0]SourceControl: Source control is disabled
[2022.05.23-09.35.55:983][  0]SourceControl: Source control is disabled
[2022.05.23-09.35.55:990][  0]LogUProjectInfo: Found projects:
[2022.05.23-09.35.56:096][  0]LogOpenImageDenoise: OIDN starting up
[2022.05.23-09.35.56:120][  0]LogAndroidPermission: UAndroidPermissionCallbackProxy::GetInstance
[2022.05.23-09.35.56:133][  0]LogAudioCaptureCore: Display: No Audio Capture implementations found. Audio input will be silent.
[2022.05.23-09.35.56:133][  0]LogAudioCaptureCore: Display: No Audio Capture implementations found. Audio input will be silent.
[2022.05.23-09.35.56:203][  0]LogCollectionManager: Loaded 0 collections in 0.000424 seconds
[2022.05.23-09.35.56:218][  0]LogFileCache: Scanning file cache for directory 'C:/Users/k.zins/Documents/GitHub/JV2B_Projet_Semestriel_4/PS4/Saved/Collections/' took 0.00s
[2022.05.23-09.35.56:218][  0]LogFileCache: Scanning file cache for directory 'C:/Users/k.zins/Documents/GitHub/JV2B_Projet_Semestriel_4/PS4/Content/Developers/kzins/Collections/' took 0.00s
[2022.05.23-09.35.56:218][  0]LogFileCache: Scanning file cache for directory 'C:/Users/k.zins/Documents/GitHub/JV2B_Projet_Semestriel_4/PS4/Content/Collections/' took 0.00s
[2022.05.23-09.35.56:218][  0]LogOcInput: OculusInput pre-init called
[2022.05.23-09.35.56:368][  0]LogEngine: Initializing Engine...
[2022.05.23-09.35.56:369][  0]LogHMD: Failed to enumerate extensions. Please check that you have a valid OpenXR runtime installed.
[2022.05.23-09.35.56:369][  0]LogHMD: Failed to initialize OpenVR with code 110
[2022.05.23-09.35.56:369][  0]LogMagicLeap: Warning: VR disabled because ZI is not enabled.  To enable, in the editor, Edit -> Project Settings -> Plugins -> Magic Leap Plugin -> Enable Zero Iteration
[2022.05.23-09.35.56:370][  0]LogStats: UGameplayTagsManager::InitializeManager -  0.000 s
[2022.05.23-09.35.56:459][  0]LogInit: Initializing FReadOnlyCVARCache
[2022.05.23-09.35.56:465][  0]LogAIModule: Creating AISystem for world Untitled
[2022.05.23-09.35.56:466][  0]LogAudio: Display: Initializing Audio Device Manager...
[2022.05.23-09.35.56:467][  0]LogAudio: Display: Loading Default Audio Settings Objects...
[2022.05.23-09.35.56:468][  0]LogAudio: Display: No default SoundConcurrencyObject specified (or failed to load).
[2022.05.23-09.35.56:468][  0]LogAudio: Display: Audio Device Manager Initialized
[2022.05.23-09.35.56:468][  0]LogAudio: Display: Creating Audio Device:                 Id: 1, Scope: Shared, Realtime: True
[2022.05.23-09.35.56:468][  0]LogAudioMixer: Display: Audio Mixer Platform Settings:
[2022.05.23-09.35.56:468][  0]LogAudioMixer: Display: 	Sample Rate:						  48000
[2022.05.23-09.35.56:468][  0]LogAudioMixer: Display: 	Callback Buffer Frame Size Requested: 1024
[2022.05.23-09.35.56:468][  0]LogAudioMixer: Display: 	Callback Buffer Frame Size To Use:	  1024
[2022.05.23-09.35.56:468][  0]LogAudioMixer: Display: 	Number of buffers to queue:			  2
[2022.05.23-09.35.56:468][  0]LogAudioMixer: Display: 	Max Channels (voices):				  32
[2022.05.23-09.35.56:468][  0]LogAudioMixer: Display: 	Number of Async Source Workers:		  0
[2022.05.23-09.35.56:468][  0]LogAudio: Display: AudioDevice MaxSources: 32
[2022.05.23-09.35.56:468][  0]LogAudio: Display: Audio Spatialization Plugin: None (built-in).
[2022.05.23-09.35.56:468][  0]LogAudio: Display: Audio Reverb Plugin: None (built-in).
[2022.05.23-09.35.56:468][  0]LogAudio: Display: Audio Occlusion Plugin: None (built-in).
[2022.05.23-09.35.56:468][  0]LogAudioMixer: Display: Initializing audio mixer.
[2022.05.23-09.35.56:474][  0]LogAudioMixer: Display: 0: FrontLeft
[2022.05.23-09.35.56:474][  0]LogAudioMixer: Display: 1: FrontRight
[2022.05.23-09.35.56:496][  0]LogAudioMixer: Display: Using Audio Device Haut-parleurs (Realtek(R) Audio)
[2022.05.23-09.35.56:496][  0]LogAudioMixer: Display: Initializing Sound Submixes...
[2022.05.23-09.35.56:498][  0]LogAudioMixer: Display: Creating Master Submix 'MasterSubmixDefault'
[2022.05.23-09.35.56:498][  0]LogAudioMixer: Display: Creating Master Submix 'MasterReverbSubmixDefault'
[2022.05.23-09.35.56:498][  0]LogAudioMixer: Display: Creating Master Submix 'MasterEQSubmixDefault'
[2022.05.23-09.35.56:498][  0]LogAudioMixer: FMixerPlatformXAudio2::StartAudioStream() called
[2022.05.23-09.35.56:498][  0]LogAudioMixer: Display: Output buffers initialized: Frames=1024, Channels=2, Samples=2048
[2022.05.23-09.35.56:499][  0]LogAudioMixer: Display: Starting AudioMixerPlatformInterface::RunInternal()
[2022.05.23-09.35.56:499][  0]LogAudioMixer: Display: FMixerPlatformXAudio2::SubmitBuffer() called for the first time
[2022.05.23-09.35.56:499][  0]LogInit: FAudioDevice initialized.
[2022.05.23-09.35.56:499][  0]LogAudio: Display: Audio Device (ID: 1) registered with world 'Untitled'.
[2022.05.23-09.35.56:499][  0]LogNetVersion: Set ProjectVersion to 1.0.0.0. Version Checksum will be recalculated on next use.
[2022.05.23-09.35.56:544][  0]LogDerivedDataCache: Saved boot cache 0.05s 94MB C:/Users/k.zins/AppData/Local/UnrealEngine/4.27/DerivedDataCache/Boot.ddc.
[2022.05.23-09.35.56:546][  0]LogInit: Texture streaming: Enabled
[2022.05.23-09.35.56:553][  0]LogAnalytics: Display: [UEEditor.Rocket.Release] APIServer = https://datarouter.ol.epicgames.com/. AppVersion = 4.27.2-18319896+++UE4+Release-4.27
[2022.05.23-09.35.56:555][  0]LogEngineSessionManager: EngineSessionManager initialized
[2022.05.23-09.35.56:555][  0]LogEditorSessionSummary: Verbose: Initializing EditorSessionSummaryWriter for editor session tracking
[2022.05.23-09.35.56:556][  0]LogEditorSessionSummary: EditorSessionSummaryWriter initialized
[2022.05.23-09.35.56:665][  0]LogInit: Transaction tracking system initialized
[2022.05.23-09.35.56:677][  0]BlueprintLog: New page: Editor Load
[2022.05.23-09.35.56:711][  0]LocalizationService: Localization service is disabled
[2022.05.23-09.35.56:726][  0]TimingProfiler: Initialize
[2022.05.23-09.35.56:726][  0]TimingProfiler: OnSessionChanged
[2022.05.23-09.35.56:726][  0]LoadingProfiler: Initialize
[2022.05.23-09.35.56:726][  0]LoadingProfiler: OnSessionChanged
[2022.05.23-09.35.56:726][  0]NetworkingProfiler: Initialize
[2022.05.23-09.35.56:726][  0]NetworkingProfiler: OnSessionChanged
[2022.05.23-09.35.56:726][  0]MemoryProfiler: Initialize
[2022.05.23-09.35.56:726][  0]MemoryProfiler: OnSessionChanged
[2022.05.23-09.35.56:819][  0]LogCook: Display: CookSettings for Memory: MemoryMaxUsedVirtual 0MiB, MemoryMaxUsedPhysical 16384MiB, MemoryMinFreeVirtual 0MiB, MemoryMinFreePhysical 1024MiB
[2022.05.23-09.35.56:819][  0]LogCook: Display: Mobile HDR setting 1
[2022.05.23-09.35.56:867][  0]LogFileCache: Scanning file cache for directory 'C:/Users/k.zins/Documents/GitHub/JV2B_Projet_Semestriel_4/PS4/Content/' took 0.00s
[2022.05.23-09.35.57:066][  0]LogInit: Display: Engine is initialized. Leaving FEngineLoop::Init()
[2022.05.23-09.35.57:068][  0]SourceControl: Source control is disabled
[2022.05.23-09.35.57:194][  0]LogSlate: Took 0.000219 seconds to synchronously load lazily loaded font '../../../Engine/Content/Slate/Fonts/Roboto-Regular.ttf' (155K)
[2022.05.23-09.36.10:468][  0]LogSlate: Window 'Restore Packages' being destroyed
[2022.05.23-09.36.11:953][  0]LogSlate: Window 'Unable to Check Out From Source Control!' being destroyed
[2022.05.23-09.36.11:962][  0]Message dialog closed, result: Ok, title: Unable to Check Out From Source Control!, text: The following assets could not be successfully checked out from source control:
/Game/FirstPersonBP/Blueprints/Character/BP_PersoPrincipal
[2022.05.23-09.36.11:967][  0]LogUnrealEdMisc: Loading editor; pre map load, took 19.053
[2022.05.23-09.36.11:967][  0]Cmd: MAP LOAD FILE="C:/Users/k.zins/Documents/GitHub/JV2B_Projet_Semestriel_4/PS4/Content/FirstPersonBP/Menu/Maps/Map_Menu.umap" TEMPLATE=0 SHOWPROGRESS=1 FEATURELEVEL=3
[2022.05.23-09.36.11:967][  0]LightingResults: New page: Lighting Build
[2022.05.23-09.36.11:968][  0]LogWorld: UWorld::CleanupWorld for Untitled, bSessionEnded=true, bCleanupResources=true
[2022.05.23-09.36.11:968][  0]LogSlate: InvalidateAllWidgets triggered.  All widgets were invalidated
[2022.05.23-09.36.11:969][  0]MapCheck: New page: Map Check
[2022.05.23-09.36.11:969][  0]LightingResults: New page: Lighting Build
[2022.05.23-09.36.11:973][  0]LogAudio: Display: Audio Device unregistered from world 'None'.
[2022.05.23-09.36.11:976][  0]LogUObjectHash: Compacting FUObjectHashTables data took   0.73ms
[2022.05.23-09.36.12:280][  0]LogAudio: Display: Audio Device (ID: 1) registered with world 'Map_Menu'.
[2022.05.23-09.36.12:280][  0]LogAIModule: Creating AISystem for world Map_Menu
[2022.05.23-09.36.12:281][  0]LogEditorServer: Finished looking for orphan Actors (0.000 secs)
[2022.05.23-09.36.12:288][  0]LogUObjectHash: Compacting FUObjectHashTables data took   0.69ms
[2022.05.23-09.36.12:288][  0]Cmd: MAP CHECKDEP NOCLEARLOG
[2022.05.23-09.36.12:289][  0]MapCheck: Map check complete: 0 Error(s), 0 Warning(s), took 0,121ms to complete.
[2022.05.23-09.36.12:289][  0]LogFileHelpers: Loading map 'Map_Menu' took 0.322
[2022.05.23-09.36.12:290][  0]LogUnrealEdMisc: Total Editor Startup Time, took 19.377
[2022.05.23-09.36.12:359][  0]LogSlate: Updating window title bar state: overlay mode, drag disabled, window buttons hidden, title bar hidden
[2022.05.23-09.36.12:363][  0]LogSlate: Updating window title bar state: overlay mode, drag disabled, window buttons hidden, title bar hidden
[2022.05.23-09.36.12:367][  0]LogSlate: Updating window title bar state: overlay mode, drag disabled, window buttons hidden, title bar hidden
[2022.05.23-09.36.12:371][  0]LogSlate: Updating window title bar state: overlay mode, drag disabled, window buttons hidden, title bar hidden
[2022.05.23-09.36.12:380][  0]LogNativeClassHierarchy: Verbose: Native class hierarchy populated in 0.0065 seconds. Added 3831 classes and 933 folders.
[2022.05.23-09.36.12:381][  0]LogNativeClassHierarchy: Verbose: Native class hierarchy updated for 'WidgetCarousel' in 0.0002 seconds. Added 0 classes and 0 folders.
[2022.05.23-09.36.12:382][  0]LogPakFile: PakFile PrimaryIndexSize=187
[2022.05.23-09.36.12:382][  0]LogPakFile: PakFile PathHashIndexSize=101
[2022.05.23-09.36.12:382][  0]LogPakFile: PakFile FullDirectoryIndexSize=148
[2022.05.23-09.36.12:382][  0]LogShaderLibrary: Display: ShaderCodeLibraryPakFileMountedCallback: PakFile 'E:/Unreal/UE_4.27/FeaturePacks/FP_FirstPerson.upack' (chunk index -1, root 'root:/') mounted
[2022.05.23-09.36.12:382][  0]LogShaderLibrary: Display: ShaderCodeLibraryPakFileMountedCallback: pending pak file info (ChunkID:-1 Root:root:/ File:E:/Unreal/UE_4.27/FeaturePacks/FP_FirstPerson.upack)
[2022.05.23-09.36.12:382][  0]LogPakFile: OnPakFileMounted2Time == 0.000036
[2022.05.23-09.36.12:383][  0]LogPakFile: PakFile PrimaryIndexSize=189
[2022.05.23-09.36.12:383][  0]LogPakFile: PakFile PathHashIndexSize=101
[2022.05.23-09.36.12:383][  0]LogPakFile: PakFile FullDirectoryIndexSize=152
[2022.05.23-09.36.12:383][  0]LogShaderLibrary: Display: ShaderCodeLibraryPakFileMountedCallback: PakFile 'E:/Unreal/UE_4.27/FeaturePacks/FP_FirstPersonBP.upack' (chunk index -1, root 'root:/') mounted
[2022.05.23-09.36.12:383][  0]LogShaderLibrary: Display: ShaderCodeLibraryPakFileMountedCallback: pending pak file info (ChunkID:-1 Root:root:/ File:E:/Unreal/UE_4.27/FeaturePacks/FP_FirstPersonBP.upack)
[2022.05.23-09.36.12:383][  0]LogPakFile: OnPakFileMounted2Time == 0.000022
[2022.05.23-09.36.12:383][  0]LogPakFile: PakFile PrimaryIndexSize=191
[2022.05.23-09.36.12:383][  0]LogPakFile: PakFile PathHashIndexSize=101
[2022.05.23-09.36.12:383][  0]LogPakFile: PakFile FullDirectoryIndexSize=160
[2022.05.23-09.36.12:383][  0]LogShaderLibrary: Display: ShaderCodeLibraryPakFileMountedCallback: PakFile 'E:/Unreal/UE_4.27/FeaturePacks/MobileStarterContent.upack' (chunk index -1, root 'root:/') mounted
[2022.05.23-09.36.12:383][  0]LogShaderLibrary: Display: ShaderCodeLibraryPakFileMountedCallback: pending pak file info (ChunkID:-1 Root:root:/ File:E:/Unreal/UE_4.27/FeaturePacks/MobileStarterContent.upack)
[2022.05.23-09.36.12:383][  0]LogPakFile: OnPakFileMounted2Time == 0.000020
[2022.05.23-09.36.12:383][  0]LogPakFile: PakFile PrimaryIndexSize=185
[2022.05.23-09.36.12:383][  0]LogPakFile: PakFile PathHashIndexSize=101
[2022.05.23-09.36.12:383][  0]LogPakFile: PakFile FullDirectoryIndexSize=148
[2022.05.23-09.36.12:383][  0]LogShaderLibrary: Display: ShaderCodeLibraryPakFileMountedCallback: PakFile 'E:/Unreal/UE_4.27/FeaturePacks/StarterContent.upack' (chunk index -1, root 'root:/') mounted
[2022.05.23-09.36.12:383][  0]LogShaderLibrary: Display: ShaderCodeLibraryPakFileMountedCallback: pending pak file info (ChunkID:-1 Root:root:/ File:E:/Unreal/UE_4.27/FeaturePacks/StarterContent.upack)
[2022.05.23-09.36.12:383][  0]LogPakFile: OnPakFileMounted2Time == 0.000023
[2022.05.23-09.36.12:384][  0]LogPakFile: PakFile PrimaryIndexSize=190
[2022.05.23-09.36.12:384][  0]LogPakFile: PakFile PathHashIndexSize=101
[2022.05.23-09.36.12:384][  0]LogPakFile: PakFile FullDirectoryIndexSize=154
[2022.05.23-09.36.12:384][  0]LogShaderLibrary: Display: ShaderCodeLibraryPakFileMountedCallback: PakFile 'E:/Unreal/UE_4.27/FeaturePacks/TP_2DSideScroller.upack' (chunk index -1, root 'root:/') mounted
[2022.05.23-09.36.12:384][  0]LogShaderLibrary: Display: ShaderCodeLibraryPakFileMountedCallback: pending pak file info (ChunkID:-1 Root:root:/ File:E:/Unreal/UE_4.27/FeaturePacks/TP_2DSideScroller.upack)
[2022.05.23-09.36.12:384][  0]LogPakFile: OnPakFileMounted2Time == 0.000020
[2022.05.23-09.36.12:384][  0]LogPakFile: PakFile PrimaryIndexSize=192
[2022.05.23-09.36.12:384][  0]LogPakFile: PakFile PathHashIndexSize=101
[2022.05.23-09.36.12:384][  0]LogPakFile: PakFile FullDirectoryIndexSize=158
[2022.05.23-09.36.12:384][  0]LogShaderLibrary: Display: ShaderCodeLibraryPakFileMountedCallback: PakFile 'E:/Unreal/UE_4.27/FeaturePacks/TP_2DSideScrollerBP.upack' (chunk index -1, root 'root:/') mounted
[2022.05.23-09.36.12:384][  0]LogShaderLibrary: Display: ShaderCodeLibraryPakFileMountedCallback: pending pak file info (ChunkID:-1 Root:root:/ File:E:/Unreal/UE_4.27/FeaturePacks/TP_2DSideScrollerBP.upack)
[2022.05.23-09.36.12:384][  0]LogPakFile: OnPakFileMounted2Time == 0.000020
[2022.05.23-09.36.12:384][  0]LogPakFile: PakFile PrimaryIndexSize=182
[2022.05.23-09.36.12:384][  0]LogPakFile: PakFile PathHashIndexSize=101
[2022.05.23-09.36.12:384][  0]LogPakFile: PakFile FullDirectoryIndexSize=138
[2022.05.23-09.36.12:384][  0]LogShaderLibrary: Display: ShaderCodeLibraryPakFileMountedCallback: PakFile 'E:/Unreal/UE_4.27/FeaturePacks/TP_Flying.upack' (chunk index -1, root 'root:/') mounted
[2022.05.23-09.36.12:384][  0]LogShaderLibrary: Display: ShaderCodeLibraryPakFileMountedCallback: pending pak file info (ChunkID:-1 Root:root:/ File:E:/Unreal/UE_4.27/FeaturePacks/TP_Flying.upack)
[2022.05.23-09.36.12:384][  0]LogPakFile: OnPakFileMounted2Time == 0.000028
[2022.05.23-09.36.12:384][  0]LogPakFile: PakFile PrimaryIndexSize=184
[2022.05.23-09.36.12:384][  0]LogPakFile: PakFile PathHashIndexSize=101
[2022.05.23-09.36.12:384][  0]LogPakFile: PakFile FullDirectoryIndexSize=142
[2022.05.23-09.36.12:384][  0]LogShaderLibrary: Display: ShaderCodeLibraryPakFileMountedCallback: PakFile 'E:/Unreal/UE_4.27/FeaturePacks/TP_FlyingBP.upack' (chunk index -1, root 'root:/') mounted
[2022.05.23-09.36.12:384][  0]LogShaderLibrary: Display: ShaderCodeLibraryPakFileMountedCallback: pending pak file info (ChunkID:-1 Root:root:/ File:E:/Unreal/UE_4.27/FeaturePacks/TP_FlyingBP.upack)
[2022.05.23-09.36.12:384][  0]LogPakFile: OnPakFileMounted2Time == 0.000019
[2022.05.23-09.36.12:385][  0]LogPakFile: PakFile PrimaryIndexSize=188
[2022.05.23-09.36.12:385][  0]LogPakFile: PakFile PathHashIndexSize=101
[2022.05.23-09.36.12:385][  0]LogPakFile: PakFile FullDirectoryIndexSize=150
[2022.05.23-09.36.12:385][  0]LogShaderLibrary: Display: ShaderCodeLibraryPakFileMountedCallback: PakFile 'E:/Unreal/UE_4.27/FeaturePacks/TP_HandheldARBP.upack' (chunk index -1, root 'root:/') mounted
[2022.05.23-09.36.12:385][  0]LogShaderLibrary: Display: ShaderCodeLibraryPakFileMountedCallback: pending pak file info (ChunkID:-1 Root:root:/ File:E:/Unreal/UE_4.27/FeaturePacks/TP_HandheldARBP.upack)
[2022.05.23-09.36.12:385][  0]LogPakFile: OnPakFileMounted2Time == 0.000019
[2022.05.23-09.36.12:385][  0]LogPakFile: PakFile PrimaryIndexSize=182
[2022.05.23-09.36.12:385][  0]LogPakFile: PakFile PathHashIndexSize=101
[2022.05.23-09.36.12:385][  0]LogPakFile: PakFile FullDirectoryIndexSize=138
[2022.05.23-09.36.12:385][  0]LogShaderLibrary: Display: ShaderCodeLibraryPakFileMountedCallback: PakFile 'E:/Unreal/UE_4.27/FeaturePacks/TP_Puzzle.upack' (chunk index -1, root 'root:/') mounted
[2022.05.23-09.36.12:385][  0]LogShaderLibrary: Display: ShaderCodeLibraryPakFileMountedCallback: pending pak file info (ChunkID:-1 Root:root:/ File:E:/Unreal/UE_4.27/FeaturePacks/TP_Puzzle.upack)
[2022.05.23-09.36.12:385][  0]LogPakFile: OnPakFileMounted2Time == 0.000019
[2022.05.23-09.36.12:385][  0]LogPakFile: PakFile PrimaryIndexSize=184
[2022.05.23-09.36.12:385][  0]LogPakFile: PakFile PathHashIndexSize=101
[2022.05.23-09.36.12:385][  0]LogPakFile: PakFile FullDirectoryIndexSize=142
[2022.05.23-09.36.12:385][  0]LogShaderLibrary: Display: ShaderCodeLibraryPakFileMountedCallback: PakFile 'E:/Unreal/UE_4.27/FeaturePacks/TP_PuzzleBP.upack' (chunk index -1, root 'root:/') mounted
[2022.05.23-09.36.12:385][  0]LogShaderLibrary: Display: ShaderCodeLibraryPakFileMountedCallback: pending pak file info (ChunkID:-1 Root:root:/ File:E:/Unreal/UE_4.27/FeaturePacks/TP_PuzzleBP.upack)
[2022.05.23-09.36.12:385][  0]LogPakFile: OnPakFileMounted2Time == 0.000019
[2022.05.23-09.36.12:386][  0]LogPakFile: PakFile PrimaryIndexSize=183
[2022.05.23-09.36.12:386][  0]LogPakFile: PakFile PathHashIndexSize=101
[2022.05.23-09.36.12:386][  0]LogPakFile: PakFile FullDirectoryIndexSize=140
[2022.05.23-09.36.12:386][  0]LogShaderLibrary: Display: ShaderCodeLibraryPakFileMountedCallback: PakFile 'E:/Unreal/UE_4.27/FeaturePacks/TP_Rolling.upack' (chunk index -1, root 'root:/') mounted
[2022.05.23-09.36.12:386][  0]LogShaderLibrary: Display: ShaderCodeLibraryPakFileMountedCallback: pending pak file info (ChunkID:-1 Root:root:/ File:E:/Unreal/UE_4.27/FeaturePacks/TP_Rolling.upack)
[2022.05.23-09.36.12:386][  0]LogPakFile: OnPakFileMounted2Time == 0.000019
[2022.05.23-09.36.12:386][  0]LogPakFile: PakFile PrimaryIndexSize=185
[2022.05.23-09.36.12:386][  0]LogPakFile: PakFile PathHashIndexSize=101
[2022.05.23-09.36.12:386][  0]LogPakFile: PakFile FullDirectoryIndexSize=144
[2022.05.23-09.36.12:386][  0]LogShaderLibrary: Display: ShaderCodeLibraryPakFileMountedCallback: PakFile 'E:/Unreal/UE_4.27/FeaturePacks/TP_RollingBP.upack' (chunk index -1, root 'root:/') mounted
[2022.05.23-09.36.12:386][  0]LogShaderLibrary: Display: ShaderCodeLibraryPakFileMountedCallback: pending pak file info (ChunkID:-1 Root:root:/ File:E:/Unreal/UE_4.27/FeaturePacks/TP_RollingBP.upack)
[2022.05.23-09.36.12:386][  0]LogPakFile: OnPakFileMounted2Time == 0.000019
[2022.05.23-09.36.12:386][  0]LogPakFile: PakFile PrimaryIndexSize=188
[2022.05.23-09.36.12:386][  0]LogPakFile: PakFile PathHashIndexSize=101
[2022.05.23-09.36.12:386][  0]LogPakFile: PakFile FullDirectoryIndexSize=150
[2022.05.23-09.36.12:386][  0]LogShaderLibrary: Display: ShaderCodeLibraryPakFileMountedCallback: PakFile 'E:/Unreal/UE_4.27/FeaturePacks/TP_SideScroller.upack' (chunk index -1, root 'root:/') mounted
[2022.05.23-09.36.12:386][  0]LogShaderLibrary: Display: ShaderCodeLibraryPakFileMountedCallback: pending pak file info (ChunkID:-1 Root:root:/ File:E:/Unreal/UE_4.27/FeaturePacks/TP_SideScroller.upack)
[2022.05.23-09.36.12:386][  0]LogPakFile: OnPakFileMounted2Time == 0.000019
[2022.05.23-09.36.12:387][  0]LogPakFile: PakFile PrimaryIndexSize=190
[2022.05.23-09.36.12:387][  0]LogPakFile: PakFile PathHashIndexSize=101
[2022.05.23-09.36.12:387][  0]LogPakFile: PakFile FullDirectoryIndexSize=154
[2022.05.23-09.36.12:387][  0]LogShaderLibrary: Display: ShaderCodeLibraryPakFileMountedCallback: PakFile 'E:/Unreal/UE_4.27/FeaturePacks/TP_SideScrollerBP.upack' (chunk index -1, root 'root:/') mounted
[2022.05.23-09.36.12:387][  0]LogShaderLibrary: Display: ShaderCodeLibraryPakFileMountedCallback: pending pak file info (ChunkID:-1 Root:root:/ File:E:/Unreal/UE_4.27/FeaturePacks/TP_SideScrollerBP.upack)
[2022.05.23-09.36.12:387][  0]LogPakFile: OnPakFileMounted2Time == 0.000026
[2022.05.23-09.36.12:387][  0]LogPakFile: PakFile PrimaryIndexSize=187
[2022.05.23-09.36.12:387][  0]LogPakFile: PakFile PathHashIndexSize=101
[2022.05.23-09.36.12:387][  0]LogPakFile: PakFile FullDirectoryIndexSize=148
[2022.05.23-09.36.12:387][  0]LogShaderLibrary: Display: ShaderCodeLibraryPakFileMountedCallback: PakFile 'E:/Unreal/UE_4.27/FeaturePacks/TP_ThirdPerson.upack' (chunk index -1, root 'root:/') mounted
[2022.05.23-09.36.12:387][  0]LogShaderLibrary: Display: ShaderCodeLibraryPakFileMountedCallback: pending pak file info (ChunkID:-1 Root:root:/ File:E:/Unreal/UE_4.27/FeaturePacks/TP_ThirdPerson.upack)
[2022.05.23-09.36.12:387][  0]LogPakFile: OnPakFileMounted2Time == 0.000018
[2022.05.23-09.36.12:387][  0]LogPakFile: PakFile PrimaryIndexSize=189
[2022.05.23-09.36.12:387][  0]LogPakFile: PakFile PathHashIndexSize=101
[2022.05.23-09.36.12:387][  0]LogPakFile: PakFile FullDirectoryIndexSize=152
[2022.05.23-09.36.12:387][  0]LogShaderLibrary: Display: ShaderCodeLibraryPakFileMountedCallback: PakFile 'E:/Unreal/UE_4.27/FeaturePacks/TP_ThirdPersonBP.upack' (chunk index -1, root 'root:/') mounted
[2022.05.23-09.36.12:387][  0]LogShaderLibrary: Display: ShaderCodeLibraryPakFileMountedCallback: pending pak file info (ChunkID:-1 Root:root:/ File:E:/Unreal/UE_4.27/FeaturePacks/TP_ThirdPersonBP.upack)
[2022.05.23-09.36.12:387][  0]LogPakFile: OnPakFileMounted2Time == 0.000019
[2022.05.23-09.36.12:387][  0]LogPakFile: PakFile PrimaryIndexSize=183
[2022.05.23-09.36.12:387][  0]LogPakFile: PakFile PathHashIndexSize=101
[2022.05.23-09.36.12:387][  0]LogPakFile: PakFile FullDirectoryIndexSize=140
[2022.05.23-09.36.12:387][  0]LogShaderLibrary: Display: ShaderCodeLibraryPakFileMountedCallback: PakFile 'E:/Unreal/UE_4.27/FeaturePacks/TP_TopDown.upack' (chunk index -1, root 'root:/') mounted
[2022.05.23-09.36.12:387][  0]LogShaderLibrary: Display: ShaderCodeLibraryPakFileMountedCallback: pending pak file info (ChunkID:-1 Root:root:/ File:E:/Unreal/UE_4.27/FeaturePacks/TP_TopDown.upack)
[2022.05.23-09.36.12:387][  0]LogPakFile: OnPakFileMounted2Time == 0.000023
[2022.05.23-09.36.12:388][  0]LogPakFile: PakFile PrimaryIndexSize=185
[2022.05.23-09.36.12:388][  0]LogPakFile: PakFile PathHashIndexSize=101
[2022.05.23-09.36.12:388][  0]LogPakFile: PakFile FullDirectoryIndexSize=144
[2022.05.23-09.36.12:388][  0]LogShaderLibrary: Display: ShaderCodeLibraryPakFileMountedCallback: PakFile 'E:/Unreal/UE_4.27/FeaturePacks/TP_TopDownBP.upack' (chunk index -1, root 'root:/') mounted
[2022.05.23-09.36.12:388][  0]LogShaderLibrary: Display: ShaderCodeLibraryPakFileMountedCallback: pending pak file info (ChunkID:-1 Root:root:/ File:E:/Unreal/UE_4.27/FeaturePacks/TP_TopDownBP.upack)
[2022.05.23-09.36.12:388][  0]LogPakFile: OnPakFileMounted2Time == 0.000019
[2022.05.23-09.36.12:388][  0]LogPakFile: PakFile PrimaryIndexSize=185
[2022.05.23-09.36.12:388][  0]LogPakFile: PakFile PathHashIndexSize=101
[2022.05.23-09.36.12:388][  0]LogPakFile: PakFile FullDirectoryIndexSize=144
[2022.05.23-09.36.12:388][  0]LogShaderLibrary: Display: ShaderCodeLibraryPakFileMountedCallback: PakFile 'E:/Unreal/UE_4.27/FeaturePacks/TP_TwinStick.upack' (chunk index -1, root 'root:/') mounted
[2022.05.23-09.36.12:388][  0]LogShaderLibrary: Display: ShaderCodeLibraryPakFileMountedCallback: pending pak file info (ChunkID:-1 Root:root:/ File:E:/Unreal/UE_4.27/FeaturePacks/TP_TwinStick.upack)
[2022.05.23-09.36.12:388][  0]LogPakFile: OnPakFileMounted2Time == 0.000019
[2022.05.23-09.36.12:388][  0]LogPakFile: PakFile PrimaryIndexSize=187
[2022.05.23-09.36.12:388][  0]LogPakFile: PakFile PathHashIndexSize=101
[2022.05.23-09.36.12:388][  0]LogPakFile: PakFile FullDirectoryIndexSize=148
[2022.05.23-09.36.12:388][  0]LogShaderLibrary: Display: ShaderCodeLibraryPakFileMountedCallback: PakFile 'E:/Unreal/UE_4.27/FeaturePacks/TP_TwinStickBP.upack' (chunk index -1, root 'root:/') mounted
[2022.05.23-09.36.12:388][  0]LogShaderLibrary: Display: ShaderCodeLibraryPakFileMountedCallback: pending pak file info (ChunkID:-1 Root:root:/ File:E:/Unreal/UE_4.27/FeaturePacks/TP_TwinStickBP.upack)
[2022.05.23-09.36.12:388][  0]LogPakFile: OnPakFileMounted2Time == 0.000020
[2022.05.23-09.36.12:388][  0]LogPakFile: PakFile PrimaryIndexSize=183
[2022.05.23-09.36.12:388][  0]LogPakFile: PakFile PathHashIndexSize=101
[2022.05.23-09.36.12:388][  0]LogPakFile: PakFile FullDirectoryIndexSize=140
[2022.05.23-09.36.12:388][  0]LogShaderLibrary: Display: ShaderCodeLibraryPakFileMountedCallback: PakFile 'E:/Unreal/UE_4.27/FeaturePacks/TP_Vehicle.upack' (chunk index -1, root 'root:/') mounted
[2022.05.23-09.36.12:388][  0]LogShaderLibrary: Display: ShaderCodeLibraryPakFileMountedCallback: pending pak file info (ChunkID:-1 Root:root:/ File:E:/Unreal/UE_4.27/FeaturePacks/TP_Vehicle.upack)
[2022.05.23-09.36.12:388][  0]LogPakFile: OnPakFileMounted2Time == 0.000019
[2022.05.23-09.36.12:389][  0]LogPakFile: PakFile PrimaryIndexSize=186
[2022.05.23-09.36.12:389][  0]LogPakFile: PakFile PathHashIndexSize=101
[2022.05.23-09.36.12:389][  0]LogPakFile: PakFile FullDirectoryIndexSize=146
[2022.05.23-09.36.12:389][  0]LogShaderLibrary: Display: ShaderCodeLibraryPakFileMountedCallback: PakFile 'E:/Unreal/UE_4.27/FeaturePacks/TP_VehicleAdv.upack' (chunk index -1, root 'root:/') mounted
[2022.05.23-09.36.12:389][  0]LogShaderLibrary: Display: ShaderCodeLibraryPakFileMountedCallback: pending pak file info (ChunkID:-1 Root:root:/ File:E:/Unreal/UE_4.27/FeaturePacks/TP_VehicleAdv.upack)
[2022.05.23-09.36.12:389][  0]LogPakFile: OnPakFileMounted2Time == 0.000019
[2022.05.23-09.36.12:389][  0]LogPakFile: PakFile PrimaryIndexSize=188
[2022.05.23-09.36.12:389][  0]LogPakFile: PakFile PathHashIndexSize=101
[2022.05.23-09.36.12:389][  0]LogPakFile: PakFile FullDirectoryIndexSize=150
[2022.05.23-09.36.12:389][  0]LogShaderLibrary: Display: ShaderCodeLibraryPakFileMountedCallback: PakFile 'E:/Unreal/UE_4.27/FeaturePacks/TP_VehicleAdvBP.upack' (chunk index -1, root 'root:/') mounted
[2022.05.23-09.36.12:389][  0]LogShaderLibrary: Display: ShaderCodeLibraryPakFileMountedCallback: pending pak file info (ChunkID:-1 Root:root:/ File:E:/Unreal/UE_4.27/FeaturePacks/TP_VehicleAdvBP.upack)
[2022.05.23-09.36.12:389][  0]LogPakFile: OnPakFileMounted2Time == 0.000020
[2022.05.23-09.36.12:389][  0]LogPakFile: PakFile PrimaryIndexSize=185
[2022.05.23-09.36.12:389][  0]LogPakFile: PakFile PathHashIndexSize=101
[2022.05.23-09.36.12:389][  0]LogPakFile: PakFile FullDirectoryIndexSize=144
[2022.05.23-09.36.12:389][  0]LogShaderLibrary: Display: ShaderCodeLibraryPakFileMountedCallback: PakFile 'E:/Unreal/UE_4.27/FeaturePacks/TP_VehicleBP.upack' (chunk index -1, root 'root:/') mounted
[2022.05.23-09.36.12:389][  0]LogShaderLibrary: Display: ShaderCodeLibraryPakFileMountedCallback: pending pak file info (ChunkID:-1 Root:root:/ File:E:/Unreal/UE_4.27/FeaturePacks/TP_VehicleBP.upack)
[2022.05.23-09.36.12:389][  0]LogPakFile: OnPakFileMounted2Time == 0.000019
[2022.05.23-09.36.12:390][  0]LogPakFile: PakFile PrimaryIndexSize=192
[2022.05.23-09.36.12:390][  0]LogPakFile: PakFile PathHashIndexSize=101
[2022.05.23-09.36.12:390][  0]LogPakFile: PakFile FullDirectoryIndexSize=158
[2022.05.23-09.36.12:390][  0]LogShaderLibrary: Display: ShaderCodeLibraryPakFileMountedCallback: PakFile 'E:/Unreal/UE_4.27/FeaturePacks/TP_VirtualRealityBP.upack' (chunk index -1, root 'root:/') mounted
[2022.05.23-09.36.12:390][  0]LogShaderLibrary: Display: ShaderCodeLibraryPakFileMountedCallback: pending pak file info (ChunkID:-1 Root:root:/ File:E:/Unreal/UE_4.27/FeaturePacks/TP_VirtualRealityBP.upack)
[2022.05.23-09.36.12:390][  0]LogPakFile: OnPakFileMounted2Time == 0.000019
[2022.05.23-09.36.12:404][  0]LogNativeClassHierarchy: Verbose: Native class hierarchy updated for 'AddContentDialog' in 0.0002 seconds. Added 0 classes and 0 folders.
[2022.05.23-09.36.12:405][  0]LogNativeClassHierarchy: Verbose: Native class hierarchy updated for 'SceneOutliner' in 0.0002 seconds. Added 2 classes and 0 folders.
[2022.05.23-09.36.12:443][  0]LogSlate: Took 0.000162 seconds to synchronously load lazily loaded font '../../../Engine/Content/Editor/Slate/Fonts/FontAwesome.ttf' (139K)
[2022.05.23-09.36.12:443][  0]LogSlate: Took 0.000088 seconds to synchronously load lazily loaded font '../../../Engine/Content/Slate/Fonts/Roboto-Bold.ttf' (160K)
[2022.05.23-09.36.12:478][  0]LogRenderer: Reallocating scene render targets to support 1616x572 Format 10 NumSamples 1 (Frame:1).
[2022.05.23-09.36.12:550][  0]LogNativeClassHierarchy: Verbose: Native class hierarchy updated for 'HierarchicalLODOutliner' in 0.0002 seconds. Added 0 classes and 0 folders.
[2022.05.23-09.36.12:550][  0]LogLoad: (Engine Initialization) Total time: 19.64 seconds
[2022.05.23-09.36.12:550][  0]LogLoad: (Engine Initialization) Total Blueprint compile time: 0.00 seconds
[2022.05.23-09.36.12:587][  0]LogAssetRegistry: Asset discovery search completed in 17.8256 seconds
[2022.05.23-09.36.12:590][  0]LogCollectionManager: Fixed up redirectors for 0 collections in 0.000002 seconds (updated 0 objects)
[2022.05.23-09.36.12:598][  0]LogContentStreaming: Texture pool size now 1000 MB
[2022.05.23-09.36.12:669][  6]LogSlate: Took 0.000085 seconds to synchronously load lazily loaded font '../../../Engine/Content/Slate/Fonts/Roboto-Light.ttf' (167K)
[2022.05.23-09.36.13:565][ 95]LogSlate: Took 0.000156 seconds to synchronously load lazily loaded font '../../../Engine/Content/Slate/Fonts/Roboto-Light.ttf' (167K)
[2022.05.23-09.36.17:621][511]LogFileCache: Retrieving MD5 hashes for directory 'C:/Users/k.zins/Documents/GitHub/JV2B_Projet_Semestriel_4/PS4/Content/' took 5.06s
