Log file open, 06/01/22 17:06:32
LogWindows: Failed to load 'aqProf.dll' (GetLastError=126)
LogWindows: File 'aqProf.dll' does not exist
LogWindows: Failed to load 'VtuneApi.dll' (GetLastError=126)
LogWindows: File 'VtuneApi.dll' does not exist
LogWindows: Failed to load 'VtuneApi32e.dll' (GetLastError=126)
LogWindows: File 'VtuneApi32e.dll' does not exist
LogConsoleResponse: Display: Failed to find resolution value strings in scalability ini. Falling back to default.
LogConsoleResponse: Display: Failed to find resolution value strings in scalability ini. Falling back to default.
LogInit: Display: Running engine for game: Projet_Semestriel_4
LogPlatformFile: Not using cached read wrapper
LogTaskGraph: Started task graph with 5 named threads and 26 total threads with 3 sets of task threads.
LogStats: Stats thread started at 0.550350
LogICUInternationalization: ICU TimeZone Detection - Raw Offset: +1:00, Platform Override: ''
LogInit: Display: Loading text-based GConfig....
LogPluginManager: Mounting plugin MeshPainting
LogPluginManager: Mounting plugin XGEController
LogPluginManager: Mounting plugin Paper2D
LogPluginManager: Mounting plugin AISupport
LogPluginManager: Mounting plugin EnvironmentQueryEditor
LogPluginManager: Mounting plugin LiveLink
LogPluginManager: Mounting plugin LightPropagationVolume
LogPluginManager: Mounting plugin CameraShakePreviewer
LogPluginManager: Mounting plugin GameplayCameras
LogPluginManager: Mounting plugin OodleData
LogPluginManager: Mounting plugin OodleNetwork
LogPluginManager: Mounting plugin AssetManagerEditor
LogPluginManager: Mounting plugin CryptoKeys
LogPluginManager: Mounting plugin CurveEditorTools
LogPluginManager: Mounting plugin DataValidation
LogPluginManager: Mounting plugin FacialAnimation
LogPluginManager: Mounting plugin GameplayTagsEditor
LogPluginManager: Mounting plugin GeometryMode
LogPluginManager: Mounting plugin MaterialAnalyzer
LogPluginManager: Mounting plugin MacGraphicsSwitching
LogPluginManager: Mounting plugin MobileLauncherProfileWizard
LogPluginManager: Mounting plugin PluginBrowser
LogPluginManager: Mounting plugin SpeedTreeImporter
LogPluginManager: Mounting plugin DatasmithContent
LogPluginManager: Mounting plugin VariantManagerContent
LogPluginManager: Mounting plugin AnimationSharing
LogPluginManager: Mounting plugin CLionSourceCodeAccess
LogPluginManager: Mounting plugin GitSourceControl
LogPluginManager: Mounting plugin PerforceSourceControl
LogPluginManager: Mounting plugin CodeLiteSourceCodeAccess
LogPluginManager: Mounting plugin PixWinPlugin
LogPluginManager: Mounting plugin PlasticSourceControl
LogPluginManager: Mounting plugin PluginUtils
LogPluginManager: Mounting plugin PropertyAccessNode
LogPluginManager: Mounting plugin RiderSourceCodeAccess
LogPluginManager: Mounting plugin KDevelopSourceCodeAccess
LogPluginManager: Mounting plugin TextureFormatOodle
LogPluginManager: Mounting plugin SubversionSourceControl
LogPluginManager: Mounting plugin UObjectPlugin
LogPluginManager: Mounting plugin VisualStudioCodeSourceCodeAccess
LogPluginManager: Mounting plugin VisualStudioSourceCodeAccess
LogPluginManager: Mounting plugin Niagara
LogPluginManager: Mounting plugin NullSourceCodeAccess
LogPluginManager: Mounting plugin AlembicImporter
LogPluginManager: Mounting plugin AutomationUtils
LogPluginManager: Mounting plugin BackChannel
LogPluginManager: Mounting plugin XCodeSourceCodeAccess
LogPluginManager: Mounting plugin AndroidMedia
LogPluginManager: Mounting plugin ChaosCloth
LogPluginManager: Mounting plugin ChaosClothEditor
LogPluginManager: Mounting plugin ChaosEditor
LogPluginManager: Mounting plugin AvfMedia
LogPluginManager: Mounting plugin ChaosNiagara
LogPluginManager: Mounting plugin ChaosSolverPlugin
LogPluginManager: Mounting plugin MagicLeap
LogPluginManager: Mounting plugin LuminPlatformFeatures
LogPluginManager: Mounting plugin CharacterAI
LogPluginManager: Mounting plugin MagicLeapLightEstimation
LogPluginManager: Mounting plugin MagicLeapMedia
LogPluginManager: Mounting plugin ImgMedia
LogPluginManager: Mounting plugin MediaCompositing
LogPluginManager: Mounting plugin MediaPlayerEditor
LogPluginManager: Mounting plugin WebMMedia
LogPluginManager: Mounting plugin WmfMedia
LogPluginManager: Mounting plugin MagicLeapPassableWorld
LogPluginManager: Mounting plugin MLSDK
LogPluginManager: Mounting plugin ActorSequence
LogPluginManager: Mounting plugin LevelSequenceEditor
LogPluginManager: Mounting plugin MatineeToLevelSequence
LogPluginManager: Mounting plugin TemplateSequence
LogPluginManager: Mounting plugin TcpMessaging
LogPluginManager: Mounting plugin UdpMessaging
LogPluginManager: Mounting plugin OnlineSubsystem
LogPluginManager: Mounting plugin OnlineSubsystemNull
LogPluginManager: Mounting plugin OnlineSubsystemUtils
LogPluginManager: Mounting plugin LauncherChunkInstaller
LogPluginManager: Mounting plugin ActorLayerUtilities
LogPluginManager: Mounting plugin AndroidPermission
LogPluginManager: Mounting plugin ApexDestruction
LogPluginManager: Mounting plugin AppleImageUtils
LogPluginManager: Mounting plugin ArchVisCharacter
LogPluginManager: Mounting plugin AudioCapture
LogPluginManager: Mounting plugin AssetTags
LogPluginManager: Mounting plugin AndroidDeviceProfileSelector
LogPluginManager: Mounting plugin AndroidMoviePlayer
LogPluginManager: Mounting plugin ChunkDownloader
LogPluginManager: Mounting plugin CableComponent
LogPluginManager: Mounting plugin AppleMoviePlayer
LogPluginManager: Mounting plugin CustomMeshComponent
LogPluginManager: Mounting plugin AudioSynesthesia
LogPluginManager: Mounting plugin EditableMesh
LogPluginManager: Mounting plugin ExampleDeviceProfileSelector
LogPluginManager: Mounting plugin GooglePAD
LogPluginManager: Mounting plugin GoogleCloudMessaging
LogPluginManager: Mounting plugin LocationServicesBPLibrary
LogPluginManager: Mounting plugin IOSDeviceProfileSelector
LogPluginManager: Mounting plugin LinuxDeviceProfileSelector
LogPluginManager: Mounting plugin MobilePatchingUtils
LogPluginManager: Mounting plugin OpenXR
LogPluginManager: Mounting plugin OpenXREyeTracker
LogPluginManager: Mounting plugin OpenXRHandTracking
LogPluginManager: Mounting plugin PhysXVehicles
LogPluginManager: Mounting plugin ScreenshotTools
LogPluginManager: Mounting plugin PostSplashScreen
LogPluginManager: Mounting plugin PropertyAccessEditor
LogPluginManager: Mounting plugin ProceduralMeshComponent
LogPluginManager: Mounting plugin RuntimePhysXCooking
LogPluginManager: Mounting plugin SignificanceManager
LogPluginManager: Mounting plugin SoundFields
LogPluginManager: Mounting plugin Synthesis
LogPluginManager: Mounting plugin WebMMoviePlayer
LogPluginManager: Mounting plugin WindowsMoviePlayer
LogPluginManager: Mounting plugin GeometryCache
LogPluginManager: Mounting plugin GeometryCollectionPlugin
LogPluginManager: Mounting plugin GeometryProcessing
LogPluginManager: Mounting plugin Takes
LogPluginManager: Mounting plugin MotoSynth
LogPluginManager: Mounting plugin OpenImageDenoise
LogPluginManager: Mounting plugin PlanarCut
LogPluginManager: Mounting plugin PlatformCrypto
LogPluginManager: Mounting plugin ProxyLODPlugin
LogPluginManager: Mounting plugin PythonScriptPlugin
LogPluginManager: Mounting plugin SkeletalReduction
LogPluginManager: Mounting plugin ContentBrowserAssetDataSource
LogPluginManager: Mounting plugin ContentBrowserFileDataSource
LogPluginManager: Mounting plugin ContentBrowserClassDataSource
LogPluginManager: Mounting plugin OnlineSubsystemGooglePlay
LogPluginManager: Mounting plugin OnlineSubsystemIOS
LogPluginManager: Mounting plugin OculusVR
LogPluginManager: Mounting plugin SteamVR
PixWinPlugin: PIX capture plugin failed to initialize! Check that the process is launched from PIX.
LogInit: Using libcurl 7.55.1-DEV
LogInit:  - built for x86_64-pc-win32
LogInit:  - supports SSL with OpenSSL/1.1.1
LogInit:  - supports HTTP deflate (compression) using libz 1.2.8
LogInit:  - other features:
LogInit:      CURL_VERSION_SSL
LogInit:      CURL_VERSION_LIBZ
LogInit:      CURL_VERSION_IPV6
LogInit:      CURL_VERSION_ASYNCHDNS
LogInit:      CURL_VERSION_LARGEFILE
LogInit:      CURL_VERSION_IDN
LogInit:  CurlRequestOptions (configurable via config and command line):
LogInit:  - bVerifyPeer = true  - Libcurl will verify peer certificate
LogInit:  - bUseHttpProxy = false  - Libcurl will NOT use HTTP proxy
LogInit:  - bDontReuseConnections = false  - Libcurl will reuse connections
LogInit:  - MaxHostConnections = 16  - Libcurl will limit the number of connections to a host
LogInit:  - LocalHostAddr = Default
LogInit:  - BufferSize = 65536
LogOnline: OSS: Creating online subsystem instance for: NULL
LogInit: WinSock: version 1.1 (2.2), MaxSocks=32767, MaxUdp=65467
LogOnline: OSS: TryLoadSubsystemAndSetDefault: Loaded subsystem for module [NULL]
LogOculusPluginWrapper: OculusPlugin initialized successfully
LogHMD: Failed initializing OVRPlugin 1.59.0
LogInit: Build: ++UE4+Release-4.27-CL-18319896
LogInit: Engine Version: 4.27.2-18319896+++UE4+Release-4.27
LogInit: Compatible Engine Version: 4.27.0-17155196+++UE4+Release-4.27
LogInit: Net CL: 17155196
LogInit: OS: Windows 10 (Release 2009) (), CPU: Intel(R) Core(TM) i7-9700 CPU @ 3.00GHz, GPU: NVIDIA GeForce RTX 2060
LogInit: Compiled (64-bit): Nov 30 2021 07:12:08
LogInit: Compiled with Visual C++: 19.24.28315.00
LogInit: Build Configuration: Development
LogInit: Branch Name: ++UE4+Release-4.27
LogInit: Command Line: 
LogInit: Base Directory: C:/Unreal_Moteur/UE_4.27/Engine/Binaries/Win64/
LogInit: Allocator: TBB
LogInit: Installed Engine Build: 1
LogDevObjectVersion: Number of dev versions registered: 29
LogDevObjectVersion:   Dev-Blueprints (B0D832E4-1F89-4F0D-ACCF-7EB736FD4AA2): 10
LogDevObjectVersion:   Dev-Build (E1C64328-A22C-4D53-A36C-8E866417BD8C): 0
LogDevObjectVersion:   Dev-Core (375EC13C-06E4-48FB-B500-84F0262A717E): 4
LogDevObjectVersion:   Dev-Editor (E4B068ED-F494-42E9-A231-DA0B2E46BB41): 40
LogDevObjectVersion:   Dev-Framework (CFFC743F-43B0-4480-9391-14DF171D2073): 37
LogDevObjectVersion:   Dev-Mobile (B02B49B5-BB20-44E9-A304-32B752E40360): 3
LogDevObjectVersion:   Dev-Networking (A4E4105C-59A1-49B5-A7C5-40C4547EDFEE): 0
LogDevObjectVersion:   Dev-Online (39C831C9-5AE6-47DC-9A44-9C173E1C8E7C): 0
LogDevObjectVersion:   Dev-Physics (78F01B33-EBEA-4F98-B9B4-84EACCB95AA2): 14
LogDevObjectVersion:   Dev-Platform (6631380F-2D4D-43E0-8009-CF276956A95A): 0
LogDevObjectVersion:   Dev-Rendering (12F88B9F-8875-4AFC-A67C-D90C383ABD29): 45
LogDevObjectVersion:   Dev-Sequencer (7B5AE74C-D270-4C10-A958-57980B212A5A): 13
LogDevObjectVersion:   Dev-VR (D7296918-1DD6-4BDD-9DE2-64A83CC13884): 3
LogDevObjectVersion:   Dev-LoadTimes (C2A15278-BFE7-4AFE-6C17-90FF531DF755): 1
LogDevObjectVersion:   Private-Geometry (6EACA3D4-40EC-4CC1-B786-8BED09428FC5): 3
LogDevObjectVersion:   Dev-AnimPhys (29E575DD-E0A3-4627-9D10-D276232CDCEA): 17
LogDevObjectVersion:   Dev-Anim (AF43A65D-7FD3-4947-9873-3E8ED9C1BB05): 15
LogDevObjectVersion:   Dev-ReflectionCapture (6B266CEC-1EC7-4B8F-A30B-E4D90942FC07): 1
LogDevObjectVersion:   Dev-Automation (0DF73D61-A23F-47EA-B727-89E90C41499A): 1
LogDevObjectVersion:   FortniteMain (601D1886-AC64-4F84-AA16-D3DE0DEAC7D6): 47
LogDevObjectVersion:   FortniteRelease (E7086368-6B23-4C58-8439-1B7016265E91): 1
LogDevObjectVersion:   Dev-Enterprise (9DFFBCD6-494F-0158-E221-12823C92A888): 10
LogDevObjectVersion:   Dev-Niagara (F2AED0AC-9AFE-416F-8664-AA7FFA26D6FC): 1
LogDevObjectVersion:   Dev-Destruction (174F1F0B-B4C6-45A5-B13F-2EE8D0FB917D): 10
LogDevObjectVersion:   Dev-Physics-Ext (35F94A83-E258-406C-A318-09F59610247C): 41
LogDevObjectVersion:   Dev-PhysicsMaterial-Chaos (B68FC16E-8B1B-42E2-B453-215C058844FE): 1
LogDevObjectVersion:   Dev-CineCamera (B2E18506-4273-CFC2-A54E-F4BB758BBA07): 1
LogDevObjectVersion:   Dev-VirtualProduction (64F58936-FD1B-42BA-BA96-7289D5D0FA4E): 1
LogDevObjectVersion:   Dev-MediaFramework (6F0ED827-A609-4895-9C91-998D90180EA4): 2
LogInit: Presizing for max 25165824 objects, including 0 objects not considered by GC, pre-allocating 0 bytes for permanent pool.
LogConfig: Applying CVar settings from Section [/Script/Engine.StreamingSettings] File [F:/UE4/JV2B_Projet_Semestriel_4/Saved/Config/Windows/Engine.ini]
LogConfig: Setting CVar [[s.MinBulkDataSizeForAsyncLoading:131072]]
LogConfig: Setting CVar [[s.AsyncLoadingThreadEnabled:0]]
LogConfig: Setting CVar [[s.EventDrivenLoaderEnabled:1]]
LogConfig: Setting CVar [[s.WarnIfTimeLimitExceeded:0]]
LogConfig: Setting CVar [[s.TimeLimitExceededMultiplier:1.5]]
LogConfig: Setting CVar [[s.TimeLimitExceededMinTime:0.005]]
LogConfig: Setting CVar [[s.UseBackgroundLevelStreaming:1]]
LogConfig: Setting CVar [[s.PriorityAsyncLoadingExtraTime:15.0]]
LogConfig: Setting CVar [[s.LevelStreamingActorsUpdateTimeLimit:5.0]]
LogConfig: Setting CVar [[s.PriorityLevelStreamingActorsUpdateExtraTime:5.0]]
LogConfig: Setting CVar [[s.LevelStreamingComponentsRegistrationGranularity:10]]
LogConfig: Setting CVar [[s.UnregisterComponentsTimeLimit:1.0]]
LogConfig: Setting CVar [[s.LevelStreamingComponentsUnregistrationGranularity:5]]
LogConfig: Setting CVar [[s.FlushStreamingOnExit:1]]
LogInit: Object subsystem initialized
LogConfig: Setting CVar [[con.DebugEarlyDefault:1]]
LogConfig: Setting CVar [[r.setres:1280x720]]
[2022.06.01-15.06.33:674][  0]LogConfig: Setting CVar [[r.VSync:0]]
[2022.06.01-15.06.33:674][  0]LogConfig: Setting CVar [[r.RHICmdBypass:0]]
[2022.06.01-15.06.33:674][  0]LogConfig: Applying CVar settings from Section [/Script/Engine.RendererSettings] File [F:/UE4/JV2B_Projet_Semestriel_4/Saved/Config/Windows/Engine.ini]
[2022.06.01-15.06.33:674][  0]LogConfig: Setting CVar [[r.GPUCrashDebugging:0]]
[2022.06.01-15.06.33:674][  0]LogConfig: Applying CVar settings from Section [/Script/Engine.RendererOverrideSettings] File [F:/UE4/JV2B_Projet_Semestriel_4/Saved/Config/Windows/Engine.ini]
[2022.06.01-15.06.33:674][  0]LogConfig: Applying CVar settings from Section [/Script/Engine.StreamingSettings] File [F:/UE4/JV2B_Projet_Semestriel_4/Saved/Config/Windows/Engine.ini]
[2022.06.01-15.06.33:674][  0]LogConfig: Setting CVar [[s.MinBulkDataSizeForAsyncLoading:131072]]
[2022.06.01-15.06.33:674][  0]LogConfig: Setting CVar [[s.AsyncLoadingThreadEnabled:0]]
[2022.06.01-15.06.33:674][  0]LogConfig: Setting CVar [[s.EventDrivenLoaderEnabled:1]]
[2022.06.01-15.06.33:674][  0]LogConfig: Setting CVar [[s.WarnIfTimeLimitExceeded:0]]
[2022.06.01-15.06.33:674][  0]LogConfig: Setting CVar [[s.TimeLimitExceededMultiplier:1.5]]
[2022.06.01-15.06.33:674][  0]LogConfig: Setting CVar [[s.TimeLimitExceededMinTime:0.005]]
[2022.06.01-15.06.33:674][  0]LogConfig: Setting CVar [[s.UseBackgroundLevelStreaming:1]]
[2022.06.01-15.06.33:674][  0]LogConfig: Setting CVar [[s.PriorityAsyncLoadingExtraTime:15.0]]
[2022.06.01-15.06.33:674][  0]LogConfig: Setting CVar [[s.LevelStreamingActorsUpdateTimeLimit:5.0]]
[2022.06.01-15.06.33:674][  0]LogConfig: Setting CVar [[s.PriorityLevelStreamingActorsUpdateExtraTime:5.0]]
[2022.06.01-15.06.33:674][  0]LogConfig: Setting CVar [[s.LevelStreamingComponentsRegistrationGranularity:10]]
[2022.06.01-15.06.33:674][  0]LogConfig: Setting CVar [[s.UnregisterComponentsTimeLimit:1.0]]
[2022.06.01-15.06.33:674][  0]LogConfig: Setting CVar [[s.LevelStreamingComponentsUnregistrationGranularity:5]]
[2022.06.01-15.06.33:674][  0]LogConfig: Setting CVar [[s.FlushStreamingOnExit:1]]
[2022.06.01-15.06.33:674][  0]LogConfig: Applying CVar settings from Section [/Script/Engine.GarbageCollectionSettings] File [F:/UE4/JV2B_Projet_Semestriel_4/Saved/Config/Windows/Engine.ini]
[2022.06.01-15.06.33:674][  0]LogConfig: Setting CVar [[gc.MaxObjectsNotConsideredByGC:1]]
[2022.06.01-15.06.33:674][  0]LogConfig: Setting CVar [[gc.SizeOfPermanentObjectPool:0]]
[2022.06.01-15.06.33:674][  0]LogConfig: Setting CVar [[gc.FlushStreamingOnGC:0]]
[2022.06.01-15.06.33:674][  0]LogConfig: Setting CVar [[gc.NumRetriesBeforeForcingGC:10]]
[2022.06.01-15.06.33:674][  0]LogConfig: Setting CVar [[gc.AllowParallelGC:1]]
[2022.06.01-15.06.33:674][  0]LogConfig: Setting CVar [[gc.TimeBetweenPurgingPendingKillObjects:61.1]]
[2022.06.01-15.06.33:674][  0]LogConfig: Setting CVar [[gc.MaxObjectsInEditor:25165824]]
[2022.06.01-15.06.33:674][  0]LogConfig: Setting CVar [[gc.IncrementalBeginDestroyEnabled:1]]
[2022.06.01-15.06.33:674][  0]LogConfig: Setting CVar [[gc.CreateGCClusters:1]]
[2022.06.01-15.06.33:674][  0]LogConfig: Setting CVar [[gc.MinGCClusterSize:5]]
[2022.06.01-15.06.33:674][  0]LogConfig: Setting CVar [[gc.ActorClusteringEnabled:0]]
[2022.06.01-15.06.33:674][  0]LogConfig: Setting CVar [[gc.BlueprintClusteringEnabled:0]]
[2022.06.01-15.06.33:674][  0]LogConfig: Setting CVar [[gc.UseDisregardForGCOnDedicatedServers:0]]
[2022.06.01-15.06.33:674][  0]LogConfig: Setting CVar [[gc.MultithreadedDestructionEnabled:1]]
[2022.06.01-15.06.33:674][  0]LogConfig: Applying CVar settings from Section [/Script/Engine.NetworkSettings] File [F:/UE4/JV2B_Projet_Semestriel_4/Saved/Config/Windows/Engine.ini]
[2022.06.01-15.06.33:675][  0]LogConfig: Applying CVar settings from Section [/Script/UnrealEd.CookerSettings] File [F:/UE4/JV2B_Projet_Semestriel_4/Saved/Config/Windows/Engine.ini]
[2022.06.01-15.06.33:681][  0]LogConfig: Applying CVar settings from Section [ViewDistanceQuality@3] File [F:/UE4/JV2B_Projet_Semestriel_4/Saved/Config/Windows/Scalability.ini]
[2022.06.01-15.06.33:681][  0]LogConfig: Setting CVar [[r.SkeletalMeshLODBias:0]]
[2022.06.01-15.06.33:681][  0]LogConfig: Setting CVar [[r.ViewDistanceScale:1.0]]
[2022.06.01-15.06.33:681][  0]LogConfig: Applying CVar settings from Section [AntiAliasingQuality@3] File [F:/UE4/JV2B_Projet_Semestriel_4/Saved/Config/Windows/Scalability.ini]
[2022.06.01-15.06.33:681][  0]LogConfig: Setting CVar [[r.PostProcessAAQuality:4]]
[2022.06.01-15.06.33:681][  0]LogConfig: Applying CVar settings from Section [ShadowQuality@3] File [F:/UE4/JV2B_Projet_Semestriel_4/Saved/Config/Windows/Scalability.ini]
[2022.06.01-15.06.33:681][  0]LogConfig: Setting CVar [[r.LightFunctionQuality:1]]
[2022.06.01-15.06.33:681][  0]LogConfig: Setting CVar [[r.ShadowQuality:5]]
[2022.06.01-15.06.33:681][  0]LogConfig: Setting CVar [[r.Shadow.CSM.MaxCascades:10]]
[2022.06.01-15.06.33:681][  0]LogConfig: Setting CVar [[r.Shadow.MaxResolution:2048]]
[2022.06.01-15.06.33:681][  0]LogConfig: Setting CVar [[r.Shadow.MaxCSMResolution:2048]]
[2022.06.01-15.06.33:681][  0]LogConfig: Setting CVar [[r.Shadow.RadiusThreshold:0.01]]
[2022.06.01-15.06.33:681][  0]LogConfig: Setting CVar [[r.Shadow.DistanceScale:1.0]]
[2022.06.01-15.06.33:681][  0]LogConfig: Setting CVar [[r.Shadow.CSM.TransitionScale:1.0]]
[2022.06.01-15.06.33:681][  0]LogConfig: Setting CVar [[r.Shadow.PreShadowResolutionFactor:1.0]]
[2022.06.01-15.06.33:681][  0]LogConfig: Setting CVar [[r.DistanceFieldShadowing:1]]
[2022.06.01-15.06.33:681][  0]LogConfig: Setting CVar [[r.DistanceFieldAO:1]]
[2022.06.01-15.06.33:681][  0]LogConfig: Setting CVar [[r.AOQuality:2]]
[2022.06.01-15.06.33:681][  0]LogConfig: Setting CVar [[r.VolumetricFog:1]]
[2022.06.01-15.06.33:681][  0]LogConfig: Setting CVar [[r.VolumetricFog.GridPixelSize:8]]
[2022.06.01-15.06.33:681][  0]LogConfig: Setting CVar [[r.VolumetricFog.GridSizeZ:128]]
[2022.06.01-15.06.33:681][  0]LogConfig: Setting CVar [[r.VolumetricFog.HistoryMissSupersampleCount:4]]
[2022.06.01-15.06.33:681][  0]LogConfig: Setting CVar [[r.LightMaxDrawDistanceScale:1]]
[2022.06.01-15.06.33:681][  0]LogConfig: Setting CVar [[r.CapsuleShadows:1]]
[2022.06.01-15.06.33:681][  0]LogConfig: Applying CVar settings from Section [PostProcessQuality@3] File [F:/UE4/JV2B_Projet_Semestriel_4/Saved/Config/Windows/Scalability.ini]
[2022.06.01-15.06.33:681][  0]LogConfig: Setting CVar [[r.MotionBlurQuality:4]]
[2022.06.01-15.06.33:681][  0]LogConfig: Setting CVar [[r.AmbientOcclusionMipLevelFactor:0.4]]
[2022.06.01-15.06.33:681][  0]LogConfig: Setting CVar [[r.AmbientOcclusionMaxQuality:100]]
[2022.06.01-15.06.33:682][  0]LogConfig: Setting CVar [[r.AmbientOcclusionLevels:-1]]
[2022.06.01-15.06.33:682][  0]LogConfig: Setting CVar [[r.AmbientOcclusionRadiusScale:1.0]]
[2022.06.01-15.06.33:682][  0]LogConfig: Setting CVar [[r.DepthOfFieldQuality:2]]
[2022.06.01-15.06.33:682][  0]LogConfig: Setting CVar [[r.RenderTargetPoolMin:400]]
[2022.06.01-15.06.33:682][  0]LogConfig: Setting CVar [[r.LensFlareQuality:2]]
[2022.06.01-15.06.33:682][  0]LogConfig: Setting CVar [[r.SceneColorFringeQuality:1]]
[2022.06.01-15.06.33:682][  0]LogConfig: Setting CVar [[r.EyeAdaptationQuality:2]]
[2022.06.01-15.06.33:682][  0]LogConfig: Setting CVar [[r.BloomQuality:5]]
[2022.06.01-15.06.33:682][  0]LogConfig: Setting CVar [[r.FastBlurThreshold:100]]
[2022.06.01-15.06.33:682][  0]LogConfig: Setting CVar [[r.Upscale.Quality:3]]
[2022.06.01-15.06.33:682][  0]LogConfig: Setting CVar [[r.Tonemapper.GrainQuantization:1]]
[2022.06.01-15.06.33:682][  0]LogConfig: Setting CVar [[r.LightShaftQuality:1]]
[2022.06.01-15.06.33:682][  0]LogConfig: Setting CVar [[r.Filter.SizeScale:1]]
[2022.06.01-15.06.33:682][  0]LogConfig: Setting CVar [[r.Tonemapper.Quality:5]]
[2022.06.01-15.06.33:682][  0]LogConfig: Setting CVar [[r.DOF.Gather.AccumulatorQuality:1        ; higher gathering accumulator quality]]
[2022.06.01-15.06.33:682][  0]LogConfig: Setting CVar [[r.DOF.Gather.PostfilterMethod:1          ; Median3x3 postfilering method]]
[2022.06.01-15.06.33:682][  0]LogConfig: Setting CVar [[r.DOF.Gather.EnableBokehSettings:0       ; no bokeh simulation when gathering]]
[2022.06.01-15.06.33:682][  0]LogConfig: Setting CVar [[r.DOF.Gather.RingCount:4                 ; medium number of samples when gathering]]
[2022.06.01-15.06.33:682][  0]LogConfig: Setting CVar [[r.DOF.Scatter.ForegroundCompositing:1    ; additive foreground scattering]]
[2022.06.01-15.06.33:682][  0]LogConfig: Setting CVar [[r.DOF.Scatter.BackgroundCompositing:2    ; additive background scattering]]
[2022.06.01-15.06.33:682][  0]LogConfig: Setting CVar [[r.DOF.Scatter.EnableBokehSettings:1      ; bokeh simulation when scattering]]
[2022.06.01-15.06.33:682][  0]LogConfig: Setting CVar [[r.DOF.Scatter.MaxSpriteRatio:0.1         ; only a maximum of 10% of scattered bokeh]]
[2022.06.01-15.06.33:682][  0]LogConfig: Setting CVar [[r.DOF.Recombine.Quality:1                ; cheap slight out of focus]]
[2022.06.01-15.06.33:682][  0]LogConfig: Setting CVar [[r.DOF.Recombine.EnableBokehSettings:0    ; no bokeh simulation on slight out of focus]]
[2022.06.01-15.06.33:682][  0]LogConfig: Setting CVar [[r.DOF.TemporalAAQuality:1                ; more stable temporal accumulation]]
[2022.06.01-15.06.33:682][  0]LogConfig: Setting CVar [[r.DOF.Kernel.MaxForegroundRadius:0.025]]
[2022.06.01-15.06.33:682][  0]LogConfig: Setting CVar [[r.DOF.Kernel.MaxBackgroundRadius:0.025]]
[2022.06.01-15.06.33:682][  0]LogConfig: Applying CVar settings from Section [TextureQuality@3] File [F:/UE4/JV2B_Projet_Semestriel_4/Saved/Config/Windows/Scalability.ini]
[2022.06.01-15.06.33:682][  0]LogConfig: Setting CVar [[r.Streaming.MipBias:0]]
[2022.06.01-15.06.33:682][  0]LogConfig: Setting CVar [[r.Streaming.AmortizeCPUToGPUCopy:0]]
[2022.06.01-15.06.33:682][  0]LogConfig: Setting CVar [[r.Streaming.MaxNumTexturesToStreamPerFrame:0]]
[2022.06.01-15.06.33:682][  0]LogConfig: Setting CVar [[r.Streaming.Boost:1]]
[2022.06.01-15.06.33:682][  0]LogConfig: Setting CVar [[r.MaxAnisotropy:8]]
[2022.06.01-15.06.33:682][  0]LogConfig: Setting CVar [[r.VT.MaxAnisotropy:8]]
[2022.06.01-15.06.33:682][  0]LogConfig: Setting CVar [[r.Streaming.LimitPoolSizeToVRAM:0]]
[2022.06.01-15.06.33:682][  0]LogConfig: Setting CVar [[r.Streaming.PoolSize:1000]]
[2022.06.01-15.06.33:682][  0]LogConfig: Setting CVar [[r.Streaming.MaxEffectiveScreenSize:0]]
[2022.06.01-15.06.33:682][  0]LogConfig: Applying CVar settings from Section [EffectsQuality@3] File [F:/UE4/JV2B_Projet_Semestriel_4/Saved/Config/Windows/Scalability.ini]
[2022.06.01-15.06.33:682][  0]LogConfig: Setting CVar [[r.TranslucencyLightingVolumeDim:64]]
[2022.06.01-15.06.33:682][  0]LogConfig: Setting CVar [[r.RefractionQuality:2]]
[2022.06.01-15.06.33:682][  0]LogConfig: Setting CVar [[r.SSR.Quality:3]]
[2022.06.01-15.06.33:682][  0]LogConfig: Setting CVar [[r.SSR.HalfResSceneColor:0]]
[2022.06.01-15.06.33:682][  0]LogConfig: Setting CVar [[r.SceneColorFormat:4]]
[2022.06.01-15.06.33:682][  0]LogConfig: Setting CVar [[r.DetailMode:2]]
[2022.06.01-15.06.33:682][  0]LogConfig: Setting CVar [[r.TranslucencyVolumeBlur:1]]
[2022.06.01-15.06.33:682][  0]LogConfig: Setting CVar [[r.MaterialQualityLevel:1 ; High quality]]
[2022.06.01-15.06.33:682][  0]LogConfig: Setting CVar [[r.AnisotropicMaterials:1]]
[2022.06.01-15.06.33:682][  0]LogConfig: Setting CVar [[r.SSS.Scale:1]]
[2022.06.01-15.06.33:682][  0]LogConfig: Setting CVar [[r.SSS.SampleSet:2]]
[2022.06.01-15.06.33:682][  0]LogConfig: Setting CVar [[r.SSS.Quality:1]]
[2022.06.01-15.06.33:682][  0]LogConfig: Setting CVar [[r.SSS.HalfRes:0]]
[2022.06.01-15.06.33:682][  0]LogConfig: Setting CVar [[r.SSGI.Quality:3]]
[2022.06.01-15.06.33:682][  0]LogConfig: Setting CVar [[r.EmitterSpawnRateScale:1.0]]
[2022.06.01-15.06.33:682][  0]LogConfig: Setting CVar [[r.ParticleLightQuality:2]]
[2022.06.01-15.06.33:682][  0]LogConfig: Setting CVar [[r.SkyAtmosphere.AerialPerspectiveLUT.FastApplyOnOpaque:1 ; Always have FastSkyLUT 1 in this case to avoid wrong sky]]
[2022.06.01-15.06.33:682][  0]LogConfig: Setting CVar [[r.SkyAtmosphere.AerialPerspectiveLUT.SampleCountMaxPerSlice:4]]
[2022.06.01-15.06.33:682][  0]LogConfig: Setting CVar [[r.SkyAtmosphere.AerialPerspectiveLUT.DepthResolution:16.0]]
[2022.06.01-15.06.33:682][  0]LogConfig: Setting CVar [[r.SkyAtmosphere.FastSkyLUT:1]]
[2022.06.01-15.06.33:682][  0]LogConfig: Setting CVar [[r.SkyAtmosphere.FastSkyLUT.SampleCountMin:4.0]]
[2022.06.01-15.06.33:682][  0]LogConfig: Setting CVar [[r.SkyAtmosphere.FastSkyLUT.SampleCountMax:128.0]]
[2022.06.01-15.06.33:682][  0]LogConfig: Setting CVar [[r.SkyAtmosphere.SampleCountMin:4.0]]
[2022.06.01-15.06.33:682][  0]LogConfig: Setting CVar [[r.SkyAtmosphere.SampleCountMax:128.0]]
[2022.06.01-15.06.33:682][  0]LogConfig: Setting CVar [[r.SkyAtmosphere.TransmittanceLUT.UseSmallFormat:0]]
[2022.06.01-15.06.33:682][  0]LogConfig: Setting CVar [[r.SkyAtmosphere.TransmittanceLUT.SampleCount:10.0]]
[2022.06.01-15.06.33:682][  0]LogConfig: Setting CVar [[r.SkyAtmosphere.MultiScatteringLUT.SampleCount:15.0]]
[2022.06.01-15.06.33:682][  0]LogConfig: Setting CVar [[r.SkyLight.RealTimeReflectionCapture:1]]
[2022.06.01-15.06.33:682][  0]LogConfig: Applying CVar settings from Section [FoliageQuality@3] File [F:/UE4/JV2B_Projet_Semestriel_4/Saved/Config/Windows/Scalability.ini]
[2022.06.01-15.06.33:682][  0]LogConfig: Setting CVar [[foliage.DensityScale:1.0]]
[2022.06.01-15.06.33:682][  0]LogConfig: Setting CVar [[grass.DensityScale:1.0]]
[2022.06.01-15.06.33:682][  0]LogConfig: Applying CVar settings from Section [ShadingQuality@3] File [F:/UE4/JV2B_Projet_Semestriel_4/Saved/Config/Windows/Scalability.ini]
[2022.06.01-15.06.33:682][  0]LogConfig: Setting CVar [[r.HairStrands.SkyLighting.IntegrationType:2]]
[2022.06.01-15.06.33:682][  0]LogConfig: Setting CVar [[r.HairStrands.SkyAO.SampleCount:4]]
[2022.06.01-15.06.33:682][  0]LogConfig: Setting CVar [[r.HairStrands.Visibility.MSAA.SamplePerPixel:4]]
[2022.06.01-15.06.33:682][  0]LogInit: Selected Device Profile: [Windows]
[2022.06.01-15.06.33:682][  0]LogInit: Applying CVar settings loaded from the selected device profile: [Windows]
[2022.06.01-15.06.33:682][  0]LogHAL: Display: Platform has ~ 16 GB [16943194112 / 17179869184 / 16], which maps to Larger [LargestMinGB=32, LargerMinGB=12, DefaultMinGB=8, SmallerMinGB=6, SmallestMinGB=0)
[2022.06.01-15.06.33:683][  0]LogInit: Going up to parent DeviceProfile []
[2022.06.01-15.06.33:683][  0]LogConfig: Applying CVar settings from Section [ViewDistanceQuality@3] File [F:/UE4/JV2B_Projet_Semestriel_4/Saved/Config/Windows/Scalability.ini]
[2022.06.01-15.06.33:683][  0]LogConfig: Setting CVar [[r.SkeletalMeshLODBias:0]]
[2022.06.01-15.06.33:683][  0]LogConfig: Setting CVar [[r.ViewDistanceScale:1.0]]
[2022.06.01-15.06.33:683][  0]LogConfig: Applying CVar settings from Section [AntiAliasingQuality@3] File [F:/UE4/JV2B_Projet_Semestriel_4/Saved/Config/Windows/Scalability.ini]
[2022.06.01-15.06.33:683][  0]LogConfig: Setting CVar [[r.PostProcessAAQuality:4]]
[2022.06.01-15.06.33:683][  0]LogConfig: Applying CVar settings from Section [ShadowQuality@3] File [F:/UE4/JV2B_Projet_Semestriel_4/Saved/Config/Windows/Scalability.ini]
[2022.06.01-15.06.33:683][  0]LogConfig: Setting CVar [[r.LightFunctionQuality:1]]
[2022.06.01-15.06.33:683][  0]LogConfig: Setting CVar [[r.ShadowQuality:5]]
[2022.06.01-15.06.33:683][  0]LogConfig: Setting CVar [[r.Shadow.CSM.MaxCascades:10]]
[2022.06.01-15.06.33:683][  0]LogConfig: Setting CVar [[r.Shadow.MaxResolution:2048]]
[2022.06.01-15.06.33:683][  0]LogConfig: Setting CVar [[r.Shadow.MaxCSMResolution:2048]]
[2022.06.01-15.06.33:683][  0]LogConfig: Setting CVar [[r.Shadow.RadiusThreshold:0.01]]
[2022.06.01-15.06.33:683][  0]LogConfig: Setting CVar [[r.Shadow.DistanceScale:1.0]]
[2022.06.01-15.06.33:683][  0]LogConfig: Setting CVar [[r.Shadow.CSM.TransitionScale:1.0]]
[2022.06.01-15.06.33:683][  0]LogConfig: Setting CVar [[r.Shadow.PreShadowResolutionFactor:1.0]]
[2022.06.01-15.06.33:683][  0]LogConfig: Setting CVar [[r.DistanceFieldShadowing:1]]
[2022.06.01-15.06.33:683][  0]LogConfig: Setting CVar [[r.DistanceFieldAO:1]]
[2022.06.01-15.06.33:683][  0]LogConfig: Setting CVar [[r.AOQuality:2]]
[2022.06.01-15.06.33:683][  0]LogConfig: Setting CVar [[r.VolumetricFog:1]]
[2022.06.01-15.06.33:683][  0]LogConfig: Setting CVar [[r.VolumetricFog.GridPixelSize:8]]
[2022.06.01-15.06.33:683][  0]LogConfig: Setting CVar [[r.VolumetricFog.GridSizeZ:128]]
[2022.06.01-15.06.33:683][  0]LogConfig: Setting CVar [[r.VolumetricFog.HistoryMissSupersampleCount:4]]
[2022.06.01-15.06.33:683][  0]LogConfig: Setting CVar [[r.LightMaxDrawDistanceScale:1]]
[2022.06.01-15.06.33:683][  0]LogConfig: Setting CVar [[r.CapsuleShadows:1]]
[2022.06.01-15.06.33:683][  0]LogConfig: Applying CVar settings from Section [PostProcessQuality@3] File [F:/UE4/JV2B_Projet_Semestriel_4/Saved/Config/Windows/Scalability.ini]
[2022.06.01-15.06.33:683][  0]LogConfig: Setting CVar [[r.MotionBlurQuality:4]]
[2022.06.01-15.06.33:683][  0]LogConfig: Setting CVar [[r.AmbientOcclusionMipLevelFactor:0.4]]
[2022.06.01-15.06.33:683][  0]LogConfig: Setting CVar [[r.AmbientOcclusionMaxQuality:100]]
[2022.06.01-15.06.33:683][  0]LogConfig: Setting CVar [[r.AmbientOcclusionLevels:-1]]
[2022.06.01-15.06.33:683][  0]LogConfig: Setting CVar [[r.AmbientOcclusionRadiusScale:1.0]]
[2022.06.01-15.06.33:683][  0]LogConfig: Setting CVar [[r.DepthOfFieldQuality:2]]
[2022.06.01-15.06.33:683][  0]LogConfig: Setting CVar [[r.RenderTargetPoolMin:400]]
[2022.06.01-15.06.33:683][  0]LogConfig: Setting CVar [[r.LensFlareQuality:2]]
[2022.06.01-15.06.33:683][  0]LogConfig: Setting CVar [[r.SceneColorFringeQuality:1]]
[2022.06.01-15.06.33:683][  0]LogConfig: Setting CVar [[r.EyeAdaptationQuality:2]]
[2022.06.01-15.06.33:683][  0]LogConfig: Setting CVar [[r.BloomQuality:5]]
[2022.06.01-15.06.33:683][  0]LogConfig: Setting CVar [[r.FastBlurThreshold:100]]
[2022.06.01-15.06.33:683][  0]LogConfig: Setting CVar [[r.Upscale.Quality:3]]
[2022.06.01-15.06.33:683][  0]LogConfig: Setting CVar [[r.Tonemapper.GrainQuantization:1]]
[2022.06.01-15.06.33:683][  0]LogConfig: Setting CVar [[r.LightShaftQuality:1]]
[2022.06.01-15.06.33:683][  0]LogConfig: Setting CVar [[r.Filter.SizeScale:1]]
[2022.06.01-15.06.33:683][  0]LogConfig: Setting CVar [[r.Tonemapper.Quality:5]]
[2022.06.01-15.06.33:683][  0]LogConfig: Setting CVar [[r.DOF.Gather.AccumulatorQuality:1        ; higher gathering accumulator quality]]
[2022.06.01-15.06.33:683][  0]LogConfig: Setting CVar [[r.DOF.Gather.PostfilterMethod:1          ; Median3x3 postfilering method]]
[2022.06.01-15.06.33:683][  0]LogConfig: Setting CVar [[r.DOF.Gather.EnableBokehSettings:0       ; no bokeh simulation when gathering]]
[2022.06.01-15.06.33:683][  0]LogConfig: Setting CVar [[r.DOF.Gather.RingCount:4                 ; medium number of samples when gathering]]
[2022.06.01-15.06.33:683][  0]LogConfig: Setting CVar [[r.DOF.Scatter.ForegroundCompositing:1    ; additive foreground scattering]]
[2022.06.01-15.06.33:683][  0]LogConfig: Setting CVar [[r.DOF.Scatter.BackgroundCompositing:2    ; additive background scattering]]
[2022.06.01-15.06.33:683][  0]LogConfig: Setting CVar [[r.DOF.Scatter.EnableBokehSettings:1      ; bokeh simulation when scattering]]
[2022.06.01-15.06.33:683][  0]LogConfig: Setting CVar [[r.DOF.Scatter.MaxSpriteRatio:0.1         ; only a maximum of 10% of scattered bokeh]]
[2022.06.01-15.06.33:683][  0]LogConfig: Setting CVar [[r.DOF.Recombine.Quality:1                ; cheap slight out of focus]]
[2022.06.01-15.06.33:683][  0]LogConfig: Setting CVar [[r.DOF.Recombine.EnableBokehSettings:0    ; no bokeh simulation on slight out of focus]]
[2022.06.01-15.06.33:683][  0]LogConfig: Setting CVar [[r.DOF.TemporalAAQuality:1                ; more stable temporal accumulation]]
[2022.06.01-15.06.33:683][  0]LogConfig: Setting CVar [[r.DOF.Kernel.MaxForegroundRadius:0.025]]
[2022.06.01-15.06.33:683][  0]LogConfig: Setting CVar [[r.DOF.Kernel.MaxBackgroundRadius:0.025]]
[2022.06.01-15.06.33:683][  0]LogConfig: Applying CVar settings from Section [TextureQuality@3] File [F:/UE4/JV2B_Projet_Semestriel_4/Saved/Config/Windows/Scalability.ini]
[2022.06.01-15.06.33:683][  0]LogConfig: Setting CVar [[r.Streaming.MipBias:0]]
[2022.06.01-15.06.33:683][  0]LogConfig: Setting CVar [[r.Streaming.AmortizeCPUToGPUCopy:0]]
[2022.06.01-15.06.33:683][  0]LogConfig: Setting CVar [[r.Streaming.MaxNumTexturesToStreamPerFrame:0]]
[2022.06.01-15.06.33:683][  0]LogConfig: Setting CVar [[r.Streaming.Boost:1]]
[2022.06.01-15.06.33:683][  0]LogConfig: Setting CVar [[r.MaxAnisotropy:8]]
[2022.06.01-15.06.33:683][  0]LogConfig: Setting CVar [[r.VT.MaxAnisotropy:8]]
[2022.06.01-15.06.33:683][  0]LogConfig: Setting CVar [[r.Streaming.LimitPoolSizeToVRAM:0]]
[2022.06.01-15.06.33:683][  0]LogConfig: Setting CVar [[r.Streaming.PoolSize:1000]]
[2022.06.01-15.06.33:683][  0]LogConfig: Setting CVar [[r.Streaming.MaxEffectiveScreenSize:0]]
[2022.06.01-15.06.33:683][  0]LogConfig: Applying CVar settings from Section [EffectsQuality@3] File [F:/UE4/JV2B_Projet_Semestriel_4/Saved/Config/Windows/Scalability.ini]
[2022.06.01-15.06.33:683][  0]LogConfig: Setting CVar [[r.TranslucencyLightingVolumeDim:64]]
[2022.06.01-15.06.33:683][  0]LogConfig: Setting CVar [[r.RefractionQuality:2]]
[2022.06.01-15.06.33:683][  0]LogConfig: Setting CVar [[r.SSR.Quality:3]]
[2022.06.01-15.06.33:683][  0]LogConfig: Setting CVar [[r.SSR.HalfResSceneColor:0]]
[2022.06.01-15.06.33:683][  0]LogConfig: Setting CVar [[r.SceneColorFormat:4]]
[2022.06.01-15.06.33:683][  0]LogConfig: Setting CVar [[r.DetailMode:2]]
[2022.06.01-15.06.33:683][  0]LogConfig: Setting CVar [[r.TranslucencyVolumeBlur:1]]
[2022.06.01-15.06.33:683][  0]LogConfig: Setting CVar [[r.MaterialQualityLevel:1 ; High quality]]
[2022.06.01-15.06.33:683][  0]LogConfig: Setting CVar [[r.AnisotropicMaterials:1]]
[2022.06.01-15.06.33:683][  0]LogConfig: Setting CVar [[r.SSS.Scale:1]]
[2022.06.01-15.06.33:683][  0]LogConfig: Setting CVar [[r.SSS.SampleSet:2]]
[2022.06.01-15.06.33:683][  0]LogConfig: Setting CVar [[r.SSS.Quality:1]]
[2022.06.01-15.06.33:683][  0]LogConfig: Setting CVar [[r.SSS.HalfRes:0]]
[2022.06.01-15.06.33:683][  0]LogConfig: Setting CVar [[r.SSGI.Quality:3]]
[2022.06.01-15.06.33:683][  0]LogConfig: Setting CVar [[r.EmitterSpawnRateScale:1.0]]
[2022.06.01-15.06.33:683][  0]LogConfig: Setting CVar [[r.ParticleLightQuality:2]]
[2022.06.01-15.06.33:683][  0]LogConfig: Setting CVar [[r.SkyAtmosphere.AerialPerspectiveLUT.FastApplyOnOpaque:1 ; Always have FastSkyLUT 1 in this case to avoid wrong sky]]
[2022.06.01-15.06.33:683][  0]LogConfig: Setting CVar [[r.SkyAtmosphere.AerialPerspectiveLUT.SampleCountMaxPerSlice:4]]
[2022.06.01-15.06.33:683][  0]LogConfig: Setting CVar [[r.SkyAtmosphere.AerialPerspectiveLUT.DepthResolution:16.0]]
[2022.06.01-15.06.33:683][  0]LogConfig: Setting CVar [[r.SkyAtmosphere.FastSkyLUT:1]]
[2022.06.01-15.06.33:683][  0]LogConfig: Setting CVar [[r.SkyAtmosphere.FastSkyLUT.SampleCountMin:4.0]]
[2022.06.01-15.06.33:683][  0]LogConfig: Setting CVar [[r.SkyAtmosphere.FastSkyLUT.SampleCountMax:128.0]]
[2022.06.01-15.06.33:683][  0]LogConfig: Setting CVar [[r.SkyAtmosphere.SampleCountMin:4.0]]
[2022.06.01-15.06.33:683][  0]LogConfig: Setting CVar [[r.SkyAtmosphere.SampleCountMax:128.0]]
[2022.06.01-15.06.33:683][  0]LogConfig: Setting CVar [[r.SkyAtmosphere.TransmittanceLUT.UseSmallFormat:0]]
[2022.06.01-15.06.33:684][  0]LogConfig: Setting CVar [[r.SkyAtmosphere.TransmittanceLUT.SampleCount:10.0]]
[2022.06.01-15.06.33:684][  0]LogConfig: Setting CVar [[r.SkyAtmosphere.MultiScatteringLUT.SampleCount:15.0]]
[2022.06.01-15.06.33:684][  0]LogConfig: Setting CVar [[r.SkyLight.RealTimeReflectionCapture:1]]
[2022.06.01-15.06.33:684][  0]LogConfig: Applying CVar settings from Section [FoliageQuality@3] File [F:/UE4/JV2B_Projet_Semestriel_4/Saved/Config/Windows/Scalability.ini]
[2022.06.01-15.06.33:684][  0]LogConfig: Setting CVar [[foliage.DensityScale:1.0]]
[2022.06.01-15.06.33:684][  0]LogConfig: Setting CVar [[grass.DensityScale:1.0]]
[2022.06.01-15.06.33:684][  0]LogConfig: Applying CVar settings from Section [ShadingQuality@3] File [F:/UE4/JV2B_Projet_Semestriel_4/Saved/Config/Windows/Scalability.ini]
[2022.06.01-15.06.33:684][  0]LogConfig: Setting CVar [[r.HairStrands.SkyLighting.IntegrationType:2]]
[2022.06.01-15.06.33:684][  0]LogConfig: Setting CVar [[r.HairStrands.SkyAO.SampleCount:4]]
[2022.06.01-15.06.33:684][  0]LogConfig: Setting CVar [[r.HairStrands.Visibility.MSAA.SamplePerPixel:4]]
[2022.06.01-15.06.33:684][  0]LogConfig: Applying CVar settings from Section [Startup] File [../../../Engine/Config/ConsoleVariables.ini]
[2022.06.01-15.06.33:684][  0]LogConfig: Setting CVar [[net.UseAdaptiveNetUpdateFrequency:0]]
[2022.06.01-15.06.33:684][  0]LogConfig: Setting CVar [[p.chaos.AllowCreatePhysxBodies:1]]
[2022.06.01-15.06.33:684][  0]LogConfig: Setting CVar [[fx.SkipVectorVMBackendOptimizations:1]]
[2022.06.01-15.06.33:684][  0]LogConfig: Applying CVar settings from Section [ConsoleVariables] File [F:/UE4/JV2B_Projet_Semestriel_4/Saved/Config/Windows/Engine.ini]
[2022.06.01-15.06.33:684][  0]LogConfig: Applying CVar settings from Section [ConsoleVariables] File [F:/UE4/JV2B_Projet_Semestriel_4/Saved/Config/Windows/Editor.ini]
[2022.06.01-15.06.33:684][  0]LogInit: Computer: RNSS21205
[2022.06.01-15.06.33:684][  0]LogInit: User: game
[2022.06.01-15.06.33:684][  0]LogInit: CPU Page size=4096, Cores=8
[2022.06.01-15.06.33:684][  0]LogInit: High frequency timer resolution =10.000000 MHz
[2022.06.01-15.06.33:684][  0]LogMemory: Memory total: Physical=15.8GB (16GB approx)
[2022.06.01-15.06.33:684][  0]LogMemory: Platform Memory Stats for Windows
[2022.06.01-15.06.33:684][  0]LogMemory: Process Physical Memory: 142.94 MB used, 142.94 MB peak
[2022.06.01-15.06.33:684][  0]LogMemory: Process Virtual Memory: 126.45 MB used, 126.45 MB peak
[2022.06.01-15.06.33:684][  0]LogMemory: Physical Memory: 8814.86 MB used,  7343.43 MB free, 16158.29 MB total
[2022.06.01-15.06.33:684][  0]LogMemory: Virtual Memory: 134213336.00 MB used,  4393.33 MB free, 134217728.00 MB total
[2022.06.01-15.06.33:689][  0]LogWindows: WindowsPlatformFeatures enabled
[2022.06.01-15.06.33:739][  0]LogInit: Physics initialised using underlying interface: PhysX
[2022.06.01-15.06.33:741][  0]LogInit: Using OS detected language (fr-FR).
[2022.06.01-15.06.33:741][  0]LogInit: Using OS detected locale (fr-FR).
[2022.06.01-15.06.33:758][  0]LogTextLocalizationManager: No specific localization for 'fr-FR' exists, so the 'fr' localization will be used.
[2022.06.01-15.06.33:759][  0]LogTextLocalizationResource: LocRes '../../../Engine/Content/Localization/Editor/fr/Editor.locres' could not be opened for reading!
[2022.06.01-15.06.33:759][  0]LogTextLocalizationResource: LocRes '../../../Engine/Content/Localization/EditorTutorials/fr/EditorTutorials.locres' could not be opened for reading!
[2022.06.01-15.06.33:759][  0]LogTextLocalizationResource: LocRes '../../../Engine/Content/Localization/Keywords/fr/Keywords.locres' could not be opened for reading!
[2022.06.01-15.06.33:759][  0]LogTextLocalizationResource: LocRes '../../../Engine/Content/Localization/Category/fr/Category.locres' could not be opened for reading!
[2022.06.01-15.06.33:759][  0]LogTextLocalizationResource: LocRes '../../../Engine/Content/Localization/ToolTips/fr/ToolTips.locres' could not be opened for reading!
[2022.06.01-15.06.33:760][  0]LogTextLocalizationResource: LocRes '../../../Engine/Content/Localization/PropertyNames/fr/PropertyNames.locres' could not be opened for reading!
[2022.06.01-15.06.33:760][  0]LogTextLocalizationResource: LocRes '../../../Engine/Content/Localization/Engine/fr/Engine.locres' could not be opened for reading!
[2022.06.01-15.06.33:762][  0]LogInit: Setting process to per monitor DPI aware
[2022.06.01-15.06.33:772][  0]LogWindowsTextInputMethodSystem: Display: IME system deactivated.
[2022.06.01-15.06.33:792][  0]LogSlate: New Slate User Created.  User Index 0, Is Virtual User: 0
[2022.06.01-15.06.33:792][  0]LogSlate: Slate User Registered.  User Index 0, Is Virtual User: 0
[2022.06.01-15.06.34:055][  0]LogD3D11RHI: Loaded GFSDK_Aftermath_Lib.x64.dll
[2022.06.01-15.06.34:057][  0]LogHMD: Failed to initialize OpenVR with code 110
[2022.06.01-15.06.34:057][  0]LogD3D11RHI: D3D11 min allowed feature level: 11_0
[2022.06.01-15.06.34:057][  0]LogD3D11RHI: D3D11 max allowed feature level: 11_0
[2022.06.01-15.06.34:057][  0]LogD3D11RHI: D3D11 adapters:
[2022.06.01-15.06.34:150][  0]LogD3D11RHI:    0. 'NVIDIA GeForce RTX 2060' (Feature Level 11_0)
[2022.06.01-15.06.34:150][  0]LogD3D11RHI:       5980/0/8079 MB DedicatedVideo/DedicatedSystem/SharedSystem, Outputs:1, VendorId:0x10de
[2022.06.01-15.06.34:257][  0]LogD3D11RHI:    1. 'Intel(R) UHD Graphics 630' (Feature Level 11_0)
[2022.06.01-15.06.34:257][  0]LogD3D11RHI:       128/0/8079 MB DedicatedVideo/DedicatedSystem/SharedSystem, Outputs:0, VendorId:0x8086
[2022.06.01-15.06.34:259][  0]LogD3D11RHI:    2. 'Microsoft Basic Render Driver' (Feature Level 11_0)
[2022.06.01-15.06.34:259][  0]LogD3D11RHI:       0/0/8079 MB DedicatedVideo/DedicatedSystem/SharedSystem, Outputs:0, VendorId:0x1414
[2022.06.01-15.06.34:259][  0]LogD3D11RHI: Chosen D3D11 Adapter:
[2022.06.01-15.06.34:259][  0]LogD3D11RHI:     Description : NVIDIA GeForce RTX 2060
[2022.06.01-15.06.34:259][  0]LogD3D11RHI:     VendorId    : 10de
[2022.06.01-15.06.34:259][  0]LogD3D11RHI:     DeviceId    : 1f08
[2022.06.01-15.06.34:259][  0]LogD3D11RHI:     SubSysId    : 6903103c
[2022.06.01-15.06.34:259][  0]LogD3D11RHI:     Revision    : 00a1
[2022.06.01-15.06.34:259][  0]LogD3D11RHI:     DedicatedVideoMemory : 6270484480 bytes
[2022.06.01-15.06.34:260][  0]LogD3D11RHI:     DedicatedSystemMemory : 0 bytes
[2022.06.01-15.06.34:260][  0]LogD3D11RHI:     SharedSystemMemory : 8471597056 bytes
[2022.06.01-15.06.34:260][  0]LogD3D11RHI:     AdapterLuid : 0 54098
[2022.06.01-15.06.34:266][  0]LogD3D11RHI: Creating new Direct3DDevice
[2022.06.01-15.06.34:266][  0]LogD3D11RHI:     GPU DeviceId: 0x1f08 (for the marketing name, search the web for "GPU Device Id")
[2022.06.01-15.06.34:266][  0]LogWindows: EnumDisplayDevices:
[2022.06.01-15.06.34:266][  0]LogWindows:    0. 'NVIDIA GeForce RTX 2060' (P:1 D:1)
[2022.06.01-15.06.34:266][  0]LogWindows:    1. 'NVIDIA GeForce RTX 2060' (P:0 D:0)
[2022.06.01-15.06.34:266][  0]LogWindows:    2. 'NVIDIA GeForce RTX 2060' (P:0 D:0)
[2022.06.01-15.06.34:267][  0]LogWindows:    3. 'NVIDIA GeForce RTX 2060' (P:0 D:0)
[2022.06.01-15.06.34:267][  0]LogWindows:    4. 'Intel(R) UHD Graphics 630' (P:0 D:0)
[2022.06.01-15.06.34:267][  0]LogWindows:    5. 'Intel(R) UHD Graphics 630' (P:0 D:0)
[2022.06.01-15.06.34:267][  0]LogWindows:    6. 'Intel(R) UHD Graphics 630' (P:0 D:0)
[2022.06.01-15.06.34:267][  0]LogWindows: DebugString: PrimaryIsNotTheChoosenAdapter PrimaryIsNotTheChoosenAdapter PrimaryIsNotTheChoosenAdapter FoundDriverCount:4 
[2022.06.01-15.06.34:267][  0]LogD3D11RHI:     Adapter Name: NVIDIA GeForce RTX 2060
[2022.06.01-15.06.34:267][  0]LogD3D11RHI:   Driver Version: 462.30 (internal:27.21.14.6230, unified:462.30)
[2022.06.01-15.06.34:267][  0]LogD3D11RHI:      Driver Date: 4-5-2021
[2022.06.01-15.06.34:267][  0]LogRHI: Texture pool is 4186 MB (70% of 5980 MB)
[2022.06.01-15.06.34:267][  0]LogD3D11RHI: Creating D3DDevice using adapter:
[2022.06.01-15.06.34:267][  0]LogD3D11RHI:     Description : NVIDIA GeForce RTX 2060
[2022.06.01-15.06.34:267][  0]LogD3D11RHI:     VendorId    : 10de
[2022.06.01-15.06.34:267][  0]LogD3D11RHI:     DeviceId    : 1f08
[2022.06.01-15.06.34:267][  0]LogD3D11RHI:     SubSysId    : 6903103c
[2022.06.01-15.06.34:267][  0]LogD3D11RHI:     Revision    : 00a1
[2022.06.01-15.06.34:267][  0]LogD3D11RHI:     DedicatedVideoMemory : 6270484480 bytes
[2022.06.01-15.06.34:267][  0]LogD3D11RHI:     DedicatedSystemMemory : 0 bytes
[2022.06.01-15.06.34:267][  0]LogD3D11RHI:     SharedSystemMemory : 8471597056 bytes
[2022.06.01-15.06.34:267][  0]LogD3D11RHI:     AdapterLuid : 0 54098
[2022.06.01-15.06.34:342][  0]LogD3D11RHI: RHI has support for 64 bit atomics
[2022.06.01-15.06.34:342][  0]LogD3D11RHI: Async texture creation enabled
[2022.06.01-15.06.34:342][  0]LogD3D11RHI: Array index from any shader is supported
[2022.06.01-15.06.34:343][  0]LogD3D11RHI: HDR output is supported on display 0 (NvId: 0x80061082).
[2022.06.01-15.06.34:365][  0]LogD3D11RHI: GPU Timing Frequency: 1000.000000 (Debug: 2 2)
[2022.06.01-15.06.34:399][  0]LogRHI: GeForceNow SDK initialized: 1
[2022.06.01-15.06.35:067][  0]LogTargetPlatformManager: Display: Loaded TargetPlatform 'AllDesktop'
[2022.06.01-15.06.35:083][  0]LogTargetPlatformManager: Display: Loaded TargetPlatform 'Android'
[2022.06.01-15.06.35:083][  0]LogTargetPlatformManager: Display: Loaded TargetPlatform 'Android_ASTC'
[2022.06.01-15.06.35:084][  0]LogTargetPlatformManager: Display: Loaded TargetPlatform 'Android_DXT'
[2022.06.01-15.06.35:084][  0]LogTargetPlatformManager: Display: Loaded TargetPlatform 'Android_ETC2'
[2022.06.01-15.06.35:084][  0]LogTargetPlatformManager: Display: Loaded TargetPlatform 'AndroidClient'
[2022.06.01-15.06.35:084][  0]LogTargetPlatformManager: Display: Loaded TargetPlatform 'Android_ASTCClient'
[2022.06.01-15.06.35:084][  0]LogTargetPlatformManager: Display: Loaded TargetPlatform 'Android_DXTClient'
[2022.06.01-15.06.35:084][  0]LogTargetPlatformManager: Display: Loaded TargetPlatform 'Android_ETC2Client'
[2022.06.01-15.06.35:084][  0]LogTargetPlatformManager: Display: Loaded TargetPlatform 'Android_Multi'
[2022.06.01-15.06.35:084][  0]LogTargetPlatformManager: Display: Loaded TargetPlatform 'Android_MultiClient'
[2022.06.01-15.06.35:100][  0]LogTargetPlatformManager: Display: Loaded TargetPlatform 'IOSClient'
[2022.06.01-15.06.35:100][  0]LogTargetPlatformManager: Display: Loaded TargetPlatform 'IOS'
[2022.06.01-15.06.35:109][  0]LogTargetPlatformManager: Display: Loaded TargetPlatform 'Linux'
[2022.06.01-15.06.35:113][  0]LogTargetPlatformManager: Display: Loaded TargetPlatform 'LinuxNoEditor'
[2022.06.01-15.06.35:117][  0]LogTargetPlatformManager: Display: Loaded TargetPlatform 'LinuxClient'
[2022.06.01-15.06.35:121][  0]LogTargetPlatformManager: Display: Loaded TargetPlatform 'LinuxServer'
[2022.06.01-15.06.35:131][  0]LogTargetPlatformManager: Display: Loaded TargetPlatform 'LinuxAArch64NoEditor'
[2022.06.01-15.06.35:137][  0]LogTargetPlatformManager: Display: Loaded TargetPlatform 'LinuxAArch64Client'
[2022.06.01-15.06.35:142][  0]LogTargetPlatformManager: Display: Loaded TargetPlatform 'LinuxAArch64Server'
[2022.06.01-15.06.35:162][  0]LogTargetPlatformManager: Display: Loaded TargetPlatform 'Lumin'
[2022.06.01-15.06.35:162][  0]LogTargetPlatformManager: Display: Loaded TargetPlatform 'LuminClient'
[2022.06.01-15.06.35:171][  0]LogTargetPlatformManager: Display: Loaded TargetPlatform 'MacNoEditor'
[2022.06.01-15.06.35:178][  0]LogTargetPlatformManager: Display: Loaded TargetPlatform 'Mac'
[2022.06.01-15.06.35:183][  0]LogTargetPlatformManager: Display: Loaded TargetPlatform 'MacClient'
[2022.06.01-15.06.35:187][  0]LogTargetPlatformManager: Display: Loaded TargetPlatform 'MacServer'
[2022.06.01-15.06.35:195][  0]LogTargetPlatformManager: Display: Loaded TargetPlatform 'TVOSClient'
[2022.06.01-15.06.35:195][  0]LogTargetPlatformManager: Display: Loaded TargetPlatform 'TVOS'
[2022.06.01-15.06.35:204][  0]LogTargetPlatformManager: Display: Loaded TargetPlatform 'WindowsNoEditor'
[2022.06.01-15.06.35:210][  0]LogTargetPlatformManager: Display: Loaded TargetPlatform 'Windows'
[2022.06.01-15.06.35:214][  0]LogTargetPlatformManager: Display: Loaded TargetPlatform 'WindowsClient'
[2022.06.01-15.06.35:221][  0]LogTargetPlatformManager: Display: Loaded TargetPlatform 'WindowsServer'
[2022.06.01-15.06.35:221][  0]LogTargetPlatformManager: Display: Building Assets For Windows
[2022.06.01-15.06.35:235][  0]LogAudioDebug: Display: Lib vorbis DLL was dynamically loaded.
[2022.06.01-15.06.35:296][  0]LogTextureFormatOodle: Display: Oodle Texture 2.9.0 init RDO Off
[2022.06.01-15.06.35:370][  0]LogRendererCore: Ray tracing is disabled. Reason: r.RayTracing=0.
[2022.06.01-15.06.35:370][  0]LogShaderCompilers: Guid format shader working directory is 13 characters bigger than the processId version (F:/UE4/JV2B_Projet_Semestriel_4/Intermediate/Shaders/WorkingDirectory/21584/).
[2022.06.01-15.06.35:370][  0]LogShaderCompilers: Cleaned the shader compiler working directory 'C:/Users/game/AppData/Local/Temp/UnrealShaderWorkingDir/C6824A384C7F9DC55BFC2494F53E3681/'.
[2022.06.01-15.06.35:370][  0]LogXGEController: Cannot use XGE Controller as Incredibuild is not installed on this machine.
[2022.06.01-15.06.35:370][  0]LogShaderCompilers: Cannot use XGE Shader Compiler as Incredibuild is not installed on this machine.
[2022.06.01-15.06.35:370][  0]LogShaderCompilers: Display: Using Local Shader Compiler.
[2022.06.01-15.06.36:003][  0]LogDerivedDataCache: Display: Max Cache Size: 512 MB
[2022.06.01-15.06.36:141][  0]LogDerivedDataCache: Loaded boot cache 0.14s 94MB C:/Users/game/AppData/Local/UnrealEngine/4.27/DerivedDataCache/Boot.ddc.
[2022.06.01-15.06.36:141][  0]LogDerivedDataCache: Display: Loaded Boot cache: C:/Users/game/AppData/Local/UnrealEngine/4.27/DerivedDataCache/Boot.ddc
[2022.06.01-15.06.36:141][  0]LogDerivedDataCache: FDerivedDataBackendGraph:  Pak pak cache file F:/UE4/JV2B_Projet_Semestriel_4/DerivedDataCache/DDC.ddp not found, will not use a pak cache.
[2022.06.01-15.06.36:141][  0]LogDerivedDataCache: Unable to find inner node Pak for hierarchical cache Hierarchy.
[2022.06.01-15.06.36:141][  0]LogDerivedDataCache: FDerivedDataBackendGraph:  CompressedPak pak cache file F:/UE4/JV2B_Projet_Semestriel_4/DerivedDataCache/Compressed.ddp not found, will not use a pak cache.
[2022.06.01-15.06.36:141][  0]LogDerivedDataCache: Unable to find inner node CompressedPak for hierarchical cache Hierarchy.
[2022.06.01-15.06.36:158][  0]LogDerivedDataCache: Display: Pak cache opened for reading ../../../Engine/DerivedDataCache/Compressed.ddp.
[2022.06.01-15.06.36:158][  0]LogDerivedDataCache: FDerivedDataBackendGraph:  EnterprisePak pak cache file ../../../Enterprise/DerivedDataCache/Compressed.ddp not found, will not use a pak cache.
[2022.06.01-15.06.36:158][  0]LogDerivedDataCache: Unable to find inner node EnterprisePak for hierarchical cache Hierarchy.
[2022.06.01-15.06.36:184][  0]LogDerivedDataCache: Speed tests for C:/Users/game/AppData/Local/UnrealEngine/Common/DerivedDataCache took 0.03 seconds
[2022.06.01-15.06.36:184][  0]LogDerivedDataCache: Display: Performance to C:/Users/game/AppData/Local/UnrealEngine/Common/DerivedDataCache: Latency=0.19ms. RandomReadSpeed=131.62MBs, RandomWriteSpeed=56.19MBs. Assigned SpeedClass 'Local'
[2022.06.01-15.06.36:184][  0]LogDerivedDataCache: Using Local data cache path C:/Users/game/AppData/Local/UnrealEngine/Common/DerivedDataCache: Writable
[2022.06.01-15.06.36:184][  0]LogDerivedDataCache: Shared data cache path not found in *engine.ini, will not use an Shared cache.
[2022.06.01-15.06.36:184][  0]LogDerivedDataCache: Unable to find inner node Shared for hierarchical cache Hierarchy.
[2022.06.01-15.06.36:223][  0]LogSlate: Using FreeType 2.10.0
[2022.06.01-15.06.36:225][  0]LogSlate: SlateFontServices - WITH_FREETYPE: 1, WITH_HARFBUZZ: 1
[2022.06.01-15.06.36:257][  0]LogAssetRegistry: FAssetRegistry took 0.0023 seconds to start up
[2022.06.01-15.06.36:493][  0]LogInit: Selected Device Profile: [Windows]
[2022.06.01-15.06.36:493][  0]LogInit: Active device profile: [00000228D71D1300][00000228D4D0DBC0 49] Windows
[2022.06.01-15.06.36:493][  0]LogInit: Profiles: [00000228D71D1300][00000228D4D0DBC0 49] Windows, [00000228D717F300][00000228D4D141C0 49] WindowsNoEditor, [00000228D71D2400][00000228D4D18340 49] WindowsServer, [00000228D717DF00][00000228D4D1C4C0 49] WindowsClient, [00000228D71D3300][00000228D4D10600 49] IOS, [00000228D717D200][00000228D4D20740 49] iPadAir, [00000228D71D3E00][00000228D4D24880 49] iPadAir2, [00000228D8132100][00000228D70D8B00 49] IPadPro, [00000228D8132200][00000228D4D28B40 49] iPadAir3, [00000228D717DB00][00000228D70DCCC0 49] iPadAir4, [00000228D8133100][00000228D70E0E40 49] iPadMini2, [00000228D717F600][00000228D70E4FC0 49] iPadMini3, [00000228D8133D00][00000228D70E9140 49] iPadMini4, [00000228D717E700][00000228D70ED2C0 49] iPadMini5, [00000228D7181A00][00000228D70F5580 49] iPhone6, [00000228D7181B00][00000228D70F15C0 49] iPodTouch6, [00000228D71D2F00][00000228D70FD880 49] iPhone7, [00000228D71D3000][00000228D70F98C0 49] iPodTouch7, [00000228D8131C00][00000228D7101A40 49] iPhone5S, [00000228D71D1100][00000228D7105BC0 49] iPhone6Plus, [00000228D8131800][00000228D71081C0 49] iPhone6S, [00000228D71D0400][00000228D710C340 49] iPhone6SPlus, [00000228D8130E00][00000228D71104C0 49] iPhone7Plus, [00000228D71D1700][00000228D7114640 49] iPhoneSE, [00000228D8130A00][00000228D4D2C780 49] iPhone8, [00000228D71D0800][00000228D71188C0 49] iPhone8Plus, [00000228D8131A00][00000228D711CA00 49] iPhoneX, [00000228D71D3D00][00000228D7120B40 49] iPhoneXS, [00000228D7180200][00000228D7128CC0 49] iPhoneXSMax, [00000228D8130D00][00000228D712CE40 49] iPhoneXR, [00000228D7180C00][00000228D7130FC0 49] iPhone11, [00000228D8132E00][00000228D7135140 49] iPhone11Pro, [00000228D7181500][00000228D71392C0 49] iPhone11ProMax, [00000228D8133A00][00000228D713D440 49] iPhoneSE2, [00000228D7180400][00000228BACC75C0 49] iPhone12Mini, [00000228D8131200][00000228BACCB740 49] iPhone12, [00000228D7183C00][00000228BACCF8C0 49] iPhone12Pro, [00000228D8132000][00000228BACD3A40 49] iPhone12ProMax, [00000228D7182C00][00000228BACD7BC0 49] iPadPro105, [00000228D71D2100][00000228BACDA1C0 49] iPadPro129, [00000228D7181100][00000228BACDE340 49] iPadPro97, [00000228D71D1000][00000228BACE24C0 49] iPadPro2_129, [00000228D7180D00][00000228BACE6640 49] iPad5, [00000228D71D1D00][00000228BACEA7C0 49] iPad6, [00000228D7180600][00000228BACEE940 49] iPad7, [00000228D71D2E00][00000228D7124A80 49] iPad8, [00000228D7183000][00000228BACF2BC0 49] iPadPro11, [00000228D71D1B00][00000228D8150D00 49] iPadPro2_11, [00000228D7180A00][00000228D8158E80 49] iPadPro3_129, [00000228D71D0500][00000228D815D000 49] iPadPro4_129, [00000228D7182D00][00000228D8161180 49] AppleTV, [00000228D71D0700][00000228D8165300 49] AppleTV4K, [00000228D7182600][00000228D8169480 49] TVOS, [00000228D71D3100][00000228D816D600 49] Mac, [00000228D7183600][00000228D8171780 49] MacClient, [00000228D71D3900][00000228D8175900 49] MacNoEditor, [00000228D7183F00][00000228D8179A80 49] MacServer, [00000228D71D0E00][00000228D817DC00 49] Linux, [00000228D7181C00][00000228D8180200 49] LinuxAArch64, [00000228D71D3700][00000228D8184380 49] LinuxNoEditor, [00000228D7182400][00000228D8188500 49] LinuxAArch64NoEditor, [00000228D71D0F00][00000228D818C680 49] LinuxClient, [00000228D7181300][00000228D8190800 49] LinuxAArch64Client, [00000228D71D3500][00000228D8194980 49] LinuxServer, [00000228D7181200][00000228D8198B00 49] LinuxAArch64Server, [00000228D71D2500][00000228D8154C40 49] Android, [00000228D7181900][00000228D819CD80 49] Android_Low, [00000228D71D0D00][00000228D81A0EC0 49] Android_Mid, [00000228D7182E00][00000228D81A9040 49] Android_High, [00000228D71D2000][00000228D81AD1C0 49] Android_Default, [00000228D7182800][00000228D81B1340 49] Android_Adreno4xx, [00000228D71D3C00][00000228D81B54C0 49] Android_Adreno5xx_Low, [00000228D7182F00][00000228D81B9640 49] Android_Adreno5xx, [00000228D71D3F00][00000228D81BD7C0 49] Android_Adreno6xx, [00000228D7183200][00000228D81C1940 49] Android_Adreno6xx_Vulkan, [00000228D71D2700][00000228D81C5AC0 49] Android_Mali_T6xx, [00000228D7180E00][00000228D81C80C0 49] Android_Mali_T7xx, [00000228D71D2200][00000228D81CC240 49] Android_Mali_T8xx, [00000228D7181600][00000228D81D03C0 49] Android_Mali_G71, [00000228D71D0C00][00000228D81D4540 49] Android_Mali_G72, [00000228D7181F00][00000228D81D86C0 49] Android_Mali_G72_Vulkan, [00000228D71D3400][00000228D81DC840 49] Android_Mali_G76, [00000228D7183700][00000228D81E09C0 49] Android_Mali_G76_Vulkan, [00000228D71D0A00][00000228D81E4B40 49] Android_Mali_G77, [00000228D7180900][00000228D81E8CC0 49] Android_Mali_G77_Vulkan, [00000228D71D2D00][00000228D81A4E00 49] Android_Mali_G78, [00000228D7183D00][00000228D81ECF40 49] Android_Mali_G78_Vulkan, [00000228D717EA00][00000228D81F1080 49] Android_Mali_G710, [00000228D8132F00][00000228D81F51C0 49] Android_Mali_G710_Vulkan, [00000228D717FF00][00000228D81FD340 49] Android_Vulkan_SM5, [00000228D8132A00][00000228D82014C0 49] Android_PowerVR_G6xxx, [00000228D717C400][00000228D8205640 49] Android_PowerVR_GT7xxx, [00000228D8132700][00000228D82497C0 49] Android_PowerVR_GE8xxx, [00000228D717C600][00000228D824D940 49] Android_PowerVR_GM9xxx, [00000228D8132800][00000228D82A1AC0 49] Android_PowerVR_GM9xxx_Vulkan, [00000228D717D700][00000228D498E0C0 49] Android_TegraK1, [00000228D8133400][00000228D3864240 49] Android_Unknown_Vulkan, [00000228D717C700][00000228D38683C0 49] Lumin, [00000228D8132D00][00000228D386C540 49] Lumin_Desktop, [00000228D717E300][00000228D38706C0 49] HoloLens, 
[2022.06.01-15.06.36:783][  0]LogMeshReduction: Using QuadricMeshReduction for automatic static mesh reduction
[2022.06.01-15.06.36:783][  0]LogMeshReduction: Using SimplygonMeshReduction for automatic skeletal mesh reduction
[2022.06.01-15.06.36:783][  0]LogMeshReduction: Using ProxyLODMeshReduction for automatic mesh merging
[2022.06.01-15.06.36:783][  0]LogMeshReduction: No distributed automatic mesh merging module available
[2022.06.01-15.06.36:783][  0]LogMeshMerging: No distributed automatic mesh merging module available
[2022.06.01-15.06.36:810][  0]LogNetVersion: Projet_Semestriel_4 1.0.0, NetCL: 17155196, EngineNetVer: 17, GameNetVer: 0 (Checksum: 2890209269)
[2022.06.01-15.06.37:414][  0]LogTexture: Default maximum texture size for cubemaps generated from long-lat sources has been changed from 512 to unlimited. In order to preserve old behaiour for '/Engine/MapTemplates/Sky/DaylightAmbientCubemap.DaylightAmbientCubemap', its maximum texture size has been explicitly set to 512.
[2022.06.01-15.06.37:494][  0]LogHMD: PokeAHoleMaterial loaded successfully
[2022.06.01-15.06.37:499][  0]LogUObjectArray: 17178 objects as part of root set at end of initial load.
[2022.06.01-15.06.37:499][  0]LogUObjectAllocator: 4302048 out of 0 bytes used by permanent object pool.
[2022.06.01-15.06.37:499][  0]LogUObjectArray: CloseDisregardForGC: 0/0 objects in disregard for GC pool
[2022.06.01-15.06.38:014][  0]LogNiagaraDebuggerClient: Niagara Debugger Client Initialized | Session: AF4984C843F36F7BB6FF8FBA6CAF6645 | Instance: 7D4CDF9D42D00D3FA7A201AB5E5785BD (RNSS21205-21584).
[2022.06.01-15.06.38:229][  0]LogTcpMessaging: Initializing TcpMessaging bridge
[2022.06.01-15.06.38:235][  0]LogUdpMessaging: Initializing bridge on interface 0.0.0.0:0 to multicast group 230.0.0.1:6666.
[2022.06.01-15.06.38:323][  0]LogPython: Using Python 3.7.7
[2022.06.01-15.06.39:376][  0]SourceControl: Source control is disabled
[2022.06.01-15.06.39:376][  0]SourceControl: Source control is disabled
[2022.06.01-15.06.39:390][  0]SourceControl: Source control is disabled
[2022.06.01-15.06.39:395][  0]SourceControl: Source control is disabled
[2022.06.01-15.06.39:407][  0]SourceControl: Source control is disabled
[2022.06.01-15.06.39:414][  0]LogUProjectInfo: Found projects:
[2022.06.01-15.06.39:730][  0]LogAndroidPermission: UAndroidPermissionCallbackProxy::GetInstance
[2022.06.01-15.06.39:757][  0]LogAudioCaptureCore: Display: No Audio Capture implementations found. Audio input will be silent.
[2022.06.01-15.06.39:757][  0]LogAudioCaptureCore: Display: No Audio Capture implementations found. Audio input will be silent.
[2022.06.01-15.06.39:969][  0]LogOpenImageDenoise: OIDN starting up
[2022.06.01-15.06.39:984][  0]LogCollectionManager: Loaded 0 collections in 0.002151 seconds
[2022.06.01-15.06.40:014][  0]LogFileCache: Scanning file cache for directory 'F:/UE4/JV2B_Projet_Semestriel_4/Saved/Collections/' took 0.00s
[2022.06.01-15.06.40:014][  0]LogFileCache: Scanning file cache for directory 'F:/UE4/JV2B_Projet_Semestriel_4/Content/Developers/game/Collections/' took 0.00s
[2022.06.01-15.06.40:014][  0]LogFileCache: Scanning file cache for directory 'F:/UE4/JV2B_Projet_Semestriel_4/Content/Collections/' took 0.00s
[2022.06.01-15.06.40:014][  0]LogOcInput: OculusInput pre-init called
[2022.06.01-15.06.40:254][  0]LogEngine: Initializing Engine...
[2022.06.01-15.06.40:263][  0]LogHMD: Failed to enumerate extensions. Please check that you have a valid OpenXR runtime installed.
[2022.06.01-15.06.40:263][  0]LogHMD: Failed to initialize OpenVR with code 110
[2022.06.01-15.06.40:263][  0]LogMagicLeap: Warning: VR disabled because ZI is not enabled.  To enable, in the editor, Edit -> Project Settings -> Plugins -> Magic Leap Plugin -> Enable Zero Iteration
[2022.06.01-15.06.40:265][  0]LogStats: UGameplayTagsManager::InitializeManager -  0.001 s
[2022.06.01-15.06.40:423][  0]LogInit: Initializing FReadOnlyCVARCache
[2022.06.01-15.06.40:436][  0]LogAIModule: Creating AISystem for world Untitled
[2022.06.01-15.06.40:436][  0]LogAudio: Display: Initializing Audio Device Manager...
[2022.06.01-15.06.40:440][  0]LogAudio: Display: Loading Default Audio Settings Objects...
[2022.06.01-15.06.40:440][  0]LogAudio: Display: No default SoundConcurrencyObject specified (or failed to load).
[2022.06.01-15.06.40:441][  0]LogAudio: Display: Audio Device Manager Initialized
[2022.06.01-15.06.40:441][  0]LogAudio: Display: Creating Audio Device:                 Id: 1, Scope: Shared, Realtime: True
[2022.06.01-15.06.40:441][  0]LogAudioMixer: Display: Audio Mixer Platform Settings:
[2022.06.01-15.06.40:441][  0]LogAudioMixer: Display: 	Sample Rate:						  48000
[2022.06.01-15.06.40:441][  0]LogAudioMixer: Display: 	Callback Buffer Frame Size Requested: 1024
[2022.06.01-15.06.40:441][  0]LogAudioMixer: Display: 	Callback Buffer Frame Size To Use:	  1024
[2022.06.01-15.06.40:441][  0]LogAudioMixer: Display: 	Number of buffers to queue:			  2
[2022.06.01-15.06.40:441][  0]LogAudioMixer: Display: 	Max Channels (voices):				  32
[2022.06.01-15.06.40:441][  0]LogAudioMixer: Display: 	Number of Async Source Workers:		  0
[2022.06.01-15.06.40:441][  0]LogAudio: Display: AudioDevice MaxSources: 32
[2022.06.01-15.06.40:443][  0]LogAudio: Display: Audio Spatialization Plugin: None (built-in).
[2022.06.01-15.06.40:443][  0]LogAudio: Display: Audio Reverb Plugin: None (built-in).
[2022.06.01-15.06.40:443][  0]LogAudio: Display: Audio Occlusion Plugin: None (built-in).
[2022.06.01-15.06.40:443][  0]LogAudioMixer: Display: Initializing audio mixer.
[2022.06.01-15.06.40:462][  0]LogAudioMixer: Display: 0: FrontLeft
[2022.06.01-15.06.40:462][  0]LogAudioMixer: Display: 1: FrontRight
[2022.06.01-15.06.40:537][  0]LogAudioMixer: Display: Using Audio Device LG HDR WFHD (NVIDIA High Definition Audio)
[2022.06.01-15.06.40:538][  0]LogAudioMixer: Display: Initializing Sound Submixes...
[2022.06.01-15.06.40:541][  0]LogAudioMixer: Display: Creating Master Submix 'MasterSubmixDefault'
[2022.06.01-15.06.40:541][  0]LogAudioMixer: Display: Creating Master Submix 'MasterReverbSubmixDefault'
[2022.06.01-15.06.40:542][  0]LogAudioMixer: Display: Creating Master Submix 'MasterEQSubmixDefault'
[2022.06.01-15.06.40:542][  0]LogAudioMixer: FMixerPlatformXAudio2::StartAudioStream() called
[2022.06.01-15.06.40:542][  0]LogAudioMixer: Display: Output buffers initialized: Frames=1024, Channels=2, Samples=2048
[2022.06.01-15.06.40:543][  0]LogAudioMixer: Display: Starting AudioMixerPlatformInterface::RunInternal()
[2022.06.01-15.06.40:543][  0]LogAudioMixer: Display: FMixerPlatformXAudio2::SubmitBuffer() called for the first time
[2022.06.01-15.06.40:543][  0]LogInit: FAudioDevice initialized.
[2022.06.01-15.06.40:543][  0]LogAudio: Display: Audio Device (ID: 1) registered with world 'Untitled'.
[2022.06.01-15.06.40:543][  0]LogNetVersion: Set ProjectVersion to 1.0.0.0. Version Checksum will be recalculated on next use.
[2022.06.01-15.06.40:662][  0]LogDerivedDataCache: Saved boot cache 0.12s 94MB C:/Users/game/AppData/Local/UnrealEngine/4.27/DerivedDataCache/Boot.ddc.
[2022.06.01-15.06.40:664][  0]LogInit: Texture streaming: Enabled
[2022.06.01-15.06.40:677][  0]LogAnalytics: Display: [UEEditor.Rocket.Release] APIServer = https://datarouter.ol.epicgames.com/. AppVersion = 4.27.2-18319896+++UE4+Release-4.27
[2022.06.01-15.06.40:681][  0]LogEngineSessionManager: EngineSessionManager initialized
[2022.06.01-15.06.40:681][  0]LogEditorSessionSummary: Verbose: Initializing EditorSessionSummaryWriter for editor session tracking
[2022.06.01-15.06.40:685][  0]LogEditorSessionSummary: EditorSessionSummaryWriter initialized
[2022.06.01-15.06.40:726][  0]LogInit: Transaction tracking system initialized
[2022.06.01-15.06.40:756][  0]BlueprintLog: New page: Editor Load
[2022.06.01-15.06.40:839][  0]LocalizationService: Localization service is disabled
[2022.06.01-15.06.40:874][  0]TimingProfiler: Initialize
[2022.06.01-15.06.40:874][  0]TimingProfiler: OnSessionChanged
[2022.06.01-15.06.40:874][  0]LoadingProfiler: Initialize
[2022.06.01-15.06.40:874][  0]LoadingProfiler: OnSessionChanged
[2022.06.01-15.06.40:874][  0]NetworkingProfiler: Initialize
[2022.06.01-15.06.40:875][  0]NetworkingProfiler: OnSessionChanged
[2022.06.01-15.06.40:875][  0]MemoryProfiler: Initialize
[2022.06.01-15.06.40:875][  0]MemoryProfiler: OnSessionChanged
[2022.06.01-15.06.41:055][  0]LogCook: Display: CookSettings for Memory: MemoryMaxUsedVirtual 0MiB, MemoryMaxUsedPhysical 16384MiB, MemoryMinFreeVirtual 0MiB, MemoryMinFreePhysical 1024MiB
[2022.06.01-15.06.41:055][  0]LogCook: Display: Mobile HDR setting 1
[2022.06.01-15.06.41:288][  0]LogFileCache: Scanning file cache for directory 'F:/UE4/JV2B_Projet_Semestriel_4/Content/' took 0.01s
[2022.06.01-15.06.41:448][  0]LogInit: Display: Engine is initialized. Leaving FEngineLoop::Init()
[2022.06.01-15.06.41:452][  0]SourceControl: Source control is disabled
[2022.06.01-15.06.41:452][  0]LogUnrealEdMisc: Loading editor; pre map load, took 11.393
[2022.06.01-15.06.41:452][  0]Cmd: MAP LOAD FILE="F:/UE4/JV2B_Projet_Semestriel_4/Content/FirstPersonBP/Menu/Maps/Map_Menu.umap" TEMPLATE=0 SHOWPROGRESS=1 FEATURELEVEL=3
[2022.06.01-15.06.41:465][  0]LightingResults: New page: Lighting Build
[2022.06.01-15.06.41:468][  0]LogWorld: UWorld::CleanupWorld for Untitled, bSessionEnded=true, bCleanupResources=true
[2022.06.01-15.06.41:469][  0]LogSlate: InvalidateAllWidgets triggered.  All widgets were invalidated
[2022.06.01-15.06.41:469][  0]MapCheck: New page: Map Check
[2022.06.01-15.06.41:469][  0]LightingResults: New page: Lighting Build
[2022.06.01-15.06.41:481][  0]LogAudio: Display: Audio Device unregistered from world 'None'.
[2022.06.01-15.06.41:485][  0]LogUObjectHash: Compacting FUObjectHashTables data took   1.35ms
[2022.06.01-15.06.41:588][  0]LogLinker: Warning: [AssetLog] F:\UE4\JV2B_Projet_Semestriel_4\Content\FirstPersonBP\Blueprints\Widget\BP_CameraManager.uasset: Failed to load '/Game/FirstPersonBP/Blueprints/Light/SpotLight_Blueprint': Can't find file.
[2022.06.01-15.06.41:589][  0]LogLinker: Warning: [AssetLog] F:\UE4\JV2B_Projet_Semestriel_4\Content\FirstPersonBP\Blueprints\Widget\BP_CameraManager.uasset: Failed to load '/Game/FirstPersonBP/Blueprints/Light/SpotLight_Blueprint': Can't find file.
[2022.06.01-15.06.41:590][  0]LogLinker: Warning: [AssetLog] F:\UE4\JV2B_Projet_Semestriel_4\Content\FirstPersonBP\Blueprints\Widget\BP_CameraManager.uasset: Failed to load '/Game/FirstPersonBP/Blueprints/Light/SpotLight_Blueprint': Can't find file.
[2022.06.01-15.06.41:598][  0]LogLinker: Warning: [AssetLog] F:\UE4\JV2B_Projet_Semestriel_4\Content\FirstPersonBP\AI\BB_MyBlackBoard.uasset: Failed to load '/Game/FirstPersonBP/Blueprints/Light/SpotLight_Blueprint': Can't find file.
[2022.06.01-15.06.41:598][  0]LogLinker: Warning: [AssetLog] F:\UE4\JV2B_Projet_Semestriel_4\Content\FirstPersonBP\AI\BB_MyBlackBoard.uasset: Failed to load '/Game/FirstPersonBP/Blueprints/Light/SpotLight_Blueprint': Can't find file.
[2022.06.01-15.06.41:599][  0]LogLinker: Warning: [AssetLog] F:\UE4\JV2B_Projet_Semestriel_4\Content\FirstPersonBP\AI\BB_MyBlackBoard.uasset: Failed to load '/Game/FirstPersonBP/Blueprints/Light/SpotLight_Blueprint': Can't find file.
[2022.06.01-15.06.41:599][  0]LogLinker: Warning: [AssetLog] F:\UE4\JV2B_Projet_Semestriel_4\Content\FirstPersonBP\AI\BB_MyBlackBoard.uasset: Failed to load '/Game/FirstPersonBP/Blueprints/Light/SpotLight_Blueprint': Can't find file.
[2022.06.01-15.06.41:599][  0]LoadErrors: Failed to load /Game/FirstPersonBP/Blueprints/Light/SpotLight_Blueprint.SpotLight_Blueprint_C Referenced by BP_CameraManager
[2022.06.01-15.06.41:611][  0]LogLinker: Warning: [AssetLog] F:\UE4\JV2B_Projet_Semestriel_4\Content\FirstPersonBP\AI\placeholder_monstre.uasset: Failed to load '/Game/FirstPersonBP/AI/placeholder_monstre_PhysicsAsset': Can't find file.
[2022.06.01-15.06.41:611][  0]LoadErrors: Failed to load /Game/FirstPersonBP/AI/placeholder_monstre.placeholder_monstre Referenced by CharacterMesh0
[2022.06.01-15.06.41:611][  0]LogLinker: Warning: [AssetLog] F:\UE4\JV2B_Projet_Semestriel_4\Content\FirstPersonBP\AI\placeholder_monstre.uasset: Failed to load '/Game/FirstPersonBP/AI/placeholder_monstre_PhysicsAsset': Can't find file.
[2022.06.01-15.06.41:611][  0]LoadErrors: Failed to load /Game/FirstPersonBP/AI/placeholder_monstre.placeholder_monstre Referenced by CharacterMesh0
[2022.06.01-15.06.41:612][  0]LogLinker: Warning: [AssetLog] F:\UE4\JV2B_Projet_Semestriel_4\Content\FirstPersonBP\AI\placeholder_monstre.uasset: Failed to load '/Game/FirstPersonBP/AI/placeholder_monstre_PhysicsAsset': Can't find file.
[2022.06.01-15.06.41:612][  0]LoadErrors: Failed to load /Game/FirstPersonBP/AI/placeholder_monstre.placeholder_monstre Referenced by CharacterMesh0
[2022.06.01-15.06.41:691][  0]LogLinker: Warning: [AssetLog] F:\UE4\JV2B_Projet_Semestriel_4\Content\FirstPersonBP\AI\Materials\Material__16.uasset: Failed to load '/Game/FirstPersonBP/AI/textures/vdbhdhh_2K_Normal': Can't find file.
[2022.06.01-15.06.41:691][  0]LoadErrors: Failed to load /Game/FirstPersonBP/AI/FBX/eyeball_animated_01.eyeball_animated_01 Referenced by SkeletalMesh_GEN_VARIABLE
[2022.06.01-15.06.41:692][  0]LogLinker: Warning: [AssetLog] F:\UE4\JV2B_Projet_Semestriel_4\Content\FirstPersonBP\AI\Materials\Material__16.uasset: Failed to load '/Game/FirstPersonBP/AI/textures/vdbhdhh_2K_Normal': Can't find file.
[2022.06.01-15.06.41:692][  0]LoadErrors: Failed to load /Game/FirstPersonBP/AI/FBX/eyeball_animated_01.eyeball_animated_01 Referenced by SkeletalMesh_GEN_VARIABLE
[2022.06.01-15.06.41:693][  0]LogLinker: Warning: [AssetLog] F:\UE4\JV2B_Projet_Semestriel_4\Content\FirstPersonBP\AI\Materials\Material__16.uasset: Failed to load '/Game/FirstPersonBP/AI/textures/vdbhdhh_2K_Normal': Can't find file.
[2022.06.01-15.06.41:693][  0]LoadErrors: Failed to load /Game/FirstPersonBP/AI/FBX/eyeball_animated_01.eyeball_animated_01 Referenced by SkeletalMesh_GEN_VARIABLE
[2022.06.01-15.06.41:964][  0]LogLinker: Warning: [AssetLog] F:\UE4\JV2B_Projet_Semestriel_4\Content\FirstPersonBP\AI\Materials\Material__16.uasset: Failed to load '/Game/FirstPersonBP/AI/textures/vdbhdhh_2K_Normal': Can't find file.
[2022.06.01-15.06.41:964][  0]LoadErrors: Failed to load /Game/FirstPersonBP/AI/textures/vdbhdhh_2K_Normal.vdbhdhh_2K_Normal Referenced by Material__16
[2022.06.01-15.06.41:964][  0]LogLinker: Warning: [AssetLog] F:\UE4\JV2B_Projet_Semestriel_4\Content\FirstPersonBP\AI\Materials\Material__16.uasset: Failed to load '/Game/FirstPersonBP/AI/textures/vdbhdhh_2K_Normal': Can't find file.
[2022.06.01-15.06.41:964][  0]LoadErrors: Failed to load /Game/FirstPersonBP/AI/textures/vdbhdhh_2K_Normal.vdbhdhh_2K_Normal Referenced by MaterialExpressionTextureSample_3
[2022.06.01-15.06.42:035][  0]LogLinker: Warning: [AssetLog] F:\UE4\JV2B_Projet_Semestriel_4\Content\FirstPersonBP\AI\placeholder_monstre.uasset: Failed to load '/Game/FirstPersonBP/AI/placeholder_monstre_PhysicsAsset': Can't find file.
[2022.06.01-15.06.42:035][  0]LoadErrors: Failed to load /Game/FirstPersonBP/AI/placeholder_monstre_PhysicsAsset.placeholder_monstre_PhysicsAsset Referenced by placeholder_monstre
[2022.06.01-15.06.42:075][  0]LogMaterial: Display: Missing cached shadermap for Material__16 in PCD3D_SM5, Default, SM5 (DDC key hash: 0D039F32055A4C8EE35AEF89407974842A61A818), compiling. 
[2022.06.01-15.06.42:076][  0]LogMaterial: Warning: [AssetLog] F:\UE4\JV2B_Projet_Semestriel_4\Content\FirstPersonBP\AI\Materials\Material__16.uasset: Failed to compile Material for platform PCD3D_SM5, Default Material will be used in game.
[2022.06.01-15.06.42:076][  0]LogMaterial: Display: 	(Node TextureSample) Texture Sample> Missing input texture
[2022.06.01-15.06.42:262][  0]LogAudio: Display: Audio Device (ID: 1) registered with world 'Map_Menu'.
[2022.06.01-15.06.42:263][  0]LogAIModule: Creating AISystem for world Map_Menu
[2022.06.01-15.06.42:265][  0]LogEditorServer: Finished looking for orphan Actors (0.000 secs)
[2022.06.01-15.06.42:273][  0]LogUObjectHash: Compacting FUObjectHashTables data took   0.88ms
[2022.06.01-15.06.42:274][  0]Cmd: MAP CHECKDEP NOCLEARLOG
[2022.06.01-15.06.42:275][  0]MapCheck: Map check complete: 0 Error(s), 0 Warning(s), took 0,471ms to complete.
[2022.06.01-15.06.42:275][  0]LogFileHelpers: Loading map 'Map_Menu' took 0.823
[2022.06.01-15.06.42:277][  0]LogUnrealEdMisc: Total Editor Startup Time, took 12.218
[2022.06.01-15.06.42:437][  0]LogSlate: Updating window title bar state: overlay mode, drag disabled, window buttons hidden, title bar hidden
[2022.06.01-15.06.42:443][  0]LogSlate: Updating window title bar state: overlay mode, drag disabled, window buttons hidden, title bar hidden
[2022.06.01-15.06.42:447][  0]LogSlate: Updating window title bar state: overlay mode, drag disabled, window buttons hidden, title bar hidden
[2022.06.01-15.06.42:452][  0]LogSlate: Updating window title bar state: overlay mode, drag disabled, window buttons hidden, title bar hidden
[2022.06.01-15.06.42:856][  0]LogSlate: Took 0.001462 seconds to synchronously load lazily loaded font '../../../Engine/Content/Slate/Fonts/Roboto-Regular.ttf' (155K)
[2022.06.01-15.06.42:861][  0]LogSlate: Took 0.001188 seconds to synchronously load lazily loaded font '../../../Engine/Content/Editor/Slate/Fonts/FontAwesome.ttf' (139K)
[2022.06.01-15.06.42:867][  0]LogSlate: Took 0.002343 seconds to synchronously load lazily loaded font '../../../Engine/Content/Slate/Fonts/Roboto-Bold.ttf' (160K)
[2022.06.01-15.06.42:962][  0]LogRenderer: Reallocating scene render targets to support 1500x924 Format 10 NumSamples 1 (Frame:1).
[2022.06.01-15.06.43:115][  0]LogLoad: (Engine Initialization) Total time: 13.06 seconds
[2022.06.01-15.06.43:115][  0]LogLoad: (Engine Initialization) Total Blueprint compile time: 0.00 seconds
[2022.06.01-15.06.43:171][  0]LogAssetRegistry: Asset discovery search completed in 6.9146 seconds
[2022.06.01-15.06.43:178][  0]LogCollectionManager: Fixed up redirectors for 0 collections in 0.000002 seconds (updated 0 objects)
[2022.06.01-15.06.43:180][  0]LogContentStreaming: Texture pool size now 1000 MB
[2022.06.01-15.06.43:247][  0]LogSlate: Took 0.000842 seconds to synchronously load lazily loaded font '../../../Engine/Content/Slate/Fonts/DroidSansMono.ttf' (77K)
[2022.06.01-15.06.48:487][ 16]LogFileCache: Retrieving MD5 hashes for directory 'F:/UE4/JV2B_Projet_Semestriel_4/Content/' took 5.35s
